Copyright 1986-2019 Xilinx, Inc. All Rights Reserved.
---------------------------------------------------------------------------------------------------------------------------------------------------------
| Tool Version : Vivado v.2019.2 (win64) Build 2708876 Wed Nov  6 21:40:23 MST 2019
| Date         : Sun Apr 18 18:30:56 2021
| Host         : DESKTOP-OFV538P running 64-bit major release  (build 9200)
| Command      : report_bus_skew -warn_on_violation -file CortexM3_bus_skew_routed.rpt -pb CortexM3_bus_skew_routed.pb -rpx CortexM3_bus_skew_routed.rpx
| Design       : CortexM3
| Device       : 7a100t-fgg484
| Speed File   : -2  PRODUCTION 1.23 2018-06-13
---------------------------------------------------------------------------------------------------------------------------------------------------------

Bus Skew Report

Table of Contents
-----------------
1. Bus Skew Report Summary
2. Bus Skew Report Per Constraint

1. Bus Skew Report Summary
--------------------------

Id  Position  From                            To                              Corner  Requirement(ns)  Actual(ns)  Slack(ns)
--  --------  ------------------------------  ------------------------------  ------  ---------------  ----------  ---------
1   13        [get_cells [list {u_custom_apb_hdmi/u_ov5640_hdmi/u_ddr3_top/u_ddr3_fifo_ctrl/u_rd_fifo/U0/inst_fifo_gen/gconvfifo.rf/grf.rf/gntv_or_sync_fifo.gcx.clkx/rd_pntr_cdc_inst/src_gray_ff_reg[0]} {u_custom_apb_hdmi/u_ov5640_hdmi/u_ddr3_top/u_ddr3_fifo_ctrl/u_rd_fifo/U0/inst_fifo_gen/gconvfifo.rf/grf.rf/gntv_or_sync_fifo.gcx.clkx/rd_pntr_cdc_inst/src_gray_ff_reg[1]} {u_custom_apb_hdmi/u_ov5640_hdmi/u_ddr3_top/u_ddr3_fifo_ctrl/u_rd_fifo/U0/inst_fifo_gen/gconvfifo.rf/grf.rf/gntv_or_sync_fifo.gcx.clkx/rd_pntr_cdc_inst/src_gray_ff_reg[2]} {u_custom_apb_hdmi/u_ov5640_hdmi/u_ddr3_top/u_ddr3_fifo_ctrl/u_rd_fifo/U0/inst_fifo_gen/gconvfifo.rf/grf.rf/gntv_or_sync_fifo.gcx.clkx/rd_pntr_cdc_inst/src_gray_ff_reg[3]} {u_custom_apb_hdmi/u_ov5640_hdmi/u_ddr3_top/u_ddr3_fifo_ctrl/u_rd_fifo/U0/inst_fifo_gen/gconvfifo.rf/grf.rf/gntv_or_sync_fifo.gcx.clkx/rd_pntr_cdc_inst/src_gray_ff_reg[4]} {u_custom_apb_hdmi/u_ov5640_hdmi/u_ddr3_top/u_ddr3_fifo_ctrl/u_rd_fifo/U0/inst_fifo_gen/gconvfifo.rf/grf.rf/gntv_or_sync_fifo.gcx.clkx/rd_pntr_cdc_inst/src_gray_ff_reg[5]} {u_custom_apb_hdmi/u_ov5640_hdmi/u_ddr3_top/u_ddr3_fifo_ctrl/u_rd_fifo/U0/inst_fifo_gen/gconvfifo.rf/grf.rf/gntv_or_sync_fifo.gcx.clkx/rd_pntr_cdc_inst/src_gray_ff_reg[6]} {u_custom_apb_hdmi/u_ov5640_hdmi/u_ddr3_top/u_ddr3_fifo_ctrl/u_rd_fifo/U0/inst_fifo_gen/gconvfifo.rf/grf.rf/gntv_or_sync_fifo.gcx.clkx/rd_pntr_cdc_inst/src_gray_ff_reg[7]} {u_custom_apb_hdmi/u_ov5640_hdmi/u_ddr3_top/u_ddr3_fifo_ctrl/u_rd_fifo/U0/inst_fifo_gen/gconvfifo.rf/grf.rf/gntv_or_sync_fifo.gcx.clkx/rd_pntr_cdc_inst/src_gray_ff_reg[8]}]]
                                              [get_cells [list {u_custom_apb_hdmi/u_ov5640_hdmi/u_ddr3_top/u_ddr3_fifo_ctrl/u_rd_fifo/U0/inst_fifo_gen/gconvfifo.rf/grf.rf/gntv_or_sync_fifo.gcx.clkx/rd_pntr_cdc_inst/dest_graysync_ff_reg[0][0]} {u_custom_apb_hdmi/u_ov5640_hdmi/u_ddr3_top/u_ddr3_fifo_ctrl/u_rd_fifo/U0/inst_fifo_gen/gconvfifo.rf/grf.rf/gntv_or_sync_fifo.gcx.clkx/rd_pntr_cdc_inst/dest_graysync_ff_reg[0][1]} {u_custom_apb_hdmi/u_ov5640_hdmi/u_ddr3_top/u_ddr3_fifo_ctrl/u_rd_fifo/U0/inst_fifo_gen/gconvfifo.rf/grf.rf/gntv_or_sync_fifo.gcx.clkx/rd_pntr_cdc_inst/dest_graysync_ff_reg[0][2]} {u_custom_apb_hdmi/u_ov5640_hdmi/u_ddr3_top/u_ddr3_fifo_ctrl/u_rd_fifo/U0/inst_fifo_gen/gconvfifo.rf/grf.rf/gntv_or_sync_fifo.gcx.clkx/rd_pntr_cdc_inst/dest_graysync_ff_reg[0][3]} {u_custom_apb_hdmi/u_ov5640_hdmi/u_ddr3_top/u_ddr3_fifo_ctrl/u_rd_fifo/U0/inst_fifo_gen/gconvfifo.rf/grf.rf/gntv_or_sync_fifo.gcx.clkx/rd_pntr_cdc_inst/dest_graysync_ff_reg[0][4]} {u_custom_apb_hdmi/u_ov5640_hdmi/u_ddr3_top/u_ddr3_fifo_ctrl/u_rd_fifo/U0/inst_fifo_gen/gconvfifo.rf/grf.rf/gntv_or_sync_fifo.gcx.clkx/rd_pntr_cdc_inst/dest_graysync_ff_reg[0][5]} {u_custom_apb_hdmi/u_ov5640_hdmi/u_ddr3_top/u_ddr3_fifo_ctrl/u_rd_fifo/U0/inst_fifo_gen/gconvfifo.rf/grf.rf/gntv_or_sync_fifo.gcx.clkx/rd_pntr_cdc_inst/dest_graysync_ff_reg[0][6]} {u_custom_apb_hdmi/u_ov5640_hdmi/u_ddr3_top/u_ddr3_fifo_ctrl/u_rd_fifo/U0/inst_fifo_gen/gconvfifo.rf/grf.rf/gntv_or_sync_fifo.gcx.clkx/rd_pntr_cdc_inst/dest_graysync_ff_reg[0][7]} {u_custom_apb_hdmi/u_ov5640_hdmi/u_ddr3_top/u_ddr3_fifo_ctrl/u_rd_fifo/U0/inst_fifo_gen/gconvfifo.rf/grf.rf/gntv_or_sync_fifo.gcx.clkx/rd_pntr_cdc_inst/dest_graysync_ff_reg[0][8]}]]
                                                                              Slow             10.000       0.964      9.036
2   15        [get_cells [list {u_custom_apb_hdmi/u_ov5640_hdmi/u_ddr3_top/u_ddr3_fifo_ctrl/u_wr_fifo/U0/inst_fifo_gen/gconvfifo.rf/grf.rf/gntv_or_sync_fifo.gcx.clkx/wr_pntr_cdc_inst/src_gray_ff_reg[0]} {u_custom_apb_hdmi/u_ov5640_hdmi/u_ddr3_top/u_ddr3_fifo_ctrl/u_wr_fifo/U0/inst_fifo_gen/gconvfifo.rf/grf.rf/gntv_or_sync_fifo.gcx.clkx/wr_pntr_cdc_inst/src_gray_ff_reg[1]} {u_custom_apb_hdmi/u_ov5640_hdmi/u_ddr3_top/u_ddr3_fifo_ctrl/u_wr_fifo/U0/inst_fifo_gen/gconvfifo.rf/grf.rf/gntv_or_sync_fifo.gcx.clkx/wr_pntr_cdc_inst/src_gray_ff_reg[2]} {u_custom_apb_hdmi/u_ov5640_hdmi/u_ddr3_top/u_ddr3_fifo_ctrl/u_wr_fifo/U0/inst_fifo_gen/gconvfifo.rf/grf.rf/gntv_or_sync_fifo.gcx.clkx/wr_pntr_cdc_inst/src_gray_ff_reg[3]} {u_custom_apb_hdmi/u_ov5640_hdmi/u_ddr3_top/u_ddr3_fifo_ctrl/u_wr_fifo/U0/inst_fifo_gen/gconvfifo.rf/grf.rf/gntv_or_sync_fifo.gcx.clkx/wr_pntr_cdc_inst/src_gray_ff_reg[4]} {u_custom_apb_hdmi/u_ov5640_hdmi/u_ddr3_top/u_ddr3_fifo_ctrl/u_wr_fifo/U0/inst_fifo_gen/gconvfifo.rf/grf.rf/gntv_or_sync_fifo.gcx.clkx/wr_pntr_cdc_inst/src_gray_ff_reg[5]} {u_custom_apb_hdmi/u_ov5640_hdmi/u_ddr3_top/u_ddr3_fifo_ctrl/u_wr_fifo/U0/inst_fifo_gen/gconvfifo.rf/grf.rf/gntv_or_sync_fifo.gcx.clkx/wr_pntr_cdc_inst/src_gray_ff_reg[6]} {u_custom_apb_hdmi/u_ov5640_hdmi/u_ddr3_top/u_ddr3_fifo_ctrl/u_wr_fifo/U0/inst_fifo_gen/gconvfifo.rf/grf.rf/gntv_or_sync_fifo.gcx.clkx/wr_pntr_cdc_inst/src_gray_ff_reg[7]} {u_custom_apb_hdmi/u_ov5640_hdmi/u_ddr3_top/u_ddr3_fifo_ctrl/u_wr_fifo/U0/inst_fifo_gen/gconvfifo.rf/grf.rf/gntv_or_sync_fifo.gcx.clkx/wr_pntr_cdc_inst/src_gray_ff_reg[8]}]]
                                              [get_cells [list {u_custom_apb_hdmi/u_ov5640_hdmi/u_ddr3_top/u_ddr3_fifo_ctrl/u_wr_fifo/U0/inst_fifo_gen/gconvfifo.rf/grf.rf/gntv_or_sync_fifo.gcx.clkx/wr_pntr_cdc_inst/dest_graysync_ff_reg[0][0]} {u_custom_apb_hdmi/u_ov5640_hdmi/u_ddr3_top/u_ddr3_fifo_ctrl/u_wr_fifo/U0/inst_fifo_gen/gconvfifo.rf/grf.rf/gntv_or_sync_fifo.gcx.clkx/wr_pntr_cdc_inst/dest_graysync_ff_reg[0][1]} {u_custom_apb_hdmi/u_ov5640_hdmi/u_ddr3_top/u_ddr3_fifo_ctrl/u_wr_fifo/U0/inst_fifo_gen/gconvfifo.rf/grf.rf/gntv_or_sync_fifo.gcx.clkx/wr_pntr_cdc_inst/dest_graysync_ff_reg[0][2]} {u_custom_apb_hdmi/u_ov5640_hdmi/u_ddr3_top/u_ddr3_fifo_ctrl/u_wr_fifo/U0/inst_fifo_gen/gconvfifo.rf/grf.rf/gntv_or_sync_fifo.gcx.clkx/wr_pntr_cdc_inst/dest_graysync_ff_reg[0][3]} {u_custom_apb_hdmi/u_ov5640_hdmi/u_ddr3_top/u_ddr3_fifo_ctrl/u_wr_fifo/U0/inst_fifo_gen/gconvfifo.rf/grf.rf/gntv_or_sync_fifo.gcx.clkx/wr_pntr_cdc_inst/dest_graysync_ff_reg[0][4]} {u_custom_apb_hdmi/u_ov5640_hdmi/u_ddr3_top/u_ddr3_fifo_ctrl/u_wr_fifo/U0/inst_fifo_gen/gconvfifo.rf/grf.rf/gntv_or_sync_fifo.gcx.clkx/wr_pntr_cdc_inst/dest_graysync_ff_reg[0][5]} {u_custom_apb_hdmi/u_ov5640_hdmi/u_ddr3_top/u_ddr3_fifo_ctrl/u_wr_fifo/U0/inst_fifo_gen/gconvfifo.rf/grf.rf/gntv_or_sync_fifo.gcx.clkx/wr_pntr_cdc_inst/dest_graysync_ff_reg[0][6]} {u_custom_apb_hdmi/u_ov5640_hdmi/u_ddr3_top/u_ddr3_fifo_ctrl/u_wr_fifo/U0/inst_fifo_gen/gconvfifo.rf/grf.rf/gntv_or_sync_fifo.gcx.clkx/wr_pntr_cdc_inst/dest_graysync_ff_reg[0][7]} {u_custom_apb_hdmi/u_ov5640_hdmi/u_ddr3_top/u_ddr3_fifo_ctrl/u_wr_fifo/U0/inst_fifo_gen/gconvfifo.rf/grf.rf/gntv_or_sync_fifo.gcx.clkx/wr_pntr_cdc_inst/dest_graysync_ff_reg[0][8]}]]
                                                                              Slow             10.000       1.001      8.999
3   17        [get_cells [list {u_custom_apb_hdmi/u_ov5640_hdmi/u_ddr3_top/u_ddr3_fifo_ctrl/u_wr_fifo/U0/inst_fifo_gen/gconvfifo.rf/grf.rf/gntv_or_sync_fifo.gcx.clkx/rd_pntr_cdc_inst/src_gray_ff_reg[0]} {u_custom_apb_hdmi/u_ov5640_hdmi/u_ddr3_top/u_ddr3_fifo_ctrl/u_wr_fifo/U0/inst_fifo_gen/gconvfifo.rf/grf.rf/gntv_or_sync_fifo.gcx.clkx/rd_pntr_cdc_inst/src_gray_ff_reg[1]} {u_custom_apb_hdmi/u_ov5640_hdmi/u_ddr3_top/u_ddr3_fifo_ctrl/u_wr_fifo/U0/inst_fifo_gen/gconvfifo.rf/grf.rf/gntv_or_sync_fifo.gcx.clkx/rd_pntr_cdc_inst/src_gray_ff_reg[2]} {u_custom_apb_hdmi/u_ov5640_hdmi/u_ddr3_top/u_ddr3_fifo_ctrl/u_wr_fifo/U0/inst_fifo_gen/gconvfifo.rf/grf.rf/gntv_or_sync_fifo.gcx.clkx/rd_pntr_cdc_inst/src_gray_ff_reg[3]} {u_custom_apb_hdmi/u_ov5640_hdmi/u_ddr3_top/u_ddr3_fifo_ctrl/u_wr_fifo/U0/inst_fifo_gen/gconvfifo.rf/grf.rf/gntv_or_sync_fifo.gcx.clkx/rd_pntr_cdc_inst/src_gray_ff_reg[4]} {u_custom_apb_hdmi/u_ov5640_hdmi/u_ddr3_top/u_ddr3_fifo_ctrl/u_wr_fifo/U0/inst_fifo_gen/gconvfifo.rf/grf.rf/gntv_or_sync_fifo.gcx.clkx/rd_pntr_cdc_inst/src_gray_ff_reg[5]} {u_custom_apb_hdmi/u_ov5640_hdmi/u_ddr3_top/u_ddr3_fifo_ctrl/u_wr_fifo/U0/inst_fifo_gen/gconvfifo.rf/grf.rf/gntv_or_sync_fifo.gcx.clkx/rd_pntr_cdc_inst/src_gray_ff_reg[6]} {u_custom_apb_hdmi/u_ov5640_hdmi/u_ddr3_top/u_ddr3_fifo_ctrl/u_wr_fifo/U0/inst_fifo_gen/gconvfifo.rf/grf.rf/gntv_or_sync_fifo.gcx.clkx/rd_pntr_cdc_inst/src_gray_ff_reg[7]} {u_custom_apb_hdmi/u_ov5640_hdmi/u_ddr3_top/u_ddr3_fifo_ctrl/u_wr_fifo/U0/inst_fifo_gen/gconvfifo.rf/grf.rf/gntv_or_sync_fifo.gcx.clkx/rd_pntr_cdc_inst/src_gray_ff_reg[8]}]]
                                              [get_cells [list {u_custom_apb_hdmi/u_ov5640_hdmi/u_ddr3_top/u_ddr3_fifo_ctrl/u_wr_fifo/U0/inst_fifo_gen/gconvfifo.rf/grf.rf/gntv_or_sync_fifo.gcx.clkx/rd_pntr_cdc_inst/dest_graysync_ff_reg[0][0]} {u_custom_apb_hdmi/u_ov5640_hdmi/u_ddr3_top/u_ddr3_fifo_ctrl/u_wr_fifo/U0/inst_fifo_gen/gconvfifo.rf/grf.rf/gntv_or_sync_fifo.gcx.clkx/rd_pntr_cdc_inst/dest_graysync_ff_reg[0][1]} {u_custom_apb_hdmi/u_ov5640_hdmi/u_ddr3_top/u_ddr3_fifo_ctrl/u_wr_fifo/U0/inst_fifo_gen/gconvfifo.rf/grf.rf/gntv_or_sync_fifo.gcx.clkx/rd_pntr_cdc_inst/dest_graysync_ff_reg[0][2]} {u_custom_apb_hdmi/u_ov5640_hdmi/u_ddr3_top/u_ddr3_fifo_ctrl/u_wr_fifo/U0/inst_fifo_gen/gconvfifo.rf/grf.rf/gntv_or_sync_fifo.gcx.clkx/rd_pntr_cdc_inst/dest_graysync_ff_reg[0][3]} {u_custom_apb_hdmi/u_ov5640_hdmi/u_ddr3_top/u_ddr3_fifo_ctrl/u_wr_fifo/U0/inst_fifo_gen/gconvfifo.rf/grf.rf/gntv_or_sync_fifo.gcx.clkx/rd_pntr_cdc_inst/dest_graysync_ff_reg[0][4]} {u_custom_apb_hdmi/u_ov5640_hdmi/u_ddr3_top/u_ddr3_fifo_ctrl/u_wr_fifo/U0/inst_fifo_gen/gconvfifo.rf/grf.rf/gntv_or_sync_fifo.gcx.clkx/rd_pntr_cdc_inst/dest_graysync_ff_reg[0][5]} {u_custom_apb_hdmi/u_ov5640_hdmi/u_ddr3_top/u_ddr3_fifo_ctrl/u_wr_fifo/U0/inst_fifo_gen/gconvfifo.rf/grf.rf/gntv_or_sync_fifo.gcx.clkx/rd_pntr_cdc_inst/dest_graysync_ff_reg[0][6]} {u_custom_apb_hdmi/u_ov5640_hdmi/u_ddr3_top/u_ddr3_fifo_ctrl/u_wr_fifo/U0/inst_fifo_gen/gconvfifo.rf/grf.rf/gntv_or_sync_fifo.gcx.clkx/rd_pntr_cdc_inst/dest_graysync_ff_reg[0][7]} {u_custom_apb_hdmi/u_ov5640_hdmi/u_ddr3_top/u_ddr3_fifo_ctrl/u_wr_fifo/U0/inst_fifo_gen/gconvfifo.rf/grf.rf/gntv_or_sync_fifo.gcx.clkx/rd_pntr_cdc_inst/dest_graysync_ff_reg[0][8]}]]
                                                                              Slow             10.000       0.996      9.004
4   19        [get_cells [list {u_custom_apb_hdmi/u_ov5640_hdmi/u_ddr3_top/u_ddr3_fifo_ctrl/u_rd_fifo/U0/inst_fifo_gen/gconvfifo.rf/grf.rf/gntv_or_sync_fifo.gcx.clkx/wr_pntr_cdc_inst/src_gray_ff_reg[0]} {u_custom_apb_hdmi/u_ov5640_hdmi/u_ddr3_top/u_ddr3_fifo_ctrl/u_rd_fifo/U0/inst_fifo_gen/gconvfifo.rf/grf.rf/gntv_or_sync_fifo.gcx.clkx/wr_pntr_cdc_inst/src_gray_ff_reg[1]} {u_custom_apb_hdmi/u_ov5640_hdmi/u_ddr3_top/u_ddr3_fifo_ctrl/u_rd_fifo/U0/inst_fifo_gen/gconvfifo.rf/grf.rf/gntv_or_sync_fifo.gcx.clkx/wr_pntr_cdc_inst/src_gray_ff_reg[2]} {u_custom_apb_hdmi/u_ov5640_hdmi/u_ddr3_top/u_ddr3_fifo_ctrl/u_rd_fifo/U0/inst_fifo_gen/gconvfifo.rf/grf.rf/gntv_or_sync_fifo.gcx.clkx/wr_pntr_cdc_inst/src_gray_ff_reg[3]} {u_custom_apb_hdmi/u_ov5640_hdmi/u_ddr3_top/u_ddr3_fifo_ctrl/u_rd_fifo/U0/inst_fifo_gen/gconvfifo.rf/grf.rf/gntv_or_sync_fifo.gcx.clkx/wr_pntr_cdc_inst/src_gray_ff_reg[4]} {u_custom_apb_hdmi/u_ov5640_hdmi/u_ddr3_top/u_ddr3_fifo_ctrl/u_rd_fifo/U0/inst_fifo_gen/gconvfifo.rf/grf.rf/gntv_or_sync_fifo.gcx.clkx/wr_pntr_cdc_inst/src_gray_ff_reg[5]} {u_custom_apb_hdmi/u_ov5640_hdmi/u_ddr3_top/u_ddr3_fifo_ctrl/u_rd_fifo/U0/inst_fifo_gen/gconvfifo.rf/grf.rf/gntv_or_sync_fifo.gcx.clkx/wr_pntr_cdc_inst/src_gray_ff_reg[6]} {u_custom_apb_hdmi/u_ov5640_hdmi/u_ddr3_top/u_ddr3_fifo_ctrl/u_rd_fifo/U0/inst_fifo_gen/gconvfifo.rf/grf.rf/gntv_or_sync_fifo.gcx.clkx/wr_pntr_cdc_inst/src_gray_ff_reg[7]} {u_custom_apb_hdmi/u_ov5640_hdmi/u_ddr3_top/u_ddr3_fifo_ctrl/u_rd_fifo/U0/inst_fifo_gen/gconvfifo.rf/grf.rf/gntv_or_sync_fifo.gcx.clkx/wr_pntr_cdc_inst/src_gray_ff_reg[8]}]]
                                              [get_cells [list {u_custom_apb_hdmi/u_ov5640_hdmi/u_ddr3_top/u_ddr3_fifo_ctrl/u_rd_fifo/U0/inst_fifo_gen/gconvfifo.rf/grf.rf/gntv_or_sync_fifo.gcx.clkx/wr_pntr_cdc_inst/dest_graysync_ff_reg[0][0]} {u_custom_apb_hdmi/u_ov5640_hdmi/u_ddr3_top/u_ddr3_fifo_ctrl/u_rd_fifo/U0/inst_fifo_gen/gconvfifo.rf/grf.rf/gntv_or_sync_fifo.gcx.clkx/wr_pntr_cdc_inst/dest_graysync_ff_reg[0][1]} {u_custom_apb_hdmi/u_ov5640_hdmi/u_ddr3_top/u_ddr3_fifo_ctrl/u_rd_fifo/U0/inst_fifo_gen/gconvfifo.rf/grf.rf/gntv_or_sync_fifo.gcx.clkx/wr_pntr_cdc_inst/dest_graysync_ff_reg[0][2]} {u_custom_apb_hdmi/u_ov5640_hdmi/u_ddr3_top/u_ddr3_fifo_ctrl/u_rd_fifo/U0/inst_fifo_gen/gconvfifo.rf/grf.rf/gntv_or_sync_fifo.gcx.clkx/wr_pntr_cdc_inst/dest_graysync_ff_reg[0][3]} {u_custom_apb_hdmi/u_ov5640_hdmi/u_ddr3_top/u_ddr3_fifo_ctrl/u_rd_fifo/U0/inst_fifo_gen/gconvfifo.rf/grf.rf/gntv_or_sync_fifo.gcx.clkx/wr_pntr_cdc_inst/dest_graysync_ff_reg[0][4]} {u_custom_apb_hdmi/u_ov5640_hdmi/u_ddr3_top/u_ddr3_fifo_ctrl/u_rd_fifo/U0/inst_fifo_gen/gconvfifo.rf/grf.rf/gntv_or_sync_fifo.gcx.clkx/wr_pntr_cdc_inst/dest_graysync_ff_reg[0][5]} {u_custom_apb_hdmi/u_ov5640_hdmi/u_ddr3_top/u_ddr3_fifo_ctrl/u_rd_fifo/U0/inst_fifo_gen/gconvfifo.rf/grf.rf/gntv_or_sync_fifo.gcx.clkx/wr_pntr_cdc_inst/dest_graysync_ff_reg[0][6]} {u_custom_apb_hdmi/u_ov5640_hdmi/u_ddr3_top/u_ddr3_fifo_ctrl/u_rd_fifo/U0/inst_fifo_gen/gconvfifo.rf/grf.rf/gntv_or_sync_fifo.gcx.clkx/wr_pntr_cdc_inst/dest_graysync_ff_reg[0][7]} {u_custom_apb_hdmi/u_ov5640_hdmi/u_ddr3_top/u_ddr3_fifo_ctrl/u_rd_fifo/U0/inst_fifo_gen/gconvfifo.rf/grf.rf/gntv_or_sync_fifo.gcx.clkx/wr_pntr_cdc_inst/dest_graysync_ff_reg[0][8]}]]
                                                                              Slow             10.000       1.028      8.972


2. Bus Skew Report Per Constraint
---------------------------------

Id: 1
set_bus_skew -from [get_cells [list {u_custom_apb_hdmi/u_ov5640_hdmi/u_ddr3_top/u_ddr3_fifo_ctrl/u_rd_fifo/U0/inst_fifo_gen/gconvfifo.rf/grf.rf/gntv_or_sync_fifo.gcx.clkx/rd_pntr_cdc_inst/src_gray_ff_reg[0]} {u_custom_apb_hdmi/u_ov5640_hdmi/u_ddr3_top/u_ddr3_fifo_ctrl/u_rd_fifo/U0/inst_fifo_gen/gconvfifo.rf/grf.rf/gntv_or_sync_fifo.gcx.clkx/rd_pntr_cdc_inst/src_gray_ff_reg[1]} {u_custom_apb_hdmi/u_ov5640_hdmi/u_ddr3_top/u_ddr3_fifo_ctrl/u_rd_fifo/U0/inst_fifo_gen/gconvfifo.rf/grf.rf/gntv_or_sync_fifo.gcx.clkx/rd_pntr_cdc_inst/src_gray_ff_reg[2]} {u_custom_apb_hdmi/u_ov5640_hdmi/u_ddr3_top/u_ddr3_fifo_ctrl/u_rd_fifo/U0/inst_fifo_gen/gconvfifo.rf/grf.rf/gntv_or_sync_fifo.gcx.clkx/rd_pntr_cdc_inst/src_gray_ff_reg[3]} {u_custom_apb_hdmi/u_ov5640_hdmi/u_ddr3_top/u_ddr3_fifo_ctrl/u_rd_fifo/U0/inst_fifo_gen/gconvfifo.rf/grf.rf/gntv_or_sync_fifo.gcx.clkx/rd_pntr_cdc_inst/src_gray_ff_reg[4]} {u_custom_apb_hdmi/u_ov5640_hdmi/u_ddr3_top/u_ddr3_fifo_ctrl/u_rd_fifo/U0/inst_fifo_gen/gconvfifo.rf/grf.rf/gntv_or_sync_fifo.gcx.clkx/rd_pntr_cdc_inst/src_gray_ff_reg[5]} {u_custom_apb_hdmi/u_ov5640_hdmi/u_ddr3_top/u_ddr3_fifo_ctrl/u_rd_fifo/U0/inst_fifo_gen/gconvfifo.rf/grf.rf/gntv_or_sync_fifo.gcx.clkx/rd_pntr_cdc_inst/src_gray_ff_reg[6]} {u_custom_apb_hdmi/u_ov5640_hdmi/u_ddr3_top/u_ddr3_fifo_ctrl/u_rd_fifo/U0/inst_fifo_gen/gconvfifo.rf/grf.rf/gntv_or_sync_fifo.gcx.clkx/rd_pntr_cdc_inst/src_gray_ff_reg[7]} {u_custom_apb_hdmi/u_ov5640_hdmi/u_ddr3_top/u_ddr3_fifo_ctrl/u_rd_fifo/U0/inst_fifo_gen/gconvfifo.rf/grf.rf/gntv_or_sync_fifo.gcx.clkx/rd_pntr_cdc_inst/src_gray_ff_reg[8]}]] -to [get_cells [list {u_custom_apb_hdmi/u_ov5640_hdmi/u_ddr3_top/u_ddr3_fifo_ctrl/u_rd_fifo/U0/inst_fifo_gen/gconvfifo.rf/grf.rf/gntv_or_sync_fifo.gcx.clkx/rd_pntr_cdc_inst/dest_graysync_ff_reg[0][0]} {u_custom_apb_hdmi/u_ov5640_hdmi/u_ddr3_top/u_ddr3_fifo_ctrl/u_rd_fifo/U0/inst_fifo_gen/gconvfifo.rf/grf.rf/gntv_or_sync_fifo.gcx.clkx/rd_pntr_cdc_inst/dest_graysync_ff_reg[0][1]} {u_custom_apb_hdmi/u_ov5640_hdmi/u_ddr3_top/u_ddr3_fifo_ctrl/u_rd_fifo/U0/inst_fifo_gen/gconvfifo.rf/grf.rf/gntv_or_sync_fifo.gcx.clkx/rd_pntr_cdc_inst/dest_graysync_ff_reg[0][2]} {u_custom_apb_hdmi/u_ov5640_hdmi/u_ddr3_top/u_ddr3_fifo_ctrl/u_rd_fifo/U0/inst_fifo_gen/gconvfifo.rf/grf.rf/gntv_or_sync_fifo.gcx.clkx/rd_pntr_cdc_inst/dest_graysync_ff_reg[0][3]} {u_custom_apb_hdmi/u_ov5640_hdmi/u_ddr3_top/u_ddr3_fifo_ctrl/u_rd_fifo/U0/inst_fifo_gen/gconvfifo.rf/grf.rf/gntv_or_sync_fifo.gcx.clkx/rd_pntr_cdc_inst/dest_graysync_ff_reg[0][4]} {u_custom_apb_hdmi/u_ov5640_hdmi/u_ddr3_top/u_ddr3_fifo_ctrl/u_rd_fifo/U0/inst_fifo_gen/gconvfifo.rf/grf.rf/gntv_or_sync_fifo.gcx.clkx/rd_pntr_cdc_inst/dest_graysync_ff_reg[0][5]} {u_custom_apb_hdmi/u_ov5640_hdmi/u_ddr3_top/u_ddr3_fifo_ctrl/u_rd_fifo/U0/inst_fifo_gen/gconvfifo.rf/grf.rf/gntv_or_sync_fifo.gcx.clkx/rd_pntr_cdc_inst/dest_graysync_ff_reg[0][6]} {u_custom_apb_hdmi/u_ov5640_hdmi/u_ddr3_top/u_ddr3_fifo_ctrl/u_rd_fifo/U0/inst_fifo_gen/gconvfifo.rf/grf.rf/gntv_or_sync_fifo.gcx.clkx/rd_pntr_cdc_inst/dest_graysync_ff_reg[0][7]} {u_custom_apb_hdmi/u_ov5640_hdmi/u_ddr3_top/u_ddr3_fifo_ctrl/u_rd_fifo/U0/inst_fifo_gen/gconvfifo.rf/grf.rf/gntv_or_sync_fifo.gcx.clkx/rd_pntr_cdc_inst/dest_graysync_ff_reg[0][8]}]] 10.000
Requirement: 10.000ns
Endpoints: 9

From Clock            To Clock              Endpoint Pin                    Reference Pin                   Corner  Actual(ns)  Slack(ns)
--------------------  --------------------  ------------------------------  ------------------------------  ------  ----------  ---------
clk_out4_clk_wiz_0    clk_pll_i             u_custom_apb_hdmi/u_ov5640_hdmi/u_ddr3_top/u_ddr3_fifo_ctrl/u_rd_fifo/U0/inst_fifo_gen/gconvfifo.rf/grf.rf/gntv_or_sync_fifo.gcx.clkx/rd_pntr_cdc_inst/dest_graysync_ff_reg[0][5]/D
                                                                            u_custom_apb_hdmi/u_ov5640_hdmi/u_ddr3_top/u_ddr3_fifo_ctrl/u_rd_fifo/U0/inst_fifo_gen/gconvfifo.rf/grf.rf/gntv_or_sync_fifo.gcx.clkx/rd_pntr_cdc_inst/dest_graysync_ff_reg[0][1]/D
                                                                                                            Slow         0.964      9.036


Slack (MET) :             9.036ns  (requirement - actual skew)
  Endpoint Source:        u_custom_apb_hdmi/u_ov5640_hdmi/u_ddr3_top/u_ddr3_fifo_ctrl/u_rd_fifo/U0/inst_fifo_gen/gconvfifo.rf/grf.rf/gntv_or_sync_fifo.gcx.clkx/rd_pntr_cdc_inst/src_gray_ff_reg[5]/C
                            (rising edge-triggered cell FDRE clocked by clk_out4_clk_wiz_0)
  Endpoint Destination:   u_custom_apb_hdmi/u_ov5640_hdmi/u_ddr3_top/u_ddr3_fifo_ctrl/u_rd_fifo/U0/inst_fifo_gen/gconvfifo.rf/grf.rf/gntv_or_sync_fifo.gcx.clkx/rd_pntr_cdc_inst/dest_graysync_ff_reg[0][5]/D
                            (rising edge-triggered cell FDRE clocked by clk_pll_i)
  Reference Source:       u_custom_apb_hdmi/u_ov5640_hdmi/u_ddr3_top/u_ddr3_fifo_ctrl/u_rd_fifo/U0/inst_fifo_gen/gconvfifo.rf/grf.rf/gntv_or_sync_fifo.gcx.clkx/rd_pntr_cdc_inst/src_gray_ff_reg[1]/C
                            (rising edge-triggered cell FDRE clocked by clk_out4_clk_wiz_0)
  Reference Destination:  u_custom_apb_hdmi/u_ov5640_hdmi/u_ddr3_top/u_ddr3_fifo_ctrl/u_rd_fifo/U0/inst_fifo_gen/gconvfifo.rf/grf.rf/gntv_or_sync_fifo.gcx.clkx/rd_pntr_cdc_inst/dest_graysync_ff_reg[0][1]/D
                            (rising edge-triggered cell FDRE clocked by clk_pll_i)
  Path Type:              Bus Skew (Max at Slow Process Corner)
  Requirement:            10.000ns
  Endpoint Relative Delay:   -0.535ns
  Reference Relative Delay:  -1.786ns
  Relative CRPR:              0.514ns
  Uncertainty:                0.227ns
  Actual Bus Skew:            0.964ns  (Endpoint Relative Delay - Reference Relative Delay - Relative CRPR + Uncertainty)

Endpoint path:
    Location             Delay type                Incr(ns)  Path(ns)    Netlist Resource(s)
  -------------------------------------------------------------------    -------------------
                         (clock clk_out4_clk_wiz_0 rise edge)
                                                      0.000     0.000 r  
    R4                                                0.000     0.000 r  CLK50m (IN)
                         net (fo=0)                   0.000     0.000    CLK50m
    R4                   IBUF (Prop_ibuf_I_O)         0.945     0.945 r  CLK50m_IBUF_inst/O
                         net (fo=1, routed)           1.717     2.662    CLK50m_IBUF
    BUFGCTRL_X0Y5        BUFG (Prop_bufg_I_O)         0.081     2.743 r  SynClock.sys_clk/O
                         net (fo=5240, routed)        1.549     4.292    u_custom_apb_hdmi/u_ov5640_hdmi/u_clk_wiz_0/inst/clk_in1
    MMCME2_ADV_X0Y0      MMCME2_ADV (Prop_mmcme2_adv_CLKIN1_CLKOUT3)
                                                     -3.344     0.948 r  u_custom_apb_hdmi/u_ov5640_hdmi/u_clk_wiz_0/inst/mmcm_adv_inst/CLKOUT3
                         net (fo=1, routed)           1.714     2.662    u_custom_apb_hdmi/u_ov5640_hdmi/u_clk_wiz_0/inst/clk_out4_clk_wiz_0
    BUFGCTRL_X0Y1        BUFG (Prop_bufg_I_O)         0.081     2.743 r  u_custom_apb_hdmi/u_ov5640_hdmi/u_clk_wiz_0/inst/clkout4_buf/O
                         net (fo=758, routed)         1.354     4.097    u_custom_apb_hdmi/u_ov5640_hdmi/u_ddr3_top/u_ddr3_fifo_ctrl/u_rd_fifo/U0/inst_fifo_gen/gconvfifo.rf/grf.rf/gntv_or_sync_fifo.gcx.clkx/rd_pntr_cdc_inst/src_clk
    SLICE_X54Y107        FDRE                                         r  u_custom_apb_hdmi/u_ov5640_hdmi/u_ddr3_top/u_ddr3_fifo_ctrl/u_rd_fifo/U0/inst_fifo_gen/gconvfifo.rf/grf.rf/gntv_or_sync_fifo.gcx.clkx/rd_pntr_cdc_inst/src_gray_ff_reg[5]/C
  -------------------------------------------------------------------    -------------------
    SLICE_X54Y107        FDRE (Prop_fdre_C_Q)         0.398     4.495 r  u_custom_apb_hdmi/u_ov5640_hdmi/u_ddr3_top/u_ddr3_fifo_ctrl/u_rd_fifo/U0/inst_fifo_gen/gconvfifo.rf/grf.rf/gntv_or_sync_fifo.gcx.clkx/rd_pntr_cdc_inst/src_gray_ff_reg[5]/Q
                         net (fo=1, routed)           0.474     4.969    u_custom_apb_hdmi/u_ov5640_hdmi/u_ddr3_top/u_ddr3_fifo_ctrl/u_rd_fifo/U0/inst_fifo_gen/gconvfifo.rf/grf.rf/gntv_or_sync_fifo.gcx.clkx/rd_pntr_cdc_inst/async_path[5]
    SLICE_X55Y107        FDRE                                         r  u_custom_apb_hdmi/u_ov5640_hdmi/u_ddr3_top/u_ddr3_fifo_ctrl/u_rd_fifo/U0/inst_fifo_gen/gconvfifo.rf/grf.rf/gntv_or_sync_fifo.gcx.clkx/rd_pntr_cdc_inst/dest_graysync_ff_reg[0][5]/D
  -------------------------------------------------------------------    -------------------

                         (clock clk_pll_i rise edge)
                                                      0.000     0.000 r  
    R4                                                0.000     0.000 r  CLK50m (IN)
                         net (fo=0)                   0.000     0.000    CLK50m
    R4                   IBUF (Prop_ibuf_I_O)         0.813     0.813 r  CLK50m_IBUF_inst/O
                         net (fo=1, routed)           1.628     2.441    CLK50m_IBUF
    BUFGCTRL_X0Y5        BUFG (Prop_bufg_I_O)         0.077     2.518 r  SynClock.sys_clk/O
                         net (fo=5240, routed)        1.439     3.957    u_custom_apb_hdmi/u_ov5640_hdmi/u_clk_wiz_0/inst/clk_in1
    MMCME2_ADV_X0Y0      MMCME2_ADV (Prop_mmcme2_adv_CLKIN1_CLKOUT0)
                                                     -3.149     0.808 r  u_custom_apb_hdmi/u_ov5640_hdmi/u_clk_wiz_0/inst/mmcm_adv_inst/CLKOUT0
                         net (fo=1, routed)           1.633     2.441    u_custom_apb_hdmi/u_ov5640_hdmi/u_clk_wiz_0/inst/clk_out1_clk_wiz_0
    BUFGCTRL_X0Y3        BUFG (Prop_bufg_I_O)         0.077     2.518 r  u_custom_apb_hdmi/u_ov5640_hdmi/u_clk_wiz_0/inst/clkout1_buf/O
                         net (fo=63, routed)          1.325     3.843    u_custom_apb_hdmi/u_ov5640_hdmi/u_ddr3_top/u_mig_7series_0/u_mig_7series_0_mig/u_ddr3_infrastructure/mmcm_clk
    PLLE2_ADV_X1Y1       PLLE2_ADV (Prop_plle2_adv_CLKIN1_CLKOUT3)
                                                      0.073     3.916 r  u_custom_apb_hdmi/u_ov5640_hdmi/u_ddr3_top/u_mig_7series_0/u_mig_7series_0_mig/u_ddr3_infrastructure/plle2_i/CLKOUT3
                         net (fo=1, routed)           0.958     4.874    u_custom_apb_hdmi/u_ov5640_hdmi/u_ddr3_top/u_mig_7series_0/u_mig_7series_0_mig/u_ddr3_infrastructure/pll_clk3_out
    BUFHCE_X1Y12         BUFH (Prop_bufh_I_O)         0.069     4.943 r  u_custom_apb_hdmi/u_ov5640_hdmi/u_ddr3_top/u_mig_7series_0/u_mig_7series_0_mig/u_ddr3_infrastructure/u_bufh_pll_clk3/O
                         net (fo=1, routed)           0.685     5.628    u_custom_apb_hdmi/u_ov5640_hdmi/u_ddr3_top/u_mig_7series_0/u_mig_7series_0_mig/u_ddr3_infrastructure/pll_clk3
    MMCME2_ADV_X1Y1      MMCME2_ADV (Prop_mmcme2_adv_CLKIN1_CLKFBOUT)
                                                     -2.764     2.864 r  u_custom_apb_hdmi/u_ov5640_hdmi/u_ddr3_top/u_mig_7series_0/u_mig_7series_0_mig/u_ddr3_infrastructure/gen_mmcm.mmcm_i/CLKFBOUT
                         net (fo=1, routed)           1.381     4.245    u_custom_apb_hdmi/u_ov5640_hdmi/u_ddr3_top/u_mig_7series_0/u_mig_7series_0_mig/u_ddr3_infrastructure/clk_pll_i
    BUFGCTRL_X0Y0        BUFG (Prop_bufg_I_O)         0.077     4.322 r  u_custom_apb_hdmi/u_ov5640_hdmi/u_ddr3_top/u_mig_7series_0/u_mig_7series_0_mig/u_ddr3_infrastructure/u_bufg_clkdiv0/O
                         net (fo=7437, routed)        1.244     5.566    u_custom_apb_hdmi/u_ov5640_hdmi/u_ddr3_top/u_ddr3_fifo_ctrl/u_rd_fifo/U0/inst_fifo_gen/gconvfifo.rf/grf.rf/gntv_or_sync_fifo.gcx.clkx/rd_pntr_cdc_inst/dest_clk
    SLICE_X55Y107        FDRE                                         r  u_custom_apb_hdmi/u_ov5640_hdmi/u_ddr3_top/u_ddr3_fifo_ctrl/u_rd_fifo/U0/inst_fifo_gen/gconvfifo.rf/grf.rf/gntv_or_sync_fifo.gcx.clkx/rd_pntr_cdc_inst/dest_graysync_ff_reg[0][5]/C
                         clock pessimism              0.140     5.706    
    SLICE_X55Y107        FDRE (Setup_fdre_C_D)       -0.202     5.504    u_custom_apb_hdmi/u_ov5640_hdmi/u_ddr3_top/u_ddr3_fifo_ctrl/u_rd_fifo/U0/inst_fifo_gen/gconvfifo.rf/grf.rf/gntv_or_sync_fifo.gcx.clkx/rd_pntr_cdc_inst/dest_graysync_ff_reg[0][5]
  -------------------------------------------------------------------
                         data arrival                           4.969    
                         clock arrival                          5.504    
  -------------------------------------------------------------------
                         relative delay                        -0.535    

Reference path:
    Location             Delay type                Incr(ns)  Path(ns)    Netlist Resource(s)
  -------------------------------------------------------------------    -------------------
                         (clock clk_out4_clk_wiz_0 rise edge)
                                                      0.000     0.000 r  
    R4                                                0.000     0.000 r  CLK50m (IN)
                         net (fo=0)                   0.000     0.000    CLK50m
    R4                   IBUF (Prop_ibuf_I_O)         0.813     0.813 r  CLK50m_IBUF_inst/O
                         net (fo=1, routed)           1.628     2.441    CLK50m_IBUF
    BUFGCTRL_X0Y5        BUFG (Prop_bufg_I_O)         0.077     2.518 r  SynClock.sys_clk/O
                         net (fo=5240, routed)        1.439     3.957    u_custom_apb_hdmi/u_ov5640_hdmi/u_clk_wiz_0/inst/clk_in1
    MMCME2_ADV_X0Y0      MMCME2_ADV (Prop_mmcme2_adv_CLKIN1_CLKOUT3)
                                                     -3.149     0.808 r  u_custom_apb_hdmi/u_ov5640_hdmi/u_clk_wiz_0/inst/mmcm_adv_inst/CLKOUT3
                         net (fo=1, routed)           1.633     2.441    u_custom_apb_hdmi/u_ov5640_hdmi/u_clk_wiz_0/inst/clk_out4_clk_wiz_0
    BUFGCTRL_X0Y1        BUFG (Prop_bufg_I_O)         0.077     2.518 r  u_custom_apb_hdmi/u_ov5640_hdmi/u_clk_wiz_0/inst/clkout4_buf/O
                         net (fo=758, routed)         1.247     3.765    u_custom_apb_hdmi/u_ov5640_hdmi/u_ddr3_top/u_ddr3_fifo_ctrl/u_rd_fifo/U0/inst_fifo_gen/gconvfifo.rf/grf.rf/gntv_or_sync_fifo.gcx.clkx/rd_pntr_cdc_inst/src_clk
    SLICE_X58Y104        FDRE                                         r  u_custom_apb_hdmi/u_ov5640_hdmi/u_ddr3_top/u_ddr3_fifo_ctrl/u_rd_fifo/U0/inst_fifo_gen/gconvfifo.rf/grf.rf/gntv_or_sync_fifo.gcx.clkx/rd_pntr_cdc_inst/src_gray_ff_reg[1]/C
  -------------------------------------------------------------------    -------------------
    SLICE_X58Y104        FDRE (Prop_fdre_C_Q)         0.319     4.084 r  u_custom_apb_hdmi/u_ov5640_hdmi/u_ddr3_top/u_ddr3_fifo_ctrl/u_rd_fifo/U0/inst_fifo_gen/gconvfifo.rf/grf.rf/gntv_or_sync_fifo.gcx.clkx/rd_pntr_cdc_inst/src_gray_ff_reg[1]/Q
                         net (fo=1, routed)           0.197     4.282    u_custom_apb_hdmi/u_ov5640_hdmi/u_ddr3_top/u_ddr3_fifo_ctrl/u_rd_fifo/U0/inst_fifo_gen/gconvfifo.rf/grf.rf/gntv_or_sync_fifo.gcx.clkx/rd_pntr_cdc_inst/async_path[1]
    SLICE_X58Y105        FDRE                                         r  u_custom_apb_hdmi/u_ov5640_hdmi/u_ddr3_top/u_ddr3_fifo_ctrl/u_rd_fifo/U0/inst_fifo_gen/gconvfifo.rf/grf.rf/gntv_or_sync_fifo.gcx.clkx/rd_pntr_cdc_inst/dest_graysync_ff_reg[0][1]/D
  -------------------------------------------------------------------    -------------------

                         (clock clk_pll_i rise edge)
                                                      0.000     0.000 r  
    R4                                                0.000     0.000 r  CLK50m (IN)
                         net (fo=0)                   0.000     0.000    CLK50m
    R4                   IBUF (Prop_ibuf_I_O)         0.945     0.945 r  CLK50m_IBUF_inst/O
                         net (fo=1, routed)           1.717     2.662    CLK50m_IBUF
    BUFGCTRL_X0Y5        BUFG (Prop_bufg_I_O)         0.081     2.743 r  SynClock.sys_clk/O
                         net (fo=5240, routed)        1.549     4.292    u_custom_apb_hdmi/u_ov5640_hdmi/u_clk_wiz_0/inst/clk_in1
    MMCME2_ADV_X0Y0      MMCME2_ADV (Prop_mmcme2_adv_CLKIN1_CLKOUT0)
                                                     -3.344     0.948 r  u_custom_apb_hdmi/u_ov5640_hdmi/u_clk_wiz_0/inst/mmcm_adv_inst/CLKOUT0
                         net (fo=1, routed)           1.714     2.662    u_custom_apb_hdmi/u_ov5640_hdmi/u_clk_wiz_0/inst/clk_out1_clk_wiz_0
    BUFGCTRL_X0Y3        BUFG (Prop_bufg_I_O)         0.081     2.743 r  u_custom_apb_hdmi/u_ov5640_hdmi/u_clk_wiz_0/inst/clkout1_buf/O
                         net (fo=63, routed)          1.431     4.174    u_custom_apb_hdmi/u_ov5640_hdmi/u_ddr3_top/u_mig_7series_0/u_mig_7series_0_mig/u_ddr3_infrastructure/mmcm_clk
    PLLE2_ADV_X1Y1       PLLE2_ADV (Prop_plle2_adv_CLKIN1_CLKOUT3)
                                                      0.077     4.251 r  u_custom_apb_hdmi/u_ov5640_hdmi/u_ddr3_top/u_mig_7series_0/u_mig_7series_0_mig/u_ddr3_infrastructure/plle2_i/CLKOUT3
                         net (fo=1, routed)           1.090     5.341    u_custom_apb_hdmi/u_ov5640_hdmi/u_ddr3_top/u_mig_7series_0/u_mig_7series_0_mig/u_ddr3_infrastructure/pll_clk3_out
    BUFHCE_X1Y12         BUFH (Prop_bufh_I_O)         0.106     5.447 r  u_custom_apb_hdmi/u_ov5640_hdmi/u_ddr3_top/u_mig_7series_0/u_mig_7series_0_mig/u_ddr3_infrastructure/u_bufh_pll_clk3/O
                         net (fo=1, routed)           0.725     6.172    u_custom_apb_hdmi/u_ov5640_hdmi/u_ddr3_top/u_mig_7series_0/u_mig_7series_0_mig/u_ddr3_infrastructure/pll_clk3
    MMCME2_ADV_X1Y1      MMCME2_ADV (Prop_mmcme2_adv_CLKIN1_CLKFBOUT)
                                                     -2.941     3.230 r  u_custom_apb_hdmi/u_ov5640_hdmi/u_ddr3_top/u_mig_7series_0/u_mig_7series_0_mig/u_ddr3_infrastructure/gen_mmcm.mmcm_i/CLKFBOUT
                         net (fo=1, routed)           1.449     4.679    u_custom_apb_hdmi/u_ov5640_hdmi/u_ddr3_top/u_mig_7series_0/u_mig_7series_0_mig/u_ddr3_infrastructure/clk_pll_i
    BUFGCTRL_X0Y0        BUFG (Prop_bufg_I_O)         0.081     4.760 r  u_custom_apb_hdmi/u_ov5640_hdmi/u_ddr3_top/u_mig_7series_0/u_mig_7series_0_mig/u_ddr3_infrastructure/u_bufg_clkdiv0/O
                         net (fo=7437, routed)        1.359     6.119    u_custom_apb_hdmi/u_ov5640_hdmi/u_ddr3_top/u_ddr3_fifo_ctrl/u_rd_fifo/U0/inst_fifo_gen/gconvfifo.rf/grf.rf/gntv_or_sync_fifo.gcx.clkx/rd_pntr_cdc_inst/dest_clk
    SLICE_X58Y105        FDRE                                         r  u_custom_apb_hdmi/u_ov5640_hdmi/u_ddr3_top/u_ddr3_fifo_ctrl/u_rd_fifo/U0/inst_fifo_gen/gconvfifo.rf/grf.rf/gntv_or_sync_fifo.gcx.clkx/rd_pntr_cdc_inst/dest_graysync_ff_reg[0][1]/C
                         clock pessimism             -0.140     5.979    
    SLICE_X58Y105        FDRE (Hold_fdre_C_D)         0.089     6.068    u_custom_apb_hdmi/u_ov5640_hdmi/u_ddr3_top/u_ddr3_fifo_ctrl/u_rd_fifo/U0/inst_fifo_gen/gconvfifo.rf/grf.rf/gntv_or_sync_fifo.gcx.clkx/rd_pntr_cdc_inst/dest_graysync_ff_reg[0][1]
  -------------------------------------------------------------------
                         data arrival                           4.282    
                         clock arrival                          6.068    
  -------------------------------------------------------------------
                         relative delay                        -1.786    



Id: 2
set_bus_skew -from [get_cells [list {u_custom_apb_hdmi/u_ov5640_hdmi/u_ddr3_top/u_ddr3_fifo_ctrl/u_wr_fifo/U0/inst_fifo_gen/gconvfifo.rf/grf.rf/gntv_or_sync_fifo.gcx.clkx/wr_pntr_cdc_inst/src_gray_ff_reg[0]} {u_custom_apb_hdmi/u_ov5640_hdmi/u_ddr3_top/u_ddr3_fifo_ctrl/u_wr_fifo/U0/inst_fifo_gen/gconvfifo.rf/grf.rf/gntv_or_sync_fifo.gcx.clkx/wr_pntr_cdc_inst/src_gray_ff_reg[1]} {u_custom_apb_hdmi/u_ov5640_hdmi/u_ddr3_top/u_ddr3_fifo_ctrl/u_wr_fifo/U0/inst_fifo_gen/gconvfifo.rf/grf.rf/gntv_or_sync_fifo.gcx.clkx/wr_pntr_cdc_inst/src_gray_ff_reg[2]} {u_custom_apb_hdmi/u_ov5640_hdmi/u_ddr3_top/u_ddr3_fifo_ctrl/u_wr_fifo/U0/inst_fifo_gen/gconvfifo.rf/grf.rf/gntv_or_sync_fifo.gcx.clkx/wr_pntr_cdc_inst/src_gray_ff_reg[3]} {u_custom_apb_hdmi/u_ov5640_hdmi/u_ddr3_top/u_ddr3_fifo_ctrl/u_wr_fifo/U0/inst_fifo_gen/gconvfifo.rf/grf.rf/gntv_or_sync_fifo.gcx.clkx/wr_pntr_cdc_inst/src_gray_ff_reg[4]} {u_custom_apb_hdmi/u_ov5640_hdmi/u_ddr3_top/u_ddr3_fifo_ctrl/u_wr_fifo/U0/inst_fifo_gen/gconvfifo.rf/grf.rf/gntv_or_sync_fifo.gcx.clkx/wr_pntr_cdc_inst/src_gray_ff_reg[5]} {u_custom_apb_hdmi/u_ov5640_hdmi/u_ddr3_top/u_ddr3_fifo_ctrl/u_wr_fifo/U0/inst_fifo_gen/gconvfifo.rf/grf.rf/gntv_or_sync_fifo.gcx.clkx/wr_pntr_cdc_inst/src_gray_ff_reg[6]} {u_custom_apb_hdmi/u_ov5640_hdmi/u_ddr3_top/u_ddr3_fifo_ctrl/u_wr_fifo/U0/inst_fifo_gen/gconvfifo.rf/grf.rf/gntv_or_sync_fifo.gcx.clkx/wr_pntr_cdc_inst/src_gray_ff_reg[7]} {u_custom_apb_hdmi/u_ov5640_hdmi/u_ddr3_top/u_ddr3_fifo_ctrl/u_wr_fifo/U0/inst_fifo_gen/gconvfifo.rf/grf.rf/gntv_or_sync_fifo.gcx.clkx/wr_pntr_cdc_inst/src_gray_ff_reg[8]}]] -to [get_cells [list {u_custom_apb_hdmi/u_ov5640_hdmi/u_ddr3_top/u_ddr3_fifo_ctrl/u_wr_fifo/U0/inst_fifo_gen/gconvfifo.rf/grf.rf/gntv_or_sync_fifo.gcx.clkx/wr_pntr_cdc_inst/dest_graysync_ff_reg[0][0]} {u_custom_apb_hdmi/u_ov5640_hdmi/u_ddr3_top/u_ddr3_fifo_ctrl/u_wr_fifo/U0/inst_fifo_gen/gconvfifo.rf/grf.rf/gntv_or_sync_fifo.gcx.clkx/wr_pntr_cdc_inst/dest_graysync_ff_reg[0][1]} {u_custom_apb_hdmi/u_ov5640_hdmi/u_ddr3_top/u_ddr3_fifo_ctrl/u_wr_fifo/U0/inst_fifo_gen/gconvfifo.rf/grf.rf/gntv_or_sync_fifo.gcx.clkx/wr_pntr_cdc_inst/dest_graysync_ff_reg[0][2]} {u_custom_apb_hdmi/u_ov5640_hdmi/u_ddr3_top/u_ddr3_fifo_ctrl/u_wr_fifo/U0/inst_fifo_gen/gconvfifo.rf/grf.rf/gntv_or_sync_fifo.gcx.clkx/wr_pntr_cdc_inst/dest_graysync_ff_reg[0][3]} {u_custom_apb_hdmi/u_ov5640_hdmi/u_ddr3_top/u_ddr3_fifo_ctrl/u_wr_fifo/U0/inst_fifo_gen/gconvfifo.rf/grf.rf/gntv_or_sync_fifo.gcx.clkx/wr_pntr_cdc_inst/dest_graysync_ff_reg[0][4]} {u_custom_apb_hdmi/u_ov5640_hdmi/u_ddr3_top/u_ddr3_fifo_ctrl/u_wr_fifo/U0/inst_fifo_gen/gconvfifo.rf/grf.rf/gntv_or_sync_fifo.gcx.clkx/wr_pntr_cdc_inst/dest_graysync_ff_reg[0][5]} {u_custom_apb_hdmi/u_ov5640_hdmi/u_ddr3_top/u_ddr3_fifo_ctrl/u_wr_fifo/U0/inst_fifo_gen/gconvfifo.rf/grf.rf/gntv_or_sync_fifo.gcx.clkx/wr_pntr_cdc_inst/dest_graysync_ff_reg[0][6]} {u_custom_apb_hdmi/u_ov5640_hdmi/u_ddr3_top/u_ddr3_fifo_ctrl/u_wr_fifo/U0/inst_fifo_gen/gconvfifo.rf/grf.rf/gntv_or_sync_fifo.gcx.clkx/wr_pntr_cdc_inst/dest_graysync_ff_reg[0][7]} {u_custom_apb_hdmi/u_ov5640_hdmi/u_ddr3_top/u_ddr3_fifo_ctrl/u_wr_fifo/U0/inst_fifo_gen/gconvfifo.rf/grf.rf/gntv_or_sync_fifo.gcx.clkx/wr_pntr_cdc_inst/dest_graysync_ff_reg[0][8]}]] 10.000
Requirement: 10.000ns
Endpoints: 9

From Clock            To Clock              Endpoint Pin                    Reference Pin                   Corner  Actual(ns)  Slack(ns)
--------------------  --------------------  ------------------------------  ------------------------------  ------  ----------  ---------
cmos_pclk             clk_pll_i             u_custom_apb_hdmi/u_ov5640_hdmi/u_ddr3_top/u_ddr3_fifo_ctrl/u_wr_fifo/U0/inst_fifo_gen/gconvfifo.rf/grf.rf/gntv_or_sync_fifo.gcx.clkx/wr_pntr_cdc_inst/dest_graysync_ff_reg[0][1]/D
                                                                            u_custom_apb_hdmi/u_ov5640_hdmi/u_ddr3_top/u_ddr3_fifo_ctrl/u_wr_fifo/U0/inst_fifo_gen/gconvfifo.rf/grf.rf/gntv_or_sync_fifo.gcx.clkx/wr_pntr_cdc_inst/dest_graysync_ff_reg[0][6]/D
                                                                                                            Slow         1.001      8.999


Slack (MET) :             8.999ns  (requirement - actual skew)
  Endpoint Source:        u_custom_apb_hdmi/u_ov5640_hdmi/u_ddr3_top/u_ddr3_fifo_ctrl/u_wr_fifo/U0/inst_fifo_gen/gconvfifo.rf/grf.rf/gntv_or_sync_fifo.gcx.clkx/wr_pntr_cdc_inst/src_gray_ff_reg[1]/C
                            (rising edge-triggered cell FDRE clocked by cmos_pclk)
  Endpoint Destination:   u_custom_apb_hdmi/u_ov5640_hdmi/u_ddr3_top/u_ddr3_fifo_ctrl/u_wr_fifo/U0/inst_fifo_gen/gconvfifo.rf/grf.rf/gntv_or_sync_fifo.gcx.clkx/wr_pntr_cdc_inst/dest_graysync_ff_reg[0][1]/D
                            (rising edge-triggered cell FDRE clocked by clk_pll_i)
  Reference Source:       u_custom_apb_hdmi/u_ov5640_hdmi/u_ddr3_top/u_ddr3_fifo_ctrl/u_wr_fifo/U0/inst_fifo_gen/gconvfifo.rf/grf.rf/gntv_or_sync_fifo.gcx.clkx/wr_pntr_cdc_inst/src_gray_ff_reg[6]/C
                            (rising edge-triggered cell FDRE clocked by cmos_pclk)
  Reference Destination:  u_custom_apb_hdmi/u_ov5640_hdmi/u_ddr3_top/u_ddr3_fifo_ctrl/u_wr_fifo/U0/inst_fifo_gen/gconvfifo.rf/grf.rf/gntv_or_sync_fifo.gcx.clkx/wr_pntr_cdc_inst/dest_graysync_ff_reg[0][6]/D
                            (rising edge-triggered cell FDRE clocked by clk_pll_i)
  Path Type:              Bus Skew (Max at Slow Process Corner)
  Requirement:            10.000ns
  Endpoint Relative Delay:    0.606ns
  Reference Relative Delay:  -1.170ns
  Relative CRPR:              0.949ns
  Uncertainty:                0.174ns
  Actual Bus Skew:            1.001ns  (Endpoint Relative Delay - Reference Relative Delay - Relative CRPR + Uncertainty)

Endpoint path:
    Location             Delay type                Incr(ns)  Path(ns)    Netlist Resource(s)
  -------------------------------------------------------------------    -------------------
                         (clock cmos_pclk rise edge)
                                                      0.000     0.000 r  
    U18                                               0.000     0.000 r  cam_pclk (IN)
                         net (fo=0)                   0.000     0.000    cam_pclk
    U18                  IBUF (Prop_ibuf_I_O)         1.454     1.454 r  cam_pclk_IBUF_inst/O
                         net (fo=1, routed)           2.189     3.644    cam_pclk_IBUF
    BUFGCTRL_X0Y2        BUFG (Prop_bufg_I_O)         0.081     3.725 r  cam_pclk_IBUF_BUFG_inst/O
                         net (fo=237, routed)         1.343     5.068    u_custom_apb_hdmi/u_ov5640_hdmi/u_ddr3_top/u_ddr3_fifo_ctrl/u_wr_fifo/U0/inst_fifo_gen/gconvfifo.rf/grf.rf/gntv_or_sync_fifo.gcx.clkx/wr_pntr_cdc_inst/src_clk
    SLICE_X60Y122        FDRE                                         r  u_custom_apb_hdmi/u_ov5640_hdmi/u_ddr3_top/u_ddr3_fifo_ctrl/u_wr_fifo/U0/inst_fifo_gen/gconvfifo.rf/grf.rf/gntv_or_sync_fifo.gcx.clkx/wr_pntr_cdc_inst/src_gray_ff_reg[1]/C
  -------------------------------------------------------------------    -------------------
    SLICE_X60Y122        FDRE (Prop_fdre_C_Q)         0.398     5.466 r  u_custom_apb_hdmi/u_ov5640_hdmi/u_ddr3_top/u_ddr3_fifo_ctrl/u_wr_fifo/U0/inst_fifo_gen/gconvfifo.rf/grf.rf/gntv_or_sync_fifo.gcx.clkx/wr_pntr_cdc_inst/src_gray_ff_reg[1]/Q
                         net (fo=1, routed)           0.497     5.964    u_custom_apb_hdmi/u_ov5640_hdmi/u_ddr3_top/u_ddr3_fifo_ctrl/u_wr_fifo/U0/inst_fifo_gen/gconvfifo.rf/grf.rf/gntv_or_sync_fifo.gcx.clkx/wr_pntr_cdc_inst/async_path[1]
    SLICE_X61Y122        FDRE                                         r  u_custom_apb_hdmi/u_ov5640_hdmi/u_ddr3_top/u_ddr3_fifo_ctrl/u_wr_fifo/U0/inst_fifo_gen/gconvfifo.rf/grf.rf/gntv_or_sync_fifo.gcx.clkx/wr_pntr_cdc_inst/dest_graysync_ff_reg[0][1]/D
  -------------------------------------------------------------------    -------------------

                         (clock clk_pll_i rise edge)
                                                      0.000     0.000 r  
    R4                                                0.000     0.000 r  CLK50m (IN)
                         net (fo=0)                   0.000     0.000    CLK50m
    R4                   IBUF (Prop_ibuf_I_O)         0.813     0.813 r  CLK50m_IBUF_inst/O
                         net (fo=1, routed)           1.628     2.441    CLK50m_IBUF
    BUFGCTRL_X0Y5        BUFG (Prop_bufg_I_O)         0.077     2.518 r  SynClock.sys_clk/O
                         net (fo=5240, routed)        1.439     3.957    u_custom_apb_hdmi/u_ov5640_hdmi/u_clk_wiz_0/inst/clk_in1
    MMCME2_ADV_X0Y0      MMCME2_ADV (Prop_mmcme2_adv_CLKIN1_CLKOUT0)
                                                     -3.149     0.808 r  u_custom_apb_hdmi/u_ov5640_hdmi/u_clk_wiz_0/inst/mmcm_adv_inst/CLKOUT0
                         net (fo=1, routed)           1.633     2.441    u_custom_apb_hdmi/u_ov5640_hdmi/u_clk_wiz_0/inst/clk_out1_clk_wiz_0
    BUFGCTRL_X0Y3        BUFG (Prop_bufg_I_O)         0.077     2.518 r  u_custom_apb_hdmi/u_ov5640_hdmi/u_clk_wiz_0/inst/clkout1_buf/O
                         net (fo=63, routed)          1.325     3.843    u_custom_apb_hdmi/u_ov5640_hdmi/u_ddr3_top/u_mig_7series_0/u_mig_7series_0_mig/u_ddr3_infrastructure/mmcm_clk
    PLLE2_ADV_X1Y1       PLLE2_ADV (Prop_plle2_adv_CLKIN1_CLKOUT3)
                                                      0.073     3.916 r  u_custom_apb_hdmi/u_ov5640_hdmi/u_ddr3_top/u_mig_7series_0/u_mig_7series_0_mig/u_ddr3_infrastructure/plle2_i/CLKOUT3
                         net (fo=1, routed)           0.958     4.874    u_custom_apb_hdmi/u_ov5640_hdmi/u_ddr3_top/u_mig_7series_0/u_mig_7series_0_mig/u_ddr3_infrastructure/pll_clk3_out
    BUFHCE_X1Y12         BUFH (Prop_bufh_I_O)         0.069     4.943 r  u_custom_apb_hdmi/u_ov5640_hdmi/u_ddr3_top/u_mig_7series_0/u_mig_7series_0_mig/u_ddr3_infrastructure/u_bufh_pll_clk3/O
                         net (fo=1, routed)           0.685     5.628    u_custom_apb_hdmi/u_ov5640_hdmi/u_ddr3_top/u_mig_7series_0/u_mig_7series_0_mig/u_ddr3_infrastructure/pll_clk3
    MMCME2_ADV_X1Y1      MMCME2_ADV (Prop_mmcme2_adv_CLKIN1_CLKFBOUT)
                                                     -2.764     2.864 r  u_custom_apb_hdmi/u_ov5640_hdmi/u_ddr3_top/u_mig_7series_0/u_mig_7series_0_mig/u_ddr3_infrastructure/gen_mmcm.mmcm_i/CLKFBOUT
                         net (fo=1, routed)           1.381     4.245    u_custom_apb_hdmi/u_ov5640_hdmi/u_ddr3_top/u_mig_7series_0/u_mig_7series_0_mig/u_ddr3_infrastructure/clk_pll_i
    BUFGCTRL_X0Y0        BUFG (Prop_bufg_I_O)         0.077     4.322 r  u_custom_apb_hdmi/u_ov5640_hdmi/u_ddr3_top/u_mig_7series_0/u_mig_7series_0_mig/u_ddr3_infrastructure/u_bufg_clkdiv0/O
                         net (fo=7437, routed)        1.235     5.557    u_custom_apb_hdmi/u_ov5640_hdmi/u_ddr3_top/u_ddr3_fifo_ctrl/u_wr_fifo/U0/inst_fifo_gen/gconvfifo.rf/grf.rf/gntv_or_sync_fifo.gcx.clkx/wr_pntr_cdc_inst/dest_clk
    SLICE_X61Y122        FDRE                                         r  u_custom_apb_hdmi/u_ov5640_hdmi/u_ddr3_top/u_ddr3_fifo_ctrl/u_wr_fifo/U0/inst_fifo_gen/gconvfifo.rf/grf.rf/gntv_or_sync_fifo.gcx.clkx/wr_pntr_cdc_inst/dest_graysync_ff_reg[0][1]/C
                         clock pessimism              0.000     5.557    
    SLICE_X61Y122        FDRE (Setup_fdre_C_D)       -0.200     5.357    u_custom_apb_hdmi/u_ov5640_hdmi/u_ddr3_top/u_ddr3_fifo_ctrl/u_wr_fifo/U0/inst_fifo_gen/gconvfifo.rf/grf.rf/gntv_or_sync_fifo.gcx.clkx/wr_pntr_cdc_inst/dest_graysync_ff_reg[0][1]
  -------------------------------------------------------------------
                         data arrival                           5.964    
                         clock arrival                          5.357    
  -------------------------------------------------------------------
                         relative delay                         0.606    

Reference path:
    Location             Delay type                Incr(ns)  Path(ns)    Netlist Resource(s)
  -------------------------------------------------------------------    -------------------
                         (clock cmos_pclk rise edge)
                                                      0.000     0.000 r  
    U18                                               0.000     0.000 r  cam_pclk (IN)
                         net (fo=0)                   0.000     0.000    cam_pclk
    U18                  IBUF (Prop_ibuf_I_O)         1.388     1.388 r  cam_pclk_IBUF_inst/O
                         net (fo=1, routed)           1.880     3.268    cam_pclk_IBUF
    BUFGCTRL_X0Y2        BUFG (Prop_bufg_I_O)         0.077     3.345 r  cam_pclk_IBUF_BUFG_inst/O
                         net (fo=237, routed)         1.236     4.582    u_custom_apb_hdmi/u_ov5640_hdmi/u_ddr3_top/u_ddr3_fifo_ctrl/u_wr_fifo/U0/inst_fifo_gen/gconvfifo.rf/grf.rf/gntv_or_sync_fifo.gcx.clkx/wr_pntr_cdc_inst/src_clk
    SLICE_X63Y123        FDRE                                         r  u_custom_apb_hdmi/u_ov5640_hdmi/u_ddr3_top/u_ddr3_fifo_ctrl/u_wr_fifo/U0/inst_fifo_gen/gconvfifo.rf/grf.rf/gntv_or_sync_fifo.gcx.clkx/wr_pntr_cdc_inst/src_gray_ff_reg[6]/C
  -------------------------------------------------------------------    -------------------
    SLICE_X63Y123        FDRE (Prop_fdre_C_Q)         0.304     4.886 r  u_custom_apb_hdmi/u_ov5640_hdmi/u_ddr3_top/u_ddr3_fifo_ctrl/u_wr_fifo/U0/inst_fifo_gen/gconvfifo.rf/grf.rf/gntv_or_sync_fifo.gcx.clkx/wr_pntr_cdc_inst/src_gray_ff_reg[6]/Q
                         net (fo=1, routed)           0.188     5.073    u_custom_apb_hdmi/u_ov5640_hdmi/u_ddr3_top/u_ddr3_fifo_ctrl/u_wr_fifo/U0/inst_fifo_gen/gconvfifo.rf/grf.rf/gntv_or_sync_fifo.gcx.clkx/wr_pntr_cdc_inst/async_path[6]
    SLICE_X63Y124        FDRE                                         r  u_custom_apb_hdmi/u_ov5640_hdmi/u_ddr3_top/u_ddr3_fifo_ctrl/u_wr_fifo/U0/inst_fifo_gen/gconvfifo.rf/grf.rf/gntv_or_sync_fifo.gcx.clkx/wr_pntr_cdc_inst/dest_graysync_ff_reg[0][6]/D
  -------------------------------------------------------------------    -------------------

                         (clock clk_pll_i rise edge)
                                                      0.000     0.000 r  
    R4                                                0.000     0.000 r  CLK50m (IN)
                         net (fo=0)                   0.000     0.000    CLK50m
    R4                   IBUF (Prop_ibuf_I_O)         0.945     0.945 r  CLK50m_IBUF_inst/O
                         net (fo=1, routed)           1.717     2.662    CLK50m_IBUF
    BUFGCTRL_X0Y5        BUFG (Prop_bufg_I_O)         0.081     2.743 r  SynClock.sys_clk/O
                         net (fo=5240, routed)        1.549     4.292    u_custom_apb_hdmi/u_ov5640_hdmi/u_clk_wiz_0/inst/clk_in1
    MMCME2_ADV_X0Y0      MMCME2_ADV (Prop_mmcme2_adv_CLKIN1_CLKOUT0)
                                                     -3.344     0.948 r  u_custom_apb_hdmi/u_ov5640_hdmi/u_clk_wiz_0/inst/mmcm_adv_inst/CLKOUT0
                         net (fo=1, routed)           1.714     2.662    u_custom_apb_hdmi/u_ov5640_hdmi/u_clk_wiz_0/inst/clk_out1_clk_wiz_0
    BUFGCTRL_X0Y3        BUFG (Prop_bufg_I_O)         0.081     2.743 r  u_custom_apb_hdmi/u_ov5640_hdmi/u_clk_wiz_0/inst/clkout1_buf/O
                         net (fo=63, routed)          1.431     4.174    u_custom_apb_hdmi/u_ov5640_hdmi/u_ddr3_top/u_mig_7series_0/u_mig_7series_0_mig/u_ddr3_infrastructure/mmcm_clk
    PLLE2_ADV_X1Y1       PLLE2_ADV (Prop_plle2_adv_CLKIN1_CLKOUT3)
                                                      0.077     4.251 r  u_custom_apb_hdmi/u_ov5640_hdmi/u_ddr3_top/u_mig_7series_0/u_mig_7series_0_mig/u_ddr3_infrastructure/plle2_i/CLKOUT3
                         net (fo=1, routed)           1.090     5.341    u_custom_apb_hdmi/u_ov5640_hdmi/u_ddr3_top/u_mig_7series_0/u_mig_7series_0_mig/u_ddr3_infrastructure/pll_clk3_out
    BUFHCE_X1Y12         BUFH (Prop_bufh_I_O)         0.106     5.447 r  u_custom_apb_hdmi/u_ov5640_hdmi/u_ddr3_top/u_mig_7series_0/u_mig_7series_0_mig/u_ddr3_infrastructure/u_bufh_pll_clk3/O
                         net (fo=1, routed)           0.725     6.172    u_custom_apb_hdmi/u_ov5640_hdmi/u_ddr3_top/u_mig_7series_0/u_mig_7series_0_mig/u_ddr3_infrastructure/pll_clk3
    MMCME2_ADV_X1Y1      MMCME2_ADV (Prop_mmcme2_adv_CLKIN1_CLKFBOUT)
                                                     -2.941     3.230 r  u_custom_apb_hdmi/u_ov5640_hdmi/u_ddr3_top/u_mig_7series_0/u_mig_7series_0_mig/u_ddr3_infrastructure/gen_mmcm.mmcm_i/CLKFBOUT
                         net (fo=1, routed)           1.449     4.679    u_custom_apb_hdmi/u_ov5640_hdmi/u_ddr3_top/u_mig_7series_0/u_mig_7series_0_mig/u_ddr3_infrastructure/clk_pll_i
    BUFGCTRL_X0Y0        BUFG (Prop_bufg_I_O)         0.081     4.760 r  u_custom_apb_hdmi/u_ov5640_hdmi/u_ddr3_top/u_mig_7series_0/u_mig_7series_0_mig/u_ddr3_infrastructure/u_bufg_clkdiv0/O
                         net (fo=7437, routed)        1.344     6.104    u_custom_apb_hdmi/u_ov5640_hdmi/u_ddr3_top/u_ddr3_fifo_ctrl/u_wr_fifo/U0/inst_fifo_gen/gconvfifo.rf/grf.rf/gntv_or_sync_fifo.gcx.clkx/wr_pntr_cdc_inst/dest_clk
    SLICE_X63Y124        FDRE                                         r  u_custom_apb_hdmi/u_ov5640_hdmi/u_ddr3_top/u_ddr3_fifo_ctrl/u_wr_fifo/U0/inst_fifo_gen/gconvfifo.rf/grf.rf/gntv_or_sync_fifo.gcx.clkx/wr_pntr_cdc_inst/dest_graysync_ff_reg[0][6]/C
                         clock pessimism              0.000     6.104    
    SLICE_X63Y124        FDRE (Hold_fdre_C_D)         0.139     6.243    u_custom_apb_hdmi/u_ov5640_hdmi/u_ddr3_top/u_ddr3_fifo_ctrl/u_wr_fifo/U0/inst_fifo_gen/gconvfifo.rf/grf.rf/gntv_or_sync_fifo.gcx.clkx/wr_pntr_cdc_inst/dest_graysync_ff_reg[0][6]
  -------------------------------------------------------------------
                         data arrival                           5.073    
                         clock arrival                          6.243    
  -------------------------------------------------------------------
                         relative delay                        -1.170    



Id: 3
set_bus_skew -from [get_cells [list {u_custom_apb_hdmi/u_ov5640_hdmi/u_ddr3_top/u_ddr3_fifo_ctrl/u_wr_fifo/U0/inst_fifo_gen/gconvfifo.rf/grf.rf/gntv_or_sync_fifo.gcx.clkx/rd_pntr_cdc_inst/src_gray_ff_reg[0]} {u_custom_apb_hdmi/u_ov5640_hdmi/u_ddr3_top/u_ddr3_fifo_ctrl/u_wr_fifo/U0/inst_fifo_gen/gconvfifo.rf/grf.rf/gntv_or_sync_fifo.gcx.clkx/rd_pntr_cdc_inst/src_gray_ff_reg[1]} {u_custom_apb_hdmi/u_ov5640_hdmi/u_ddr3_top/u_ddr3_fifo_ctrl/u_wr_fifo/U0/inst_fifo_gen/gconvfifo.rf/grf.rf/gntv_or_sync_fifo.gcx.clkx/rd_pntr_cdc_inst/src_gray_ff_reg[2]} {u_custom_apb_hdmi/u_ov5640_hdmi/u_ddr3_top/u_ddr3_fifo_ctrl/u_wr_fifo/U0/inst_fifo_gen/gconvfifo.rf/grf.rf/gntv_or_sync_fifo.gcx.clkx/rd_pntr_cdc_inst/src_gray_ff_reg[3]} {u_custom_apb_hdmi/u_ov5640_hdmi/u_ddr3_top/u_ddr3_fifo_ctrl/u_wr_fifo/U0/inst_fifo_gen/gconvfifo.rf/grf.rf/gntv_or_sync_fifo.gcx.clkx/rd_pntr_cdc_inst/src_gray_ff_reg[4]} {u_custom_apb_hdmi/u_ov5640_hdmi/u_ddr3_top/u_ddr3_fifo_ctrl/u_wr_fifo/U0/inst_fifo_gen/gconvfifo.rf/grf.rf/gntv_or_sync_fifo.gcx.clkx/rd_pntr_cdc_inst/src_gray_ff_reg[5]} {u_custom_apb_hdmi/u_ov5640_hdmi/u_ddr3_top/u_ddr3_fifo_ctrl/u_wr_fifo/U0/inst_fifo_gen/gconvfifo.rf/grf.rf/gntv_or_sync_fifo.gcx.clkx/rd_pntr_cdc_inst/src_gray_ff_reg[6]} {u_custom_apb_hdmi/u_ov5640_hdmi/u_ddr3_top/u_ddr3_fifo_ctrl/u_wr_fifo/U0/inst_fifo_gen/gconvfifo.rf/grf.rf/gntv_or_sync_fifo.gcx.clkx/rd_pntr_cdc_inst/src_gray_ff_reg[7]} {u_custom_apb_hdmi/u_ov5640_hdmi/u_ddr3_top/u_ddr3_fifo_ctrl/u_wr_fifo/U0/inst_fifo_gen/gconvfifo.rf/grf.rf/gntv_or_sync_fifo.gcx.clkx/rd_pntr_cdc_inst/src_gray_ff_reg[8]}]] -to [get_cells [list {u_custom_apb_hdmi/u_ov5640_hdmi/u_ddr3_top/u_ddr3_fifo_ctrl/u_wr_fifo/U0/inst_fifo_gen/gconvfifo.rf/grf.rf/gntv_or_sync_fifo.gcx.clkx/rd_pntr_cdc_inst/dest_graysync_ff_reg[0][0]} {u_custom_apb_hdmi/u_ov5640_hdmi/u_ddr3_top/u_ddr3_fifo_ctrl/u_wr_fifo/U0/inst_fifo_gen/gconvfifo.rf/grf.rf/gntv_or_sync_fifo.gcx.clkx/rd_pntr_cdc_inst/dest_graysync_ff_reg[0][1]} {u_custom_apb_hdmi/u_ov5640_hdmi/u_ddr3_top/u_ddr3_fifo_ctrl/u_wr_fifo/U0/inst_fifo_gen/gconvfifo.rf/grf.rf/gntv_or_sync_fifo.gcx.clkx/rd_pntr_cdc_inst/dest_graysync_ff_reg[0][2]} {u_custom_apb_hdmi/u_ov5640_hdmi/u_ddr3_top/u_ddr3_fifo_ctrl/u_wr_fifo/U0/inst_fifo_gen/gconvfifo.rf/grf.rf/gntv_or_sync_fifo.gcx.clkx/rd_pntr_cdc_inst/dest_graysync_ff_reg[0][3]} {u_custom_apb_hdmi/u_ov5640_hdmi/u_ddr3_top/u_ddr3_fifo_ctrl/u_wr_fifo/U0/inst_fifo_gen/gconvfifo.rf/grf.rf/gntv_or_sync_fifo.gcx.clkx/rd_pntr_cdc_inst/dest_graysync_ff_reg[0][4]} {u_custom_apb_hdmi/u_ov5640_hdmi/u_ddr3_top/u_ddr3_fifo_ctrl/u_wr_fifo/U0/inst_fifo_gen/gconvfifo.rf/grf.rf/gntv_or_sync_fifo.gcx.clkx/rd_pntr_cdc_inst/dest_graysync_ff_reg[0][5]} {u_custom_apb_hdmi/u_ov5640_hdmi/u_ddr3_top/u_ddr3_fifo_ctrl/u_wr_fifo/U0/inst_fifo_gen/gconvfifo.rf/grf.rf/gntv_or_sync_fifo.gcx.clkx/rd_pntr_cdc_inst/dest_graysync_ff_reg[0][6]} {u_custom_apb_hdmi/u_ov5640_hdmi/u_ddr3_top/u_ddr3_fifo_ctrl/u_wr_fifo/U0/inst_fifo_gen/gconvfifo.rf/grf.rf/gntv_or_sync_fifo.gcx.clkx/rd_pntr_cdc_inst/dest_graysync_ff_reg[0][7]} {u_custom_apb_hdmi/u_ov5640_hdmi/u_ddr3_top/u_ddr3_fifo_ctrl/u_wr_fifo/U0/inst_fifo_gen/gconvfifo.rf/grf.rf/gntv_or_sync_fifo.gcx.clkx/rd_pntr_cdc_inst/dest_graysync_ff_reg[0][8]}]] 10.000
Requirement: 10.000ns
Endpoints: 9

From Clock            To Clock              Endpoint Pin                    Reference Pin                   Corner  Actual(ns)  Slack(ns)
--------------------  --------------------  ------------------------------  ------------------------------  ------  ----------  ---------
clk_pll_i             cmos_pclk             u_custom_apb_hdmi/u_ov5640_hdmi/u_ddr3_top/u_ddr3_fifo_ctrl/u_wr_fifo/U0/inst_fifo_gen/gconvfifo.rf/grf.rf/gntv_or_sync_fifo.gcx.clkx/rd_pntr_cdc_inst/dest_graysync_ff_reg[0][4]/D
                                                                            u_custom_apb_hdmi/u_ov5640_hdmi/u_ddr3_top/u_ddr3_fifo_ctrl/u_wr_fifo/U0/inst_fifo_gen/gconvfifo.rf/grf.rf/gntv_or_sync_fifo.gcx.clkx/rd_pntr_cdc_inst/dest_graysync_ff_reg[0][6]/D
                                                                                                            Slow         0.996      9.004


Slack (MET) :             9.004ns  (requirement - actual skew)
  Endpoint Source:        u_custom_apb_hdmi/u_ov5640_hdmi/u_ddr3_top/u_ddr3_fifo_ctrl/u_wr_fifo/U0/inst_fifo_gen/gconvfifo.rf/grf.rf/gntv_or_sync_fifo.gcx.clkx/rd_pntr_cdc_inst/src_gray_ff_reg[4]/C
                            (rising edge-triggered cell FDRE clocked by clk_pll_i)
  Endpoint Destination:   u_custom_apb_hdmi/u_ov5640_hdmi/u_ddr3_top/u_ddr3_fifo_ctrl/u_wr_fifo/U0/inst_fifo_gen/gconvfifo.rf/grf.rf/gntv_or_sync_fifo.gcx.clkx/rd_pntr_cdc_inst/dest_graysync_ff_reg[0][4]/D
                            (rising edge-triggered cell FDRE clocked by cmos_pclk)
  Reference Source:       u_custom_apb_hdmi/u_ov5640_hdmi/u_ddr3_top/u_ddr3_fifo_ctrl/u_wr_fifo/U0/inst_fifo_gen/gconvfifo.rf/grf.rf/gntv_or_sync_fifo.gcx.clkx/rd_pntr_cdc_inst/src_gray_ff_reg[6]/C
                            (rising edge-triggered cell FDRE clocked by clk_pll_i)
  Reference Destination:  u_custom_apb_hdmi/u_ov5640_hdmi/u_ddr3_top/u_ddr3_fifo_ctrl/u_wr_fifo/U0/inst_fifo_gen/gconvfifo.rf/grf.rf/gntv_or_sync_fifo.gcx.clkx/rd_pntr_cdc_inst/dest_graysync_ff_reg[0][6]/D
                            (rising edge-triggered cell FDRE clocked by cmos_pclk)
  Path Type:              Bus Skew (Max at Slow Process Corner)
  Requirement:            10.000ns
  Endpoint Relative Delay:    2.616ns
  Reference Relative Delay:   0.845ns
  Relative CRPR:              0.949ns
  Uncertainty:                0.174ns
  Actual Bus Skew:            0.996ns  (Endpoint Relative Delay - Reference Relative Delay - Relative CRPR + Uncertainty)

Endpoint path:
    Location             Delay type                Incr(ns)  Path(ns)    Netlist Resource(s)
  -------------------------------------------------------------------    -------------------
                         (clock clk_pll_i rise edge)
                                                      0.000     0.000 r  
    R4                                                0.000     0.000 r  CLK50m (IN)
                         net (fo=0)                   0.000     0.000    CLK50m
    R4                   IBUF (Prop_ibuf_I_O)         0.945     0.945 r  CLK50m_IBUF_inst/O
                         net (fo=1, routed)           1.717     2.662    CLK50m_IBUF
    BUFGCTRL_X0Y5        BUFG (Prop_bufg_I_O)         0.081     2.743 r  SynClock.sys_clk/O
                         net (fo=5240, routed)        1.549     4.292    u_custom_apb_hdmi/u_ov5640_hdmi/u_clk_wiz_0/inst/clk_in1
    MMCME2_ADV_X0Y0      MMCME2_ADV (Prop_mmcme2_adv_CLKIN1_CLKOUT0)
                                                     -3.344     0.948 r  u_custom_apb_hdmi/u_ov5640_hdmi/u_clk_wiz_0/inst/mmcm_adv_inst/CLKOUT0
                         net (fo=1, routed)           1.714     2.662    u_custom_apb_hdmi/u_ov5640_hdmi/u_clk_wiz_0/inst/clk_out1_clk_wiz_0
    BUFGCTRL_X0Y3        BUFG (Prop_bufg_I_O)         0.081     2.743 r  u_custom_apb_hdmi/u_ov5640_hdmi/u_clk_wiz_0/inst/clkout1_buf/O
                         net (fo=63, routed)          1.431     4.174    u_custom_apb_hdmi/u_ov5640_hdmi/u_ddr3_top/u_mig_7series_0/u_mig_7series_0_mig/u_ddr3_infrastructure/mmcm_clk
    PLLE2_ADV_X1Y1       PLLE2_ADV (Prop_plle2_adv_CLKIN1_CLKOUT3)
                                                      0.077     4.251 r  u_custom_apb_hdmi/u_ov5640_hdmi/u_ddr3_top/u_mig_7series_0/u_mig_7series_0_mig/u_ddr3_infrastructure/plle2_i/CLKOUT3
                         net (fo=1, routed)           1.090     5.341    u_custom_apb_hdmi/u_ov5640_hdmi/u_ddr3_top/u_mig_7series_0/u_mig_7series_0_mig/u_ddr3_infrastructure/pll_clk3_out
    BUFHCE_X1Y12         BUFH (Prop_bufh_I_O)         0.106     5.447 r  u_custom_apb_hdmi/u_ov5640_hdmi/u_ddr3_top/u_mig_7series_0/u_mig_7series_0_mig/u_ddr3_infrastructure/u_bufh_pll_clk3/O
                         net (fo=1, routed)           0.725     6.172    u_custom_apb_hdmi/u_ov5640_hdmi/u_ddr3_top/u_mig_7series_0/u_mig_7series_0_mig/u_ddr3_infrastructure/pll_clk3
    MMCME2_ADV_X1Y1      MMCME2_ADV (Prop_mmcme2_adv_CLKIN1_CLKFBOUT)
                                                     -2.941     3.230 r  u_custom_apb_hdmi/u_ov5640_hdmi/u_ddr3_top/u_mig_7series_0/u_mig_7series_0_mig/u_ddr3_infrastructure/gen_mmcm.mmcm_i/CLKFBOUT
                         net (fo=1, routed)           1.449     4.679    u_custom_apb_hdmi/u_ov5640_hdmi/u_ddr3_top/u_mig_7series_0/u_mig_7series_0_mig/u_ddr3_infrastructure/clk_pll_i
    BUFGCTRL_X0Y0        BUFG (Prop_bufg_I_O)         0.081     4.760 r  u_custom_apb_hdmi/u_ov5640_hdmi/u_ddr3_top/u_mig_7series_0/u_mig_7series_0_mig/u_ddr3_infrastructure/u_bufg_clkdiv0/O
                         net (fo=7437, routed)        1.344     6.104    u_custom_apb_hdmi/u_ov5640_hdmi/u_ddr3_top/u_ddr3_fifo_ctrl/u_wr_fifo/U0/inst_fifo_gen/gconvfifo.rf/grf.rf/gntv_or_sync_fifo.gcx.clkx/rd_pntr_cdc_inst/src_clk
    SLICE_X62Y124        FDRE                                         r  u_custom_apb_hdmi/u_ov5640_hdmi/u_ddr3_top/u_ddr3_fifo_ctrl/u_wr_fifo/U0/inst_fifo_gen/gconvfifo.rf/grf.rf/gntv_or_sync_fifo.gcx.clkx/rd_pntr_cdc_inst/src_gray_ff_reg[4]/C
  -------------------------------------------------------------------    -------------------
    SLICE_X62Y124        FDRE (Prop_fdre_C_Q)         0.433     6.537 r  u_custom_apb_hdmi/u_ov5640_hdmi/u_ddr3_top/u_ddr3_fifo_ctrl/u_wr_fifo/U0/inst_fifo_gen/gconvfifo.rf/grf.rf/gntv_or_sync_fifo.gcx.clkx/rd_pntr_cdc_inst/src_gray_ff_reg[4]/Q
                         net (fo=1, routed)           0.582     7.119    u_custom_apb_hdmi/u_ov5640_hdmi/u_ddr3_top/u_ddr3_fifo_ctrl/u_wr_fifo/U0/inst_fifo_gen/gconvfifo.rf/grf.rf/gntv_or_sync_fifo.gcx.clkx/rd_pntr_cdc_inst/async_path[4]
    SLICE_X61Y125        FDRE                                         r  u_custom_apb_hdmi/u_ov5640_hdmi/u_ddr3_top/u_ddr3_fifo_ctrl/u_wr_fifo/U0/inst_fifo_gen/gconvfifo.rf/grf.rf/gntv_or_sync_fifo.gcx.clkx/rd_pntr_cdc_inst/dest_graysync_ff_reg[0][4]/D
  -------------------------------------------------------------------    -------------------

                         (clock cmos_pclk rise edge)
                                                      0.000     0.000 r  
    U18                                               0.000     0.000 r  cam_pclk (IN)
                         net (fo=0)                   0.000     0.000    cam_pclk
    U18                  IBUF (Prop_ibuf_I_O)         1.388     1.388 r  cam_pclk_IBUF_inst/O
                         net (fo=1, routed)           1.880     3.268    cam_pclk_IBUF
    BUFGCTRL_X0Y2        BUFG (Prop_bufg_I_O)         0.077     3.345 r  cam_pclk_IBUF_BUFG_inst/O
                         net (fo=237, routed)         1.232     4.578    u_custom_apb_hdmi/u_ov5640_hdmi/u_ddr3_top/u_ddr3_fifo_ctrl/u_wr_fifo/U0/inst_fifo_gen/gconvfifo.rf/grf.rf/gntv_or_sync_fifo.gcx.clkx/rd_pntr_cdc_inst/dest_clk
    SLICE_X61Y125        FDRE                                         r  u_custom_apb_hdmi/u_ov5640_hdmi/u_ddr3_top/u_ddr3_fifo_ctrl/u_wr_fifo/U0/inst_fifo_gen/gconvfifo.rf/grf.rf/gntv_or_sync_fifo.gcx.clkx/rd_pntr_cdc_inst/dest_graysync_ff_reg[0][4]/C
                         clock pessimism              0.000     4.578    
    SLICE_X61Y125        FDRE (Setup_fdre_C_D)       -0.075     4.503    u_custom_apb_hdmi/u_ov5640_hdmi/u_ddr3_top/u_ddr3_fifo_ctrl/u_wr_fifo/U0/inst_fifo_gen/gconvfifo.rf/grf.rf/gntv_or_sync_fifo.gcx.clkx/rd_pntr_cdc_inst/dest_graysync_ff_reg[0][4]
  -------------------------------------------------------------------
                         data arrival                           7.119    
                         clock arrival                          4.503    
  -------------------------------------------------------------------
                         relative delay                         2.616    

Reference path:
    Location             Delay type                Incr(ns)  Path(ns)    Netlist Resource(s)
  -------------------------------------------------------------------    -------------------
                         (clock clk_pll_i rise edge)
                                                      0.000     0.000 r  
    R4                                                0.000     0.000 r  CLK50m (IN)
                         net (fo=0)                   0.000     0.000    CLK50m
    R4                   IBUF (Prop_ibuf_I_O)         0.813     0.813 r  CLK50m_IBUF_inst/O
                         net (fo=1, routed)           1.628     2.441    CLK50m_IBUF
    BUFGCTRL_X0Y5        BUFG (Prop_bufg_I_O)         0.077     2.518 r  SynClock.sys_clk/O
                         net (fo=5240, routed)        1.439     3.957    u_custom_apb_hdmi/u_ov5640_hdmi/u_clk_wiz_0/inst/clk_in1
    MMCME2_ADV_X0Y0      MMCME2_ADV (Prop_mmcme2_adv_CLKIN1_CLKOUT0)
                                                     -3.149     0.808 r  u_custom_apb_hdmi/u_ov5640_hdmi/u_clk_wiz_0/inst/mmcm_adv_inst/CLKOUT0
                         net (fo=1, routed)           1.633     2.441    u_custom_apb_hdmi/u_ov5640_hdmi/u_clk_wiz_0/inst/clk_out1_clk_wiz_0
    BUFGCTRL_X0Y3        BUFG (Prop_bufg_I_O)         0.077     2.518 r  u_custom_apb_hdmi/u_ov5640_hdmi/u_clk_wiz_0/inst/clkout1_buf/O
                         net (fo=63, routed)          1.325     3.843    u_custom_apb_hdmi/u_ov5640_hdmi/u_ddr3_top/u_mig_7series_0/u_mig_7series_0_mig/u_ddr3_infrastructure/mmcm_clk
    PLLE2_ADV_X1Y1       PLLE2_ADV (Prop_plle2_adv_CLKIN1_CLKOUT3)
                                                      0.073     3.916 r  u_custom_apb_hdmi/u_ov5640_hdmi/u_ddr3_top/u_mig_7series_0/u_mig_7series_0_mig/u_ddr3_infrastructure/plle2_i/CLKOUT3
                         net (fo=1, routed)           0.958     4.874    u_custom_apb_hdmi/u_ov5640_hdmi/u_ddr3_top/u_mig_7series_0/u_mig_7series_0_mig/u_ddr3_infrastructure/pll_clk3_out
    BUFHCE_X1Y12         BUFH (Prop_bufh_I_O)         0.069     4.943 r  u_custom_apb_hdmi/u_ov5640_hdmi/u_ddr3_top/u_mig_7series_0/u_mig_7series_0_mig/u_ddr3_infrastructure/u_bufh_pll_clk3/O
                         net (fo=1, routed)           0.685     5.628    u_custom_apb_hdmi/u_ov5640_hdmi/u_ddr3_top/u_mig_7series_0/u_mig_7series_0_mig/u_ddr3_infrastructure/pll_clk3
    MMCME2_ADV_X1Y1      MMCME2_ADV (Prop_mmcme2_adv_CLKIN1_CLKFBOUT)
                                                     -2.764     2.864 r  u_custom_apb_hdmi/u_ov5640_hdmi/u_ddr3_top/u_mig_7series_0/u_mig_7series_0_mig/u_ddr3_infrastructure/gen_mmcm.mmcm_i/CLKFBOUT
                         net (fo=1, routed)           1.381     4.245    u_custom_apb_hdmi/u_ov5640_hdmi/u_ddr3_top/u_mig_7series_0/u_mig_7series_0_mig/u_ddr3_infrastructure/clk_pll_i
    BUFGCTRL_X0Y0        BUFG (Prop_bufg_I_O)         0.077     4.322 r  u_custom_apb_hdmi/u_ov5640_hdmi/u_ddr3_top/u_mig_7series_0/u_mig_7series_0_mig/u_ddr3_infrastructure/u_bufg_clkdiv0/O
                         net (fo=7437, routed)        1.236     5.558    u_custom_apb_hdmi/u_ov5640_hdmi/u_ddr3_top/u_ddr3_fifo_ctrl/u_wr_fifo/U0/inst_fifo_gen/gconvfifo.rf/grf.rf/gntv_or_sync_fifo.gcx.clkx/rd_pntr_cdc_inst/src_clk
    SLICE_X62Y126        FDRE                                         r  u_custom_apb_hdmi/u_ov5640_hdmi/u_ddr3_top/u_ddr3_fifo_ctrl/u_wr_fifo/U0/inst_fifo_gen/gconvfifo.rf/grf.rf/gntv_or_sync_fifo.gcx.clkx/rd_pntr_cdc_inst/src_gray_ff_reg[6]/C
  -------------------------------------------------------------------    -------------------
    SLICE_X62Y126        FDRE (Prop_fdre_C_Q)         0.347     5.905 r  u_custom_apb_hdmi/u_ov5640_hdmi/u_ddr3_top/u_ddr3_fifo_ctrl/u_wr_fifo/U0/inst_fifo_gen/gconvfifo.rf/grf.rf/gntv_or_sync_fifo.gcx.clkx/rd_pntr_cdc_inst/src_gray_ff_reg[6]/Q
                         net (fo=1, routed)           0.199     6.104    u_custom_apb_hdmi/u_ov5640_hdmi/u_ddr3_top/u_ddr3_fifo_ctrl/u_wr_fifo/U0/inst_fifo_gen/gconvfifo.rf/grf.rf/gntv_or_sync_fifo.gcx.clkx/rd_pntr_cdc_inst/async_path[6]
    SLICE_X62Y127        FDRE                                         r  u_custom_apb_hdmi/u_ov5640_hdmi/u_ddr3_top/u_ddr3_fifo_ctrl/u_wr_fifo/U0/inst_fifo_gen/gconvfifo.rf/grf.rf/gntv_or_sync_fifo.gcx.clkx/rd_pntr_cdc_inst/dest_graysync_ff_reg[0][6]/D
  -------------------------------------------------------------------    -------------------

                         (clock cmos_pclk rise edge)
                                                      0.000     0.000 r  
    U18                                               0.000     0.000 r  cam_pclk (IN)
                         net (fo=0)                   0.000     0.000    cam_pclk
    U18                  IBUF (Prop_ibuf_I_O)         1.454     1.454 r  cam_pclk_IBUF_inst/O
                         net (fo=1, routed)           2.189     3.644    cam_pclk_IBUF
    BUFGCTRL_X0Y2        BUFG (Prop_bufg_I_O)         0.081     3.725 r  cam_pclk_IBUF_BUFG_inst/O
                         net (fo=237, routed)         1.347     5.072    u_custom_apb_hdmi/u_ov5640_hdmi/u_ddr3_top/u_ddr3_fifo_ctrl/u_wr_fifo/U0/inst_fifo_gen/gconvfifo.rf/grf.rf/gntv_or_sync_fifo.gcx.clkx/rd_pntr_cdc_inst/dest_clk
    SLICE_X62Y127        FDRE                                         r  u_custom_apb_hdmi/u_ov5640_hdmi/u_ddr3_top/u_ddr3_fifo_ctrl/u_wr_fifo/U0/inst_fifo_gen/gconvfifo.rf/grf.rf/gntv_or_sync_fifo.gcx.clkx/rd_pntr_cdc_inst/dest_graysync_ff_reg[0][6]/C
                         clock pessimism              0.000     5.072    
    SLICE_X62Y127        FDRE (Hold_fdre_C_D)         0.187     5.259    u_custom_apb_hdmi/u_ov5640_hdmi/u_ddr3_top/u_ddr3_fifo_ctrl/u_wr_fifo/U0/inst_fifo_gen/gconvfifo.rf/grf.rf/gntv_or_sync_fifo.gcx.clkx/rd_pntr_cdc_inst/dest_graysync_ff_reg[0][6]
  -------------------------------------------------------------------
                         data arrival                           6.104    
                         clock arrival                          5.259    
  -------------------------------------------------------------------
                         relative delay                         0.845    



Id: 4
set_bus_skew -from [get_cells [list {u_custom_apb_hdmi/u_ov5640_hdmi/u_ddr3_top/u_ddr3_fifo_ctrl/u_rd_fifo/U0/inst_fifo_gen/gconvfifo.rf/grf.rf/gntv_or_sync_fifo.gcx.clkx/wr_pntr_cdc_inst/src_gray_ff_reg[0]} {u_custom_apb_hdmi/u_ov5640_hdmi/u_ddr3_top/u_ddr3_fifo_ctrl/u_rd_fifo/U0/inst_fifo_gen/gconvfifo.rf/grf.rf/gntv_or_sync_fifo.gcx.clkx/wr_pntr_cdc_inst/src_gray_ff_reg[1]} {u_custom_apb_hdmi/u_ov5640_hdmi/u_ddr3_top/u_ddr3_fifo_ctrl/u_rd_fifo/U0/inst_fifo_gen/gconvfifo.rf/grf.rf/gntv_or_sync_fifo.gcx.clkx/wr_pntr_cdc_inst/src_gray_ff_reg[2]} {u_custom_apb_hdmi/u_ov5640_hdmi/u_ddr3_top/u_ddr3_fifo_ctrl/u_rd_fifo/U0/inst_fifo_gen/gconvfifo.rf/grf.rf/gntv_or_sync_fifo.gcx.clkx/wr_pntr_cdc_inst/src_gray_ff_reg[3]} {u_custom_apb_hdmi/u_ov5640_hdmi/u_ddr3_top/u_ddr3_fifo_ctrl/u_rd_fifo/U0/inst_fifo_gen/gconvfifo.rf/grf.rf/gntv_or_sync_fifo.gcx.clkx/wr_pntr_cdc_inst/src_gray_ff_reg[4]} {u_custom_apb_hdmi/u_ov5640_hdmi/u_ddr3_top/u_ddr3_fifo_ctrl/u_rd_fifo/U0/inst_fifo_gen/gconvfifo.rf/grf.rf/gntv_or_sync_fifo.gcx.clkx/wr_pntr_cdc_inst/src_gray_ff_reg[5]} {u_custom_apb_hdmi/u_ov5640_hdmi/u_ddr3_top/u_ddr3_fifo_ctrl/u_rd_fifo/U0/inst_fifo_gen/gconvfifo.rf/grf.rf/gntv_or_sync_fifo.gcx.clkx/wr_pntr_cdc_inst/src_gray_ff_reg[6]} {u_custom_apb_hdmi/u_ov5640_hdmi/u_ddr3_top/u_ddr3_fifo_ctrl/u_rd_fifo/U0/inst_fifo_gen/gconvfifo.rf/grf.rf/gntv_or_sync_fifo.gcx.clkx/wr_pntr_cdc_inst/src_gray_ff_reg[7]} {u_custom_apb_hdmi/u_ov5640_hdmi/u_ddr3_top/u_ddr3_fifo_ctrl/u_rd_fifo/U0/inst_fifo_gen/gconvfifo.rf/grf.rf/gntv_or_sync_fifo.gcx.clkx/wr_pntr_cdc_inst/src_gray_ff_reg[8]}]] -to [get_cells [list {u_custom_apb_hdmi/u_ov5640_hdmi/u_ddr3_top/u_ddr3_fifo_ctrl/u_rd_fifo/U0/inst_fifo_gen/gconvfifo.rf/grf.rf/gntv_or_sync_fifo.gcx.clkx/wr_pntr_cdc_inst/dest_graysync_ff_reg[0][0]} {u_custom_apb_hdmi/u_ov5640_hdmi/u_ddr3_top/u_ddr3_fifo_ctrl/u_rd_fifo/U0/inst_fifo_gen/gconvfifo.rf/grf.rf/gntv_or_sync_fifo.gcx.clkx/wr_pntr_cdc_inst/dest_graysync_ff_reg[0][1]} {u_custom_apb_hdmi/u_ov5640_hdmi/u_ddr3_top/u_ddr3_fifo_ctrl/u_rd_fifo/U0/inst_fifo_gen/gconvfifo.rf/grf.rf/gntv_or_sync_fifo.gcx.clkx/wr_pntr_cdc_inst/dest_graysync_ff_reg[0][2]} {u_custom_apb_hdmi/u_ov5640_hdmi/u_ddr3_top/u_ddr3_fifo_ctrl/u_rd_fifo/U0/inst_fifo_gen/gconvfifo.rf/grf.rf/gntv_or_sync_fifo.gcx.clkx/wr_pntr_cdc_inst/dest_graysync_ff_reg[0][3]} {u_custom_apb_hdmi/u_ov5640_hdmi/u_ddr3_top/u_ddr3_fifo_ctrl/u_rd_fifo/U0/inst_fifo_gen/gconvfifo.rf/grf.rf/gntv_or_sync_fifo.gcx.clkx/wr_pntr_cdc_inst/dest_graysync_ff_reg[0][4]} {u_custom_apb_hdmi/u_ov5640_hdmi/u_ddr3_top/u_ddr3_fifo_ctrl/u_rd_fifo/U0/inst_fifo_gen/gconvfifo.rf/grf.rf/gntv_or_sync_fifo.gcx.clkx/wr_pntr_cdc_inst/dest_graysync_ff_reg[0][5]} {u_custom_apb_hdmi/u_ov5640_hdmi/u_ddr3_top/u_ddr3_fifo_ctrl/u_rd_fifo/U0/inst_fifo_gen/gconvfifo.rf/grf.rf/gntv_or_sync_fifo.gcx.clkx/wr_pntr_cdc_inst/dest_graysync_ff_reg[0][6]} {u_custom_apb_hdmi/u_ov5640_hdmi/u_ddr3_top/u_ddr3_fifo_ctrl/u_rd_fifo/U0/inst_fifo_gen/gconvfifo.rf/grf.rf/gntv_or_sync_fifo.gcx.clkx/wr_pntr_cdc_inst/dest_graysync_ff_reg[0][7]} {u_custom_apb_hdmi/u_ov5640_hdmi/u_ddr3_top/u_ddr3_fifo_ctrl/u_rd_fifo/U0/inst_fifo_gen/gconvfifo.rf/grf.rf/gntv_or_sync_fifo.gcx.clkx/wr_pntr_cdc_inst/dest_graysync_ff_reg[0][8]}]] 10.000
Requirement: 10.000ns
Endpoints: 9

From Clock            To Clock              Endpoint Pin                    Reference Pin                   Corner  Actual(ns)  Slack(ns)
--------------------  --------------------  ------------------------------  ------------------------------  ------  ----------  ---------
clk_pll_i             clk_out4_clk_wiz_0    u_custom_apb_hdmi/u_ov5640_hdmi/u_ddr3_top/u_ddr3_fifo_ctrl/u_rd_fifo/U0/inst_fifo_gen/gconvfifo.rf/grf.rf/gntv_or_sync_fifo.gcx.clkx/wr_pntr_cdc_inst/dest_graysync_ff_reg[0][1]/D
                                                                            u_custom_apb_hdmi/u_ov5640_hdmi/u_ddr3_top/u_ddr3_fifo_ctrl/u_rd_fifo/U0/inst_fifo_gen/gconvfifo.rf/grf.rf/gntv_or_sync_fifo.gcx.clkx/wr_pntr_cdc_inst/dest_graysync_ff_reg[0][8]/D
                                                                                                            Slow         1.028      8.972


Slack (MET) :             8.972ns  (requirement - actual skew)
  Endpoint Source:        u_custom_apb_hdmi/u_ov5640_hdmi/u_ddr3_top/u_ddr3_fifo_ctrl/u_rd_fifo/U0/inst_fifo_gen/gconvfifo.rf/grf.rf/gntv_or_sync_fifo.gcx.clkx/wr_pntr_cdc_inst/src_gray_ff_reg[1]/C
                            (rising edge-triggered cell FDRE clocked by clk_pll_i)
  Endpoint Destination:   u_custom_apb_hdmi/u_ov5640_hdmi/u_ddr3_top/u_ddr3_fifo_ctrl/u_rd_fifo/U0/inst_fifo_gen/gconvfifo.rf/grf.rf/gntv_or_sync_fifo.gcx.clkx/wr_pntr_cdc_inst/dest_graysync_ff_reg[0][1]/D
                            (rising edge-triggered cell FDRE clocked by clk_out4_clk_wiz_0)
  Reference Source:       u_custom_apb_hdmi/u_ov5640_hdmi/u_ddr3_top/u_ddr3_fifo_ctrl/u_rd_fifo/U0/inst_fifo_gen/gconvfifo.rf/grf.rf/gntv_or_sync_fifo.gcx.clkx/wr_pntr_cdc_inst/src_gray_ff_reg[8]/C
                            (rising edge-triggered cell FDRE clocked by clk_pll_i)
  Reference Destination:  u_custom_apb_hdmi/u_ov5640_hdmi/u_ddr3_top/u_ddr3_fifo_ctrl/u_rd_fifo/U0/inst_fifo_gen/gconvfifo.rf/grf.rf/gntv_or_sync_fifo.gcx.clkx/wr_pntr_cdc_inst/dest_graysync_ff_reg[0][8]/D
                            (rising edge-triggered cell FDRE clocked by clk_out4_clk_wiz_0)
  Path Type:              Bus Skew (Max at Slow Process Corner)
  Requirement:            10.000ns
  Endpoint Relative Delay:    3.350ns
  Reference Relative Delay:   2.069ns
  Relative CRPR:              0.514ns
  Uncertainty:                0.262ns
  Actual Bus Skew:            1.028ns  (Endpoint Relative Delay - Reference Relative Delay - Relative CRPR + Uncertainty)

Endpoint path:
    Location             Delay type                Incr(ns)  Path(ns)    Netlist Resource(s)
  -------------------------------------------------------------------    -------------------
                         (clock clk_pll_i rise edge)
                                                      0.000     0.000 r  
    R4                                                0.000     0.000 r  CLK50m (IN)
                         net (fo=0)                   0.000     0.000    CLK50m
    R4                   IBUF (Prop_ibuf_I_O)         0.945     0.945 r  CLK50m_IBUF_inst/O
                         net (fo=1, routed)           1.717     2.662    CLK50m_IBUF
    BUFGCTRL_X0Y5        BUFG (Prop_bufg_I_O)         0.081     2.743 r  SynClock.sys_clk/O
                         net (fo=5240, routed)        1.549     4.292    u_custom_apb_hdmi/u_ov5640_hdmi/u_clk_wiz_0/inst/clk_in1
    MMCME2_ADV_X0Y0      MMCME2_ADV (Prop_mmcme2_adv_CLKIN1_CLKOUT0)
                                                     -3.344     0.948 r  u_custom_apb_hdmi/u_ov5640_hdmi/u_clk_wiz_0/inst/mmcm_adv_inst/CLKOUT0
                         net (fo=1, routed)           1.714     2.662    u_custom_apb_hdmi/u_ov5640_hdmi/u_clk_wiz_0/inst/clk_out1_clk_wiz_0
    BUFGCTRL_X0Y3        BUFG (Prop_bufg_I_O)         0.081     2.743 r  u_custom_apb_hdmi/u_ov5640_hdmi/u_clk_wiz_0/inst/clkout1_buf/O
                         net (fo=63, routed)          1.431     4.174    u_custom_apb_hdmi/u_ov5640_hdmi/u_ddr3_top/u_mig_7series_0/u_mig_7series_0_mig/u_ddr3_infrastructure/mmcm_clk
    PLLE2_ADV_X1Y1       PLLE2_ADV (Prop_plle2_adv_CLKIN1_CLKOUT3)
                                                      0.077     4.251 r  u_custom_apb_hdmi/u_ov5640_hdmi/u_ddr3_top/u_mig_7series_0/u_mig_7series_0_mig/u_ddr3_infrastructure/plle2_i/CLKOUT3
                         net (fo=1, routed)           1.090     5.341    u_custom_apb_hdmi/u_ov5640_hdmi/u_ddr3_top/u_mig_7series_0/u_mig_7series_0_mig/u_ddr3_infrastructure/pll_clk3_out
    BUFHCE_X1Y12         BUFH (Prop_bufh_I_O)         0.106     5.447 r  u_custom_apb_hdmi/u_ov5640_hdmi/u_ddr3_top/u_mig_7series_0/u_mig_7series_0_mig/u_ddr3_infrastructure/u_bufh_pll_clk3/O
                         net (fo=1, routed)           0.725     6.172    u_custom_apb_hdmi/u_ov5640_hdmi/u_ddr3_top/u_mig_7series_0/u_mig_7series_0_mig/u_ddr3_infrastructure/pll_clk3
    MMCME2_ADV_X1Y1      MMCME2_ADV (Prop_mmcme2_adv_CLKIN1_CLKFBOUT)
                                                     -2.941     3.230 r  u_custom_apb_hdmi/u_ov5640_hdmi/u_ddr3_top/u_mig_7series_0/u_mig_7series_0_mig/u_ddr3_infrastructure/gen_mmcm.mmcm_i/CLKFBOUT
                         net (fo=1, routed)           1.449     4.679    u_custom_apb_hdmi/u_ov5640_hdmi/u_ddr3_top/u_mig_7series_0/u_mig_7series_0_mig/u_ddr3_infrastructure/clk_pll_i
    BUFGCTRL_X0Y0        BUFG (Prop_bufg_I_O)         0.081     4.760 r  u_custom_apb_hdmi/u_ov5640_hdmi/u_ddr3_top/u_mig_7series_0/u_mig_7series_0_mig/u_ddr3_infrastructure/u_bufg_clkdiv0/O
                         net (fo=7437, routed)        1.357     6.117    u_custom_apb_hdmi/u_ov5640_hdmi/u_ddr3_top/u_ddr3_fifo_ctrl/u_rd_fifo/U0/inst_fifo_gen/gconvfifo.rf/grf.rf/gntv_or_sync_fifo.gcx.clkx/wr_pntr_cdc_inst/src_clk
    SLICE_X59Y109        FDRE                                         r  u_custom_apb_hdmi/u_ov5640_hdmi/u_ddr3_top/u_ddr3_fifo_ctrl/u_rd_fifo/U0/inst_fifo_gen/gconvfifo.rf/grf.rf/gntv_or_sync_fifo.gcx.clkx/wr_pntr_cdc_inst/src_gray_ff_reg[1]/C
  -------------------------------------------------------------------    -------------------
    SLICE_X59Y109        FDRE (Prop_fdre_C_Q)         0.348     6.465 r  u_custom_apb_hdmi/u_ov5640_hdmi/u_ddr3_top/u_ddr3_fifo_ctrl/u_rd_fifo/U0/inst_fifo_gen/gconvfifo.rf/grf.rf/gntv_or_sync_fifo.gcx.clkx/wr_pntr_cdc_inst/src_gray_ff_reg[1]/Q
                         net (fo=1, routed)           0.623     7.088    u_custom_apb_hdmi/u_ov5640_hdmi/u_ddr3_top/u_ddr3_fifo_ctrl/u_rd_fifo/U0/inst_fifo_gen/gconvfifo.rf/grf.rf/gntv_or_sync_fifo.gcx.clkx/wr_pntr_cdc_inst/async_path[1]
    SLICE_X58Y109        FDRE                                         r  u_custom_apb_hdmi/u_ov5640_hdmi/u_ddr3_top/u_ddr3_fifo_ctrl/u_rd_fifo/U0/inst_fifo_gen/gconvfifo.rf/grf.rf/gntv_or_sync_fifo.gcx.clkx/wr_pntr_cdc_inst/dest_graysync_ff_reg[0][1]/D
  -------------------------------------------------------------------    -------------------

                         (clock clk_out4_clk_wiz_0 rise edge)
                                                      0.000     0.000 r  
    R4                                                0.000     0.000 r  CLK50m (IN)
                         net (fo=0)                   0.000     0.000    CLK50m
    R4                   IBUF (Prop_ibuf_I_O)         0.813     0.813 r  CLK50m_IBUF_inst/O
                         net (fo=1, routed)           1.628     2.441    CLK50m_IBUF
    BUFGCTRL_X0Y5        BUFG (Prop_bufg_I_O)         0.077     2.518 r  SynClock.sys_clk/O
                         net (fo=5240, routed)        1.439     3.957    u_custom_apb_hdmi/u_ov5640_hdmi/u_clk_wiz_0/inst/clk_in1
    MMCME2_ADV_X0Y0      MMCME2_ADV (Prop_mmcme2_adv_CLKIN1_CLKOUT3)
                                                     -3.149     0.808 r  u_custom_apb_hdmi/u_ov5640_hdmi/u_clk_wiz_0/inst/mmcm_adv_inst/CLKOUT3
                         net (fo=1, routed)           1.633     2.441    u_custom_apb_hdmi/u_ov5640_hdmi/u_clk_wiz_0/inst/clk_out4_clk_wiz_0
    BUFGCTRL_X0Y1        BUFG (Prop_bufg_I_O)         0.077     2.518 r  u_custom_apb_hdmi/u_ov5640_hdmi/u_clk_wiz_0/inst/clkout4_buf/O
                         net (fo=758, routed)         1.246     3.764    u_custom_apb_hdmi/u_ov5640_hdmi/u_ddr3_top/u_ddr3_fifo_ctrl/u_rd_fifo/U0/inst_fifo_gen/gconvfifo.rf/grf.rf/gntv_or_sync_fifo.gcx.clkx/wr_pntr_cdc_inst/dest_clk
    SLICE_X58Y109        FDRE                                         r  u_custom_apb_hdmi/u_ov5640_hdmi/u_ddr3_top/u_ddr3_fifo_ctrl/u_rd_fifo/U0/inst_fifo_gen/gconvfifo.rf/grf.rf/gntv_or_sync_fifo.gcx.clkx/wr_pntr_cdc_inst/dest_graysync_ff_reg[0][1]/C
                         clock pessimism              0.140     3.904    
    SLICE_X58Y109        FDRE (Setup_fdre_C_D)       -0.166     3.738    u_custom_apb_hdmi/u_ov5640_hdmi/u_ddr3_top/u_ddr3_fifo_ctrl/u_rd_fifo/U0/inst_fifo_gen/gconvfifo.rf/grf.rf/gntv_or_sync_fifo.gcx.clkx/wr_pntr_cdc_inst/dest_graysync_ff_reg[0][1]
  -------------------------------------------------------------------
                         data arrival                           7.088    
                         clock arrival                          3.738    
  -------------------------------------------------------------------
                         relative delay                         3.350    

Reference path:
    Location             Delay type                Incr(ns)  Path(ns)    Netlist Resource(s)
  -------------------------------------------------------------------    -------------------
                         (clock clk_pll_i rise edge)
                                                      0.000     0.000 r  
    R4                                                0.000     0.000 r  CLK50m (IN)
                         net (fo=0)                   0.000     0.000    CLK50m
    R4                   IBUF (Prop_ibuf_I_O)         0.813     0.813 r  CLK50m_IBUF_inst/O
                         net (fo=1, routed)           1.628     2.441    CLK50m_IBUF
    BUFGCTRL_X0Y5        BUFG (Prop_bufg_I_O)         0.077     2.518 r  SynClock.sys_clk/O
                         net (fo=5240, routed)        1.439     3.957    u_custom_apb_hdmi/u_ov5640_hdmi/u_clk_wiz_0/inst/clk_in1
    MMCME2_ADV_X0Y0      MMCME2_ADV (Prop_mmcme2_adv_CLKIN1_CLKOUT0)
                                                     -3.149     0.808 r  u_custom_apb_hdmi/u_ov5640_hdmi/u_clk_wiz_0/inst/mmcm_adv_inst/CLKOUT0
                         net (fo=1, routed)           1.633     2.441    u_custom_apb_hdmi/u_ov5640_hdmi/u_clk_wiz_0/inst/clk_out1_clk_wiz_0
    BUFGCTRL_X0Y3        BUFG (Prop_bufg_I_O)         0.077     2.518 r  u_custom_apb_hdmi/u_ov5640_hdmi/u_clk_wiz_0/inst/clkout1_buf/O
                         net (fo=63, routed)          1.325     3.843    u_custom_apb_hdmi/u_ov5640_hdmi/u_ddr3_top/u_mig_7series_0/u_mig_7series_0_mig/u_ddr3_infrastructure/mmcm_clk
    PLLE2_ADV_X1Y1       PLLE2_ADV (Prop_plle2_adv_CLKIN1_CLKOUT3)
                                                      0.073     3.916 r  u_custom_apb_hdmi/u_ov5640_hdmi/u_ddr3_top/u_mig_7series_0/u_mig_7series_0_mig/u_ddr3_infrastructure/plle2_i/CLKOUT3
                         net (fo=1, routed)           0.958     4.874    u_custom_apb_hdmi/u_ov5640_hdmi/u_ddr3_top/u_mig_7series_0/u_mig_7series_0_mig/u_ddr3_infrastructure/pll_clk3_out
    BUFHCE_X1Y12         BUFH (Prop_bufh_I_O)         0.069     4.943 r  u_custom_apb_hdmi/u_ov5640_hdmi/u_ddr3_top/u_mig_7series_0/u_mig_7series_0_mig/u_ddr3_infrastructure/u_bufh_pll_clk3/O
                         net (fo=1, routed)           0.685     5.628    u_custom_apb_hdmi/u_ov5640_hdmi/u_ddr3_top/u_mig_7series_0/u_mig_7series_0_mig/u_ddr3_infrastructure/pll_clk3
    MMCME2_ADV_X1Y1      MMCME2_ADV (Prop_mmcme2_adv_CLKIN1_CLKFBOUT)
                                                     -2.764     2.864 r  u_custom_apb_hdmi/u_ov5640_hdmi/u_ddr3_top/u_mig_7series_0/u_mig_7series_0_mig/u_ddr3_infrastructure/gen_mmcm.mmcm_i/CLKFBOUT
                         net (fo=1, routed)           1.381     4.245    u_custom_apb_hdmi/u_ov5640_hdmi/u_ddr3_top/u_mig_7series_0/u_mig_7series_0_mig/u_ddr3_infrastructure/clk_pll_i
    BUFGCTRL_X0Y0        BUFG (Prop_bufg_I_O)         0.077     4.322 r  u_custom_apb_hdmi/u_ov5640_hdmi/u_ddr3_top/u_mig_7series_0/u_mig_7series_0_mig/u_ddr3_infrastructure/u_bufg_clkdiv0/O
                         net (fo=7437, routed)        1.244     5.566    u_custom_apb_hdmi/u_ov5640_hdmi/u_ddr3_top/u_ddr3_fifo_ctrl/u_rd_fifo/U0/inst_fifo_gen/gconvfifo.rf/grf.rf/gntv_or_sync_fifo.gcx.clkx/wr_pntr_cdc_inst/src_clk
    SLICE_X56Y110        FDRE                                         r  u_custom_apb_hdmi/u_ov5640_hdmi/u_ddr3_top/u_ddr3_fifo_ctrl/u_rd_fifo/U0/inst_fifo_gen/gconvfifo.rf/grf.rf/gntv_or_sync_fifo.gcx.clkx/wr_pntr_cdc_inst/src_gray_ff_reg[8]/C
  -------------------------------------------------------------------    -------------------
    SLICE_X56Y110        FDRE (Prop_fdre_C_Q)         0.347     5.913 r  u_custom_apb_hdmi/u_ov5640_hdmi/u_ddr3_top/u_ddr3_fifo_ctrl/u_rd_fifo/U0/inst_fifo_gen/gconvfifo.rf/grf.rf/gntv_or_sync_fifo.gcx.clkx/wr_pntr_cdc_inst/src_gray_ff_reg[8]/Q
                         net (fo=1, routed)           0.300     6.213    u_custom_apb_hdmi/u_ov5640_hdmi/u_ddr3_top/u_ddr3_fifo_ctrl/u_rd_fifo/U0/inst_fifo_gen/gconvfifo.rf/grf.rf/gntv_or_sync_fifo.gcx.clkx/wr_pntr_cdc_inst/async_path[8]
    SLICE_X54Y110        FDRE                                         r  u_custom_apb_hdmi/u_ov5640_hdmi/u_ddr3_top/u_ddr3_fifo_ctrl/u_rd_fifo/U0/inst_fifo_gen/gconvfifo.rf/grf.rf/gntv_or_sync_fifo.gcx.clkx/wr_pntr_cdc_inst/dest_graysync_ff_reg[0][8]/D
  -------------------------------------------------------------------    -------------------

                         (clock clk_out4_clk_wiz_0 rise edge)
                                                      0.000     0.000 r  
    R4                                                0.000     0.000 r  CLK50m (IN)
                         net (fo=0)                   0.000     0.000    CLK50m
    R4                   IBUF (Prop_ibuf_I_O)         0.945     0.945 r  CLK50m_IBUF_inst/O
                         net (fo=1, routed)           1.717     2.662    CLK50m_IBUF
    BUFGCTRL_X0Y5        BUFG (Prop_bufg_I_O)         0.081     2.743 r  SynClock.sys_clk/O
                         net (fo=5240, routed)        1.549     4.292    u_custom_apb_hdmi/u_ov5640_hdmi/u_clk_wiz_0/inst/clk_in1
    MMCME2_ADV_X0Y0      MMCME2_ADV (Prop_mmcme2_adv_CLKIN1_CLKOUT3)
                                                     -3.344     0.948 r  u_custom_apb_hdmi/u_ov5640_hdmi/u_clk_wiz_0/inst/mmcm_adv_inst/CLKOUT3
                         net (fo=1, routed)           1.714     2.662    u_custom_apb_hdmi/u_ov5640_hdmi/u_clk_wiz_0/inst/clk_out4_clk_wiz_0
    BUFGCTRL_X0Y1        BUFG (Prop_bufg_I_O)         0.081     2.743 r  u_custom_apb_hdmi/u_ov5640_hdmi/u_clk_wiz_0/inst/clkout4_buf/O
                         net (fo=758, routed)         1.352     4.095    u_custom_apb_hdmi/u_ov5640_hdmi/u_ddr3_top/u_ddr3_fifo_ctrl/u_rd_fifo/U0/inst_fifo_gen/gconvfifo.rf/grf.rf/gntv_or_sync_fifo.gcx.clkx/wr_pntr_cdc_inst/dest_clk
    SLICE_X54Y110        FDRE                                         r  u_custom_apb_hdmi/u_ov5640_hdmi/u_ddr3_top/u_ddr3_fifo_ctrl/u_rd_fifo/U0/inst_fifo_gen/gconvfifo.rf/grf.rf/gntv_or_sync_fifo.gcx.clkx/wr_pntr_cdc_inst/dest_graysync_ff_reg[0][8]/C
                         clock pessimism             -0.140     3.955    
    SLICE_X54Y110        FDRE (Hold_fdre_C_D)         0.189     4.144    u_custom_apb_hdmi/u_ov5640_hdmi/u_ddr3_top/u_ddr3_fifo_ctrl/u_rd_fifo/U0/inst_fifo_gen/gconvfifo.rf/grf.rf/gntv_or_sync_fifo.gcx.clkx/wr_pntr_cdc_inst/dest_graysync_ff_reg[0][8]
  -------------------------------------------------------------------
                         data arrival                           6.213    
                         clock arrival                          4.144    
  -------------------------------------------------------------------
                         relative delay                         2.069    



