INFO: [VRFC 10-2263] Analyzing Verilog file "C:/Users/84308/Desktop/my_CortexM3/vivado_a7/CortexM3.srcs/sources_1/ip/clk_wiz_0/clk_wiz_0_clk_wiz.v" into library xil_defaultlib
INFO: [VRFC 10-311] analyzing module clk_wiz_0_clk_wiz
INFO: [VRFC 10-2263] Analyzing Verilog file "C:/Users/84308/Desktop/my_CortexM3/vivado_a7/CortexM3.srcs/sources_1/ip/clk_wiz_0/clk_wiz_0.v" into library xil_defaultlib
INFO: [VRFC 10-311] analyzing module clk_wiz_0
INFO: [VRFC 10-2263] Analyzing Verilog file "C:/Users/84308/Desktop/my_CortexM3/vivado_a7/CortexM3.srcs/sources_1/ip/wr_fifo/sim/wr_fifo.v" into library xil_defaultlib
INFO: [VRFC 10-311] analyzing module wr_fifo
INFO: [VRFC 10-2263] Analyzing Verilog file "C:/Users/84308/Desktop/my_CortexM3/vivado_a7/CortexM3.srcs/sources_1/ip/rd_fifo/sim/rd_fifo.v" into library xil_defaultlib
INFO: [VRFC 10-311] analyzing module rd_fifo
INFO: [VRFC 10-2263] Analyzing Verilog file "C:/Users/84308/Desktop/my_CortexM3/vivado_a7/CortexM3.srcs/sources_1/ip/mig_7series_0/mig_7series_0/user_design/rtl/clocking/mig_7series_v4_2_clk_ibuf.v" into library xil_defaultlib
INFO: [VRFC 10-311] analyzing module mig_7series_v4_2_clk_ibuf
INFO: [VRFC 10-2263] Analyzing Verilog file "C:/Users/84308/Desktop/my_CortexM3/vivado_a7/CortexM3.srcs/sources_1/ip/mig_7series_0/mig_7series_0/user_design/rtl/clocking/mig_7series_v4_2_infrastructure.v" into library xil_defaultlib
INFO: [VRFC 10-311] analyzing module mig_7series_v4_2_infrastructure
INFO: [VRFC 10-2263] Analyzing Verilog file "C:/Users/84308/Desktop/my_CortexM3/vivado_a7/CortexM3.srcs/sources_1/ip/mig_7series_0/mig_7series_0/user_design/rtl/clocking/mig_7series_v4_2_iodelay_ctrl.v" into library xil_defaultlib
INFO: [VRFC 10-311] analyzing module mig_7series_v4_2_iodelay_ctrl
INFO: [VRFC 10-2263] Analyzing Verilog file "C:/Users/84308/Desktop/my_CortexM3/vivado_a7/CortexM3.srcs/sources_1/ip/mig_7series_0/mig_7series_0/user_design/rtl/clocking/mig_7series_v4_2_tempmon.v" into library xil_defaultlib
INFO: [VRFC 10-311] analyzing module mig_7series_v4_2_tempmon
INFO: [VRFC 10-2263] Analyzing Verilog file "C:/Users/84308/Desktop/my_CortexM3/vivado_a7/CortexM3.srcs/sources_1/ip/mig_7series_0/mig_7series_0/user_design/rtl/controller/mig_7series_v4_2_arb_mux.v" into library xil_defaultlib
INFO: [VRFC 10-311] analyzing module mig_7series_v4_2_arb_mux
INFO: [VRFC 10-2263] Analyzing Verilog file "C:/Users/84308/Desktop/my_CortexM3/vivado_a7/CortexM3.srcs/sources_1/ip/mig_7series_0/mig_7series_0/user_design/rtl/controller/mig_7series_v4_2_arb_row_col.v" into library xil_defaultlib
INFO: [VRFC 10-311] analyzing module mig_7series_v4_2_arb_row_col
WARNING: [VRFC 10-2654] begin/end is required for generate-for in this mode of verilog [C:/Users/84308/Desktop/my_CortexM3/vivado_a7/CortexM3.srcs/sources_1/ip/mig_7series_0/mig_7series_0/user_design/rtl/controller/mig_7series_v4_2_arb_row_col.v:252]
INFO: [VRFC 10-2263] Analyzing Verilog file "C:/Users/84308/Desktop/my_CortexM3/vivado_a7/CortexM3.srcs/sources_1/ip/mig_7series_0/mig_7series_0/user_design/rtl/controller/mig_7series_v4_2_arb_select.v" into library xil_defaultlib
INFO: [VRFC 10-311] analyzing module mig_7series_v4_2_arb_select
INFO: [VRFC 10-2263] Analyzing Verilog file "C:/Users/84308/Desktop/my_CortexM3/vivado_a7/CortexM3.srcs/sources_1/ip/mig_7series_0/mig_7series_0/user_design/rtl/controller/mig_7series_v4_2_bank_cntrl.v" into library xil_defaultlib
INFO: [VRFC 10-311] analyzing module mig_7series_v4_2_bank_cntrl
INFO: [VRFC 10-2263] Analyzing Verilog file "C:/Users/84308/Desktop/my_CortexM3/vivado_a7/CortexM3.srcs/sources_1/ip/mig_7series_0/mig_7series_0/user_design/rtl/controller/mig_7series_v4_2_bank_common.v" into library xil_defaultlib
INFO: [VRFC 10-311] analyzing module mig_7series_v4_2_bank_common
INFO: [VRFC 10-2263] Analyzing Verilog file "C:/Users/84308/Desktop/my_CortexM3/vivado_a7/CortexM3.srcs/sources_1/ip/mig_7series_0/mig_7series_0/user_design/rtl/controller/mig_7series_v4_2_bank_compare.v" into library xil_defaultlib
INFO: [VRFC 10-311] analyzing module mig_7series_v4_2_bank_compare
INFO: [VRFC 10-2263] Analyzing Verilog file "C:/Users/84308/Desktop/my_CortexM3/vivado_a7/CortexM3.srcs/sources_1/ip/mig_7series_0/mig_7series_0/user_design/rtl/controller/mig_7series_v4_2_bank_mach.v" into library xil_defaultlib
INFO: [VRFC 10-311] analyzing module mig_7series_v4_2_bank_mach
INFO: [VRFC 10-2263] Analyzing Verilog file "C:/Users/84308/Desktop/my_CortexM3/vivado_a7/CortexM3.srcs/sources_1/ip/mig_7series_0/mig_7series_0/user_design/rtl/controller/mig_7series_v4_2_bank_queue.v" into library xil_defaultlib
INFO: [VRFC 10-311] analyzing module mig_7series_v4_2_bank_queue
INFO: [VRFC 10-2263] Analyzing Verilog file "C:/Users/84308/Desktop/my_CortexM3/vivado_a7/CortexM3.srcs/sources_1/ip/mig_7series_0/mig_7series_0/user_design/rtl/controller/mig_7series_v4_2_bank_state.v" into library xil_defaultlib
INFO: [VRFC 10-311] analyzing module mig_7series_v4_2_bank_state
INFO: [VRFC 10-2263] Analyzing Verilog file "C:/Users/84308/Desktop/my_CortexM3/vivado_a7/CortexM3.srcs/sources_1/ip/mig_7series_0/mig_7series_0/user_design/rtl/controller/mig_7series_v4_2_col_mach.v" into library xil_defaultlib
INFO: [VRFC 10-311] analyzing module mig_7series_v4_2_col_mach
INFO: [VRFC 10-2263] Analyzing Verilog file "C:/Users/84308/Desktop/my_CortexM3/vivado_a7/CortexM3.srcs/sources_1/ip/mig_7series_0/mig_7series_0/user_design/rtl/controller/mig_7series_v4_2_mc.v" into library xil_defaultlib
INFO: [VRFC 10-311] analyzing module mig_7series_v4_2_mc
INFO: [VRFC 10-2263] Analyzing Verilog file "C:/Users/84308/Desktop/my_CortexM3/vivado_a7/CortexM3.srcs/sources_1/ip/mig_7series_0/mig_7series_0/user_design/rtl/controller/mig_7series_v4_2_rank_cntrl.v" into library xil_defaultlib
INFO: [VRFC 10-311] analyzing module mig_7series_v4_2_rank_cntrl
INFO: [VRFC 10-2263] Analyzing Verilog file "C:/Users/84308/Desktop/my_CortexM3/vivado_a7/CortexM3.srcs/sources_1/ip/mig_7series_0/mig_7series_0/user_design/rtl/controller/mig_7series_v4_2_rank_common.v" into library xil_defaultlib
INFO: [VRFC 10-311] analyzing module mig_7series_v4_2_rank_common
INFO: [VRFC 10-2263] Analyzing Verilog file "C:/Users/84308/Desktop/my_CortexM3/vivado_a7/CortexM3.srcs/sources_1/ip/mig_7series_0/mig_7series_0/user_design/rtl/controller/mig_7series_v4_2_rank_mach.v" into library xil_defaultlib
INFO: [VRFC 10-311] analyzing module mig_7series_v4_2_rank_mach
INFO: [VRFC 10-2263] Analyzing Verilog file "C:/Users/84308/Desktop/my_CortexM3/vivado_a7/CortexM3.srcs/sources_1/ip/mig_7series_0/mig_7series_0/user_design/rtl/controller/mig_7series_v4_2_round_robin_arb.v" into library xil_defaultlib
INFO: [VRFC 10-311] analyzing module mig_7series_v4_2_round_robin_arb
INFO: [VRFC 10-2263] Analyzing Verilog file "C:/Users/84308/Desktop/my_CortexM3/vivado_a7/CortexM3.srcs/sources_1/ip/mig_7series_0/mig_7series_0/user_design/rtl/ecc/mig_7series_v4_2_ecc_buf.v" into library xil_defaultlib
INFO: [VRFC 10-311] analyzing module mig_7series_v4_2_ecc_buf
INFO: [VRFC 10-2263] Analyzing Verilog file "C:/Users/84308/Desktop/my_CortexM3/vivado_a7/CortexM3.srcs/sources_1/ip/mig_7series_0/mig_7series_0/user_design/rtl/ecc/mig_7series_v4_2_ecc_dec_fix.v" into library xil_defaultlib
INFO: [VRFC 10-311] analyzing module mig_7series_v4_2_ecc_dec_fix
INFO: [VRFC 10-2263] Analyzing Verilog file "C:/Users/84308/Desktop/my_CortexM3/vivado_a7/CortexM3.srcs/sources_1/ip/mig_7series_0/mig_7series_0/user_design/rtl/ecc/mig_7series_v4_2_ecc_gen.v" into library xil_defaultlib
INFO: [VRFC 10-311] analyzing module mig_7series_v4_2_ecc_gen
INFO: [VRFC 10-2263] Analyzing Verilog file "C:/Users/84308/Desktop/my_CortexM3/vivado_a7/CortexM3.srcs/sources_1/ip/mig_7series_0/mig_7series_0/user_design/rtl/ecc/mig_7series_v4_2_ecc_merge_enc.v" into library xil_defaultlib
INFO: [VRFC 10-311] analyzing module mig_7series_v4_2_ecc_merge_enc
INFO: [VRFC 10-2263] Analyzing Verilog file "C:/Users/84308/Desktop/my_CortexM3/vivado_a7/CortexM3.srcs/sources_1/ip/mig_7series_0/mig_7series_0/user_design/rtl/ecc/mig_7series_v4_2_fi_xor.v" into library xil_defaultlib
INFO: [VRFC 10-311] analyzing module mig_7series_v4_2_fi_xor
INFO: [VRFC 10-2263] Analyzing Verilog file "C:/Users/84308/Desktop/my_CortexM3/vivado_a7/CortexM3.srcs/sources_1/ip/mig_7series_0/mig_7series_0/user_design/rtl/ip_top/mig_7series_v4_2_memc_ui_top_std.v" into library xil_defaultlib
INFO: [VRFC 10-311] analyzing module mig_7series_v4_2_memc_ui_top_std
INFO: [VRFC 10-2263] Analyzing Verilog file "C:/Users/84308/Desktop/my_CortexM3/vivado_a7/CortexM3.srcs/sources_1/ip/mig_7series_0/mig_7series_0/user_design/rtl/ip_top/mig_7series_v4_2_mem_intfc.v" into library xil_defaultlib
INFO: [VRFC 10-311] analyzing module mig_7series_v4_2_mem_intfc
INFO: [VRFC 10-2263] Analyzing Verilog file "C:/Users/84308/Desktop/my_CortexM3/vivado_a7/CortexM3.srcs/sources_1/ip/mig_7series_0/mig_7series_0/user_design/rtl/phy/mig_7series_v4_2_ddr_byte_group_io.v" into library xil_defaultlib
INFO: [VRFC 10-311] analyzing module mig_7series_v4_2_ddr_byte_group_io
INFO: [VRFC 10-2263] Analyzing Verilog file "C:/Users/84308/Desktop/my_CortexM3/vivado_a7/CortexM3.srcs/sources_1/ip/mig_7series_0/mig_7series_0/user_design/rtl/phy/mig_7series_v4_2_ddr_byte_lane.v" into library xil_defaultlib
INFO: [VRFC 10-311] analyzing module mig_7series_v4_2_ddr_byte_lane
INFO: [VRFC 10-2263] Analyzing Verilog file "C:/Users/84308/Desktop/my_CortexM3/vivado_a7/CortexM3.srcs/sources_1/ip/mig_7series_0/mig_7series_0/user_design/rtl/phy/mig_7series_v4_2_ddr_calib_top.v" into library xil_defaultlib
INFO: [VRFC 10-311] analyzing module mig_7series_v4_2_ddr_calib_top
INFO: [VRFC 10-2263] Analyzing Verilog file "C:/Users/84308/Desktop/my_CortexM3/vivado_a7/CortexM3.srcs/sources_1/ip/mig_7series_0/mig_7series_0/user_design/rtl/phy/mig_7series_v4_2_ddr_if_post_fifo.v" into library xil_defaultlib
INFO: [VRFC 10-311] analyzing module mig_7series_v4_2_ddr_if_post_fifo
INFO: [VRFC 10-2263] Analyzing Verilog file "C:/Users/84308/Desktop/my_CortexM3/vivado_a7/CortexM3.srcs/sources_1/ip/mig_7series_0/mig_7series_0/user_design/rtl/phy/mig_7series_v4_2_ddr_mc_phy.v" into library xil_defaultlib
INFO: [VRFC 10-311] analyzing module mig_7series_v4_2_ddr_mc_phy
INFO: [VRFC 10-2263] Analyzing Verilog file "C:/Users/84308/Desktop/my_CortexM3/vivado_a7/CortexM3.srcs/sources_1/ip/mig_7series_0/mig_7series_0/user_design/rtl/phy/mig_7series_v4_2_ddr_mc_phy_wrapper.v" into library xil_defaultlib
INFO: [VRFC 10-311] analyzing module mig_7series_v4_2_ddr_mc_phy_wrapper
INFO: [VRFC 10-2263] Analyzing Verilog file "C:/Users/84308/Desktop/my_CortexM3/vivado_a7/CortexM3.srcs/sources_1/ip/mig_7series_0/mig_7series_0/user_design/rtl/phy/mig_7series_v4_2_ddr_of_pre_fifo.v" into library xil_defaultlib
INFO: [VRFC 10-311] analyzing module mig_7series_v4_2_ddr_of_pre_fifo
INFO: [VRFC 10-2263] Analyzing Verilog file "C:/Users/84308/Desktop/my_CortexM3/vivado_a7/CortexM3.srcs/sources_1/ip/mig_7series_0/mig_7series_0/user_design/rtl/phy/mig_7series_v4_2_ddr_phy_4lanes.v" into library xil_defaultlib
INFO: [VRFC 10-311] analyzing module mig_7series_v4_2_ddr_phy_4lanes
INFO: [VRFC 10-2263] Analyzing Verilog file "C:/Users/84308/Desktop/my_CortexM3/vivado_a7/CortexM3.srcs/sources_1/ip/mig_7series_0/mig_7series_0/user_design/rtl/phy/mig_7series_v4_2_ddr_phy_ck_addr_cmd_delay.v" into library xil_defaultlib
INFO: [VRFC 10-311] analyzing module mig_7series_v4_2_ddr_phy_ck_addr_cmd_delay
INFO: [VRFC 10-2263] Analyzing Verilog file "C:/Users/84308/Desktop/my_CortexM3/vivado_a7/CortexM3.srcs/sources_1/ip/mig_7series_0/mig_7series_0/user_design/rtl/phy/mig_7series_v4_2_ddr_phy_dqs_found_cal.v" into library xil_defaultlib
INFO: [VRFC 10-311] analyzing module mig_7series_v4_2_ddr_phy_dqs_found_cal
INFO: [VRFC 10-2263] Analyzing Verilog file "C:/Users/84308/Desktop/my_CortexM3/vivado_a7/CortexM3.srcs/sources_1/ip/mig_7series_0/mig_7series_0/user_design/rtl/phy/mig_7series_v4_2_ddr_phy_dqs_found_cal_hr.v" into library xil_defaultlib
INFO: [VRFC 10-311] analyzing module mig_7series_v4_2_ddr_phy_dqs_found_cal_hr
INFO: [VRFC 10-2263] Analyzing Verilog file "C:/Users/84308/Desktop/my_CortexM3/vivado_a7/CortexM3.srcs/sources_1/ip/mig_7series_0/mig_7series_0/user_design/rtl/phy/mig_7series_v4_2_ddr_phy_init.v" into library xil_defaultlib
INFO: [VRFC 10-311] analyzing module mig_7series_v4_2_ddr_phy_init
INFO: [VRFC 10-2263] Analyzing Verilog file "C:/Users/84308/Desktop/my_CortexM3/vivado_a7/CortexM3.srcs/sources_1/ip/mig_7series_0/mig_7series_0/user_design/rtl/phy/mig_7series_v4_2_ddr_phy_ocd_cntlr.v" into library xil_defaultlib
INFO: [VRFC 10-311] analyzing module mig_7series_v4_2_ddr_phy_ocd_cntlr
INFO: [VRFC 10-2263] Analyzing Verilog file "C:/Users/84308/Desktop/my_CortexM3/vivado_a7/CortexM3.srcs/sources_1/ip/mig_7series_0/mig_7series_0/user_design/rtl/phy/mig_7series_v4_2_ddr_phy_ocd_data.v" into library xil_defaultlib
INFO: [VRFC 10-311] analyzing module mig_7series_v4_2_ddr_phy_ocd_data
INFO: [VRFC 10-2263] Analyzing Verilog file "C:/Users/84308/Desktop/my_CortexM3/vivado_a7/CortexM3.srcs/sources_1/ip/mig_7series_0/mig_7series_0/user_design/rtl/phy/mig_7series_v4_2_ddr_phy_ocd_edge.v" into library xil_defaultlib
INFO: [VRFC 10-311] analyzing module mig_7series_v4_2_ddr_phy_ocd_edge
INFO: [VRFC 10-2263] Analyzing Verilog file "C:/Users/84308/Desktop/my_CortexM3/vivado_a7/CortexM3.srcs/sources_1/ip/mig_7series_0/mig_7series_0/user_design/rtl/phy/mig_7series_v4_2_ddr_phy_ocd_lim.v" into library xil_defaultlib
INFO: [VRFC 10-311] analyzing module mig_7series_v4_2_ddr_phy_ocd_lim
INFO: [VRFC 10-2263] Analyzing Verilog file "C:/Users/84308/Desktop/my_CortexM3/vivado_a7/CortexM3.srcs/sources_1/ip/mig_7series_0/mig_7series_0/user_design/rtl/phy/mig_7series_v4_2_ddr_phy_ocd_mux.v" into library xil_defaultlib
INFO: [VRFC 10-311] analyzing module mig_7series_v4_2_ddr_phy_ocd_mux
INFO: [VRFC 10-2263] Analyzing Verilog file "C:/Users/84308/Desktop/my_CortexM3/vivado_a7/CortexM3.srcs/sources_1/ip/mig_7series_0/mig_7series_0/user_design/rtl/phy/mig_7series_v4_2_ddr_phy_ocd_po_cntlr.v" into library xil_defaultlib
INFO: [VRFC 10-311] analyzing module mig_7series_v4_2_ddr_phy_ocd_po_cntlr
INFO: [VRFC 10-2263] Analyzing Verilog file "C:/Users/84308/Desktop/my_CortexM3/vivado_a7/CortexM3.srcs/sources_1/ip/mig_7series_0/mig_7series_0/user_design/rtl/phy/mig_7series_v4_2_ddr_phy_ocd_samp.v" into library xil_defaultlib
INFO: [VRFC 10-311] analyzing module mig_7series_v4_2_ddr_phy_ocd_samp
INFO: [VRFC 10-2263] Analyzing Verilog file "C:/Users/84308/Desktop/my_CortexM3/vivado_a7/CortexM3.srcs/sources_1/ip/mig_7series_0/mig_7series_0/user_design/rtl/phy/mig_7series_v4_2_ddr_phy_oclkdelay_cal.v" into library xil_defaultlib
INFO: [VRFC 10-311] analyzing module mig_7series_v4_2_ddr_phy_oclkdelay_cal
INFO: [VRFC 10-2263] Analyzing Verilog file "C:/Users/84308/Desktop/my_CortexM3/vivado_a7/CortexM3.srcs/sources_1/ip/mig_7series_0/mig_7series_0/user_design/rtl/phy/mig_7series_v4_2_ddr_phy_prbs_rdlvl.v" into library xil_defaultlib
INFO: [VRFC 10-311] analyzing module mig_7series_v4_2_ddr_phy_prbs_rdlvl
INFO: [VRFC 10-2263] Analyzing Verilog file "C:/Users/84308/Desktop/my_CortexM3/vivado_a7/CortexM3.srcs/sources_1/ip/mig_7series_0/mig_7series_0/user_design/rtl/phy/mig_7series_v4_2_ddr_phy_rdlvl.v" into library xil_defaultlib
INFO: [VRFC 10-311] analyzing module mig_7series_v4_2_ddr_phy_rdlvl
INFO: [VRFC 10-2263] Analyzing Verilog file "C:/Users/84308/Desktop/my_CortexM3/vivado_a7/CortexM3.srcs/sources_1/ip/mig_7series_0/mig_7series_0/user_design/rtl/phy/mig_7series_v4_2_ddr_phy_tempmon.v" into library xil_defaultlib
INFO: [VRFC 10-311] analyzing module mig_7series_v4_2_ddr_phy_tempmon
INFO: [VRFC 10-2263] Analyzing Verilog file "C:/Users/84308/Desktop/my_CortexM3/vivado_a7/CortexM3.srcs/sources_1/ip/mig_7series_0/mig_7series_0/user_design/rtl/phy/mig_7series_v4_2_ddr_phy_top.v" into library xil_defaultlib
INFO: [VRFC 10-311] analyzing module mig_7series_v4_2_ddr_phy_top
INFO: [VRFC 10-2263] Analyzing Verilog file "C:/Users/84308/Desktop/my_CortexM3/vivado_a7/CortexM3.srcs/sources_1/ip/mig_7series_0/mig_7series_0/user_design/rtl/phy/mig_7series_v4_2_ddr_phy_wrcal.v" into library xil_defaultlib
INFO: [VRFC 10-311] analyzing module mig_7series_v4_2_ddr_phy_wrcal
INFO: [VRFC 10-2263] Analyzing Verilog file "C:/Users/84308/Desktop/my_CortexM3/vivado_a7/CortexM3.srcs/sources_1/ip/mig_7series_0/mig_7series_0/user_design/rtl/phy/mig_7series_v4_2_ddr_phy_wrlvl.v" into library xil_defaultlib
INFO: [VRFC 10-311] analyzing module mig_7series_v4_2_ddr_phy_wrlvl
INFO: [VRFC 10-2263] Analyzing Verilog file "C:/Users/84308/Desktop/my_CortexM3/vivado_a7/CortexM3.srcs/sources_1/ip/mig_7series_0/mig_7series_0/user_design/rtl/phy/mig_7series_v4_2_ddr_phy_wrlvl_off_delay.v" into library xil_defaultlib
INFO: [VRFC 10-311] analyzing module mig_7series_v4_2_ddr_phy_wrlvl_off_delay
INFO: [VRFC 10-2263] Analyzing Verilog file "C:/Users/84308/Desktop/my_CortexM3/vivado_a7/CortexM3.srcs/sources_1/ip/mig_7series_0/mig_7series_0/user_design/rtl/phy/mig_7series_v4_2_ddr_prbs_gen.v" into library xil_defaultlib
INFO: [VRFC 10-311] analyzing module mig_7series_v4_2_ddr_prbs_gen
INFO: [VRFC 10-2263] Analyzing Verilog file "C:/Users/84308/Desktop/my_CortexM3/vivado_a7/CortexM3.srcs/sources_1/ip/mig_7series_0/mig_7series_0/user_design/rtl/phy/mig_7series_v4_2_ddr_skip_calib_tap.v" into library xil_defaultlib
INFO: [VRFC 10-311] analyzing module mig_7series_v4_2_ddr_skip_calib_tap
INFO: [VRFC 10-2263] Analyzing Verilog file "C:/Users/84308/Desktop/my_CortexM3/vivado_a7/CortexM3.srcs/sources_1/ip/mig_7series_0/mig_7series_0/user_design/rtl/phy/mig_7series_v4_2_poc_cc.v" into library xil_defaultlib
INFO: [VRFC 10-311] analyzing module mig_7series_v4_2_poc_cc
INFO: [VRFC 10-2263] Analyzing Verilog file "C:/Users/84308/Desktop/my_CortexM3/vivado_a7/CortexM3.srcs/sources_1/ip/mig_7series_0/mig_7series_0/user_design/rtl/phy/mig_7series_v4_2_poc_edge_store.v" into library xil_defaultlib
INFO: [VRFC 10-311] analyzing module mig_7series_v4_2_poc_edge_store
INFO: [VRFC 10-2263] Analyzing Verilog file "C:/Users/84308/Desktop/my_CortexM3/vivado_a7/CortexM3.srcs/sources_1/ip/mig_7series_0/mig_7series_0/user_design/rtl/phy/mig_7series_v4_2_poc_meta.v" into library xil_defaultlib
INFO: [VRFC 10-311] analyzing module mig_7series_v4_2_poc_meta
INFO: [VRFC 10-2263] Analyzing Verilog file "C:/Users/84308/Desktop/my_CortexM3/vivado_a7/CortexM3.srcs/sources_1/ip/mig_7series_0/mig_7series_0/user_design/rtl/phy/mig_7series_v4_2_poc_pd.v" into library xil_defaultlib
INFO: [VRFC 10-311] analyzing module mig_7series_v4_2_poc_pd
INFO: [VRFC 10-2263] Analyzing Verilog file "C:/Users/84308/Desktop/my_CortexM3/vivado_a7/CortexM3.srcs/sources_1/ip/mig_7series_0/mig_7series_0/user_design/rtl/phy/mig_7series_v4_2_poc_tap_base.v" into library xil_defaultlib
INFO: [VRFC 10-311] analyzing module mig_7series_v4_2_poc_tap_base
INFO: [VRFC 10-2263] Analyzing Verilog file "C:/Users/84308/Desktop/my_CortexM3/vivado_a7/CortexM3.srcs/sources_1/ip/mig_7series_0/mig_7series_0/user_design/rtl/phy/mig_7series_v4_2_poc_top.v" into library xil_defaultlib
INFO: [VRFC 10-311] analyzing module mig_7series_v4_2_poc_top
INFO: [VRFC 10-2263] Analyzing Verilog file "C:/Users/84308/Desktop/my_CortexM3/vivado_a7/CortexM3.srcs/sources_1/ip/mig_7series_0/mig_7series_0/user_design/rtl/ui/mig_7series_v4_2_ui_cmd.v" into library xil_defaultlib
INFO: [VRFC 10-311] analyzing module mig_7series_v4_2_ui_cmd
INFO: [VRFC 10-2263] Analyzing Verilog file "C:/Users/84308/Desktop/my_CortexM3/vivado_a7/CortexM3.srcs/sources_1/ip/mig_7series_0/mig_7series_0/user_design/rtl/ui/mig_7series_v4_2_ui_rd_data.v" into library xil_defaultlib
INFO: [VRFC 10-311] analyzing module mig_7series_v4_2_ui_rd_data
INFO: [VRFC 10-2263] Analyzing Verilog file "C:/Users/84308/Desktop/my_CortexM3/vivado_a7/CortexM3.srcs/sources_1/ip/mig_7series_0/mig_7series_0/user_design/rtl/ui/mig_7series_v4_2_ui_top.v" into library xil_defaultlib
INFO: [VRFC 10-311] analyzing module mig_7series_v4_2_ui_top
INFO: [VRFC 10-2263] Analyzing Verilog file "C:/Users/84308/Desktop/my_CortexM3/vivado_a7/CortexM3.srcs/sources_1/ip/mig_7series_0/mig_7series_0/user_design/rtl/ui/mig_7series_v4_2_ui_wr_data.v" into library xil_defaultlib
INFO: [VRFC 10-311] analyzing module mig_7series_v4_2_ui_wr_data
INFO: [VRFC 10-2263] Analyzing Verilog file "C:/Users/84308/Desktop/my_CortexM3/vivado_a7/CortexM3.srcs/sources_1/ip/mig_7series_0/mig_7series_0/user_design/rtl/mig_7series_0_mig_sim.v" into library xil_defaultlib
INFO: [VRFC 10-311] analyzing module mig_7series_0_mig
INFO: [VRFC 10-2458] undeclared symbol dbg_sel_po_incdec, assumed default net type wire [C:/Users/84308/Desktop/my_CortexM3/vivado_a7/CortexM3.srcs/sources_1/ip/mig_7series_0/mig_7series_0/user_design/rtl/mig_7series_0_mig_sim.v:1096]
INFO: [VRFC 10-2458] undeclared symbol dbg_po_f_inc, assumed default net type wire [C:/Users/84308/Desktop/my_CortexM3/vivado_a7/CortexM3.srcs/sources_1/ip/mig_7series_0/mig_7series_0/user_design/rtl/mig_7series_0_mig_sim.v:1100]
INFO: [VRFC 10-2458] undeclared symbol dbg_po_f_stg23_sel, assumed default net type wire [C:/Users/84308/Desktop/my_CortexM3/vivado_a7/CortexM3.srcs/sources_1/ip/mig_7series_0/mig_7series_0/user_design/rtl/mig_7series_0_mig_sim.v:1101]
INFO: [VRFC 10-2458] undeclared symbol dbg_po_f_dec, assumed default net type wire [C:/Users/84308/Desktop/my_CortexM3/vivado_a7/CortexM3.srcs/sources_1/ip/mig_7series_0/mig_7series_0/user_design/rtl/mig_7series_0_mig_sim.v:1102]
INFO: [VRFC 10-2263] Analyzing Verilog file "C:/Users/84308/Desktop/my_CortexM3/vivado_a7/CortexM3.srcs/sources_1/ip/mig_7series_0/mig_7series_0/user_design/rtl/mig_7series_0.v" into library xil_defaultlib
INFO: [VRFC 10-311] analyzing module mig_7series_0
INFO: [VRFC 10-2263] Analyzing Verilog file "C:/Users/84308/Desktop/my_CortexM3/my_rtl/CortexM3.v" into library xil_defaultlib
INFO: [VRFC 10-311] analyzing module CortexM3
INFO: [VRFC 10-2458] undeclared symbol TXEN, assumed default net type wire [C:/Users/84308/Desktop/my_CortexM3/my_rtl/CortexM3.v:759]
INFO: [VRFC 10-2458] undeclared symbol BAUDTICK, assumed default net type wire [C:/Users/84308/Desktop/my_CortexM3/my_rtl/CortexM3.v:760]
INFO: [VRFC 10-2263] Analyzing Verilog file "C:/Users/84308/Desktop/my_CortexM3/my_rtl/bus/ahb/L1_AHBMatrix/L1_AHBArbiterM0.v" into library xil_defaultlib
INFO: [VRFC 10-311] analyzing module L1_AHBArbiterM0
INFO: [VRFC 10-2263] Analyzing Verilog file "C:/Users/84308/Desktop/my_CortexM3/my_rtl/bus/ahb/L1_AHBMatrix/L1_AHBArbiterM1.v" into library xil_defaultlib
INFO: [VRFC 10-311] analyzing module L1_AHBArbiterM1
INFO: [VRFC 10-2263] Analyzing Verilog file "C:/Users/84308/Desktop/my_CortexM3/my_rtl/bus/ahb/L1_AHBMatrix/L1_AHBArbiterM2.v" into library xil_defaultlib
INFO: [VRFC 10-311] analyzing module L1_AHBArbiterM2
INFO: [VRFC 10-2263] Analyzing Verilog file "C:/Users/84308/Desktop/my_CortexM3/my_rtl/bus/ahb/L1_AHBMatrix/L1_AHBDecoderS0.v" into library xil_defaultlib
INFO: [VRFC 10-311] analyzing module L1_AHBDecoderS0
INFO: [VRFC 10-2263] Analyzing Verilog file "C:/Users/84308/Desktop/my_CortexM3/my_rtl/bus/ahb/L1_AHBMatrix/L1_AHBDecoderS1.v" into library xil_defaultlib
INFO: [VRFC 10-311] analyzing module L1_AHBDecoderS1
INFO: [VRFC 10-2263] Analyzing Verilog file "C:/Users/84308/Desktop/my_CortexM3/my_rtl/bus/ahb/L1_AHBMatrix/L1_AHBDecoderS2.v" into library xil_defaultlib
INFO: [VRFC 10-311] analyzing module L1_AHBDecoderS2
INFO: [VRFC 10-2263] Analyzing Verilog file "C:/Users/84308/Desktop/my_CortexM3/my_rtl/bus/ahb/L1_AHBMatrix/L1_AHBInputstg.v" into library xil_defaultlib
INFO: [VRFC 10-311] analyzing module L1_AHBInputstg
WARNING: [VRFC 10-3507] macro 'TRN_IDLE' redefined [C:/Users/84308/Desktop/my_CortexM3/my_rtl/bus/ahb/L1_AHBMatrix/L1_AHBInputstg.v:113]
WARNING: [VRFC 10-3507] macro 'TRN_BUSY' redefined [C:/Users/84308/Desktop/my_CortexM3/my_rtl/bus/ahb/L1_AHBMatrix/L1_AHBInputstg.v:114]
WARNING: [VRFC 10-3507] macro 'TRN_NONSEQ' redefined [C:/Users/84308/Desktop/my_CortexM3/my_rtl/bus/ahb/L1_AHBMatrix/L1_AHBInputstg.v:115]
WARNING: [VRFC 10-3507] macro 'TRN_SEQ' redefined [C:/Users/84308/Desktop/my_CortexM3/my_rtl/bus/ahb/L1_AHBMatrix/L1_AHBInputstg.v:116]
WARNING: [VRFC 10-3507] macro 'BUR_SINGLE' redefined [C:/Users/84308/Desktop/my_CortexM3/my_rtl/bus/ahb/L1_AHBMatrix/L1_AHBInputstg.v:119]
WARNING: [VRFC 10-3507] macro 'BUR_INCR' redefined [C:/Users/84308/Desktop/my_CortexM3/my_rtl/bus/ahb/L1_AHBMatrix/L1_AHBInputstg.v:120]
WARNING: [VRFC 10-3507] macro 'BUR_WRAP4' redefined [C:/Users/84308/Desktop/my_CortexM3/my_rtl/bus/ahb/L1_AHBMatrix/L1_AHBInputstg.v:121]
WARNING: [VRFC 10-3507] macro 'BUR_INCR4' redefined [C:/Users/84308/Desktop/my_CortexM3/my_rtl/bus/ahb/L1_AHBMatrix/L1_AHBInputstg.v:122]
WARNING: [VRFC 10-3507] macro 'BUR_WRAP8' redefined [C:/Users/84308/Desktop/my_CortexM3/my_rtl/bus/ahb/L1_AHBMatrix/L1_AHBInputstg.v:123]
WARNING: [VRFC 10-3507] macro 'BUR_INCR8' redefined [C:/Users/84308/Desktop/my_CortexM3/my_rtl/bus/ahb/L1_AHBMatrix/L1_AHBInputstg.v:124]
WARNING: [VRFC 10-3507] macro 'BUR_WRAP16' redefined [C:/Users/84308/Desktop/my_CortexM3/my_rtl/bus/ahb/L1_AHBMatrix/L1_AHBInputstg.v:125]
WARNING: [VRFC 10-3507] macro 'BUR_INCR16' redefined [C:/Users/84308/Desktop/my_CortexM3/my_rtl/bus/ahb/L1_AHBMatrix/L1_AHBInputstg.v:126]
INFO: [VRFC 10-2263] Analyzing Verilog file "C:/Users/84308/Desktop/my_CortexM3/my_rtl/bus/ahb/L1_AHBMatrix/L1_AHBMatrix.v" into library xil_defaultlib
INFO: [VRFC 10-311] analyzing module L1_AHBMatrix
INFO: [VRFC 10-2263] Analyzing Verilog file "C:/Users/84308/Desktop/my_CortexM3/my_rtl/bus/ahb/L1_AHBMatrix/L1_AHBMatrix_default_slave.v" into library xil_defaultlib
INFO: [VRFC 10-311] analyzing module L1_AHBMatrix_default_slave
INFO: [VRFC 10-2263] Analyzing Verilog file "C:/Users/84308/Desktop/my_CortexM3/my_rtl/bus/ahb/L1_AHBMatrix/L1_AHBOutputStgM0.v" into library xil_defaultlib
INFO: [VRFC 10-311] analyzing module L1_AHBOutputStgM0
INFO: [VRFC 10-2263] Analyzing Verilog file "C:/Users/84308/Desktop/my_CortexM3/my_rtl/bus/ahb/L1_AHBMatrix/L1_AHBOutputStgM1.v" into library xil_defaultlib
INFO: [VRFC 10-311] analyzing module L1_AHBOutputStgM1
INFO: [VRFC 10-2263] Analyzing Verilog file "C:/Users/84308/Desktop/my_CortexM3/my_rtl/bus/ahb/L1_AHBMatrix/L1_AHBOutputStgM2.v" into library xil_defaultlib
INFO: [VRFC 10-311] analyzing module L1_AHBOutputStgM2
INFO: [VRFC 10-2263] Analyzing Verilog file "C:/Users/84308/Desktop/my_CortexM3/my_rtl/peripheral/vip/hdmi/asyn_rst_syn.v" into library xil_defaultlib
INFO: [VRFC 10-311] analyzing module asyn_rst_syn
INFO: [VRFC 10-2263] Analyzing Verilog file "C:/Users/84308/Desktop/my_CortexM3/my_rtl/peripheral/vip/ov5640/cmos_capture_data.v" into library xil_defaultlib
INFO: [VRFC 10-311] analyzing module cmos_capture_data
INFO: [VRFC 10-2263] Analyzing Verilog file "C:/Users/84308/Desktop/my_CortexM3/my_rtl/bus/apb/cmsdk_ahb_to_apb.v" into library xil_defaultlib
INFO: [VRFC 10-311] analyzing module cmsdk_ahb_to_apb
INFO: [VRFC 10-2263] Analyzing Verilog file "C:/Users/84308/Desktop/my_CortexM3/my_rtl/peripheral/sram/cmsdk_ahb_to_sram.v" into library xil_defaultlib
INFO: [VRFC 10-311] analyzing module cmsdk_ahb_to_sram
INFO: [VRFC 10-2263] Analyzing Verilog file "C:/Users/84308/Desktop/my_CortexM3/my_rtl/peripheral/led/cmsdk_apb3_eg_slave_interface_led.v" into library xil_defaultlib
INFO: [VRFC 10-311] analyzing module cmsdk_apb3_eg_slave_interface_led
INFO: [VRFC 10-2263] Analyzing Verilog file "C:/Users/84308/Desktop/my_CortexM3/my_rtl/peripheral/led/cmsdk_apb3_eg_slave_led.v" into library xil_defaultlib
INFO: [VRFC 10-311] analyzing module cmsdk_apb3_eg_slave_led
INFO: [VRFC 10-2263] Analyzing Verilog file "C:/Users/84308/Desktop/my_CortexM3/my_rtl/bus/apb/cmsdk_apb_slave_mux.v" into library xil_defaultlib
INFO: [VRFC 10-311] analyzing module cmsdk_apb_slave_mux
INFO: [VRFC 10-2263] Analyzing Verilog file "C:/Users/84308/Desktop/my_CortexM3/my_rtl/peripheral/uart/cmsdk_apb_uart.v" into library xil_defaultlib
INFO: [VRFC 10-311] analyzing module cmsdk_apb_uart
INFO: [VRFC 10-2263] Analyzing Verilog file "C:/Users/84308/Desktop/my_CortexM3/my_rtl/peripheral/sram/cmsdk_fpga_sram.v" into library xil_defaultlib
INFO: [VRFC 10-311] analyzing module cmsdk_fpga_sram
INFO: [VRFC 10-2263] Analyzing Verilog file "C:/Users/84308/Desktop/my_CortexM3/my_rtl/core/cortexm3ds_logic.v" into library xil_defaultlib
INFO: [VRFC 10-311] analyzing module cortexm3ds_logic
INFO: [VRFC 10-2263] Analyzing Verilog file "C:/Users/84308/Desktop/my_CortexM3/my_rtl/peripheral/button/custom_apb_button.v" into library xil_defaultlib
INFO: [VRFC 10-311] analyzing module custom_apb_button
INFO: [VRFC 10-2458] undeclared symbol key_edge, assumed default net type wire [C:/Users/84308/Desktop/my_CortexM3/my_rtl/peripheral/button/custom_apb_button.v:77]
INFO: [VRFC 10-2458] undeclared symbol key_pulse, assumed default net type wire [C:/Users/84308/Desktop/my_CortexM3/my_rtl/peripheral/button/custom_apb_button.v:109]
INFO: [VRFC 10-2263] Analyzing Verilog file "C:/Users/84308/Desktop/my_CortexM3/my_rtl/peripheral/hdmi/custom_apb_hdmi.v" into library xil_defaultlib
INFO: [VRFC 10-311] analyzing module custom_apb_hdmi
INFO: [VRFC 10-2263] Analyzing Verilog file "C:/Users/84308/Desktop/my_CortexM3/my_rtl/peripheral/led/custom_apb_led.v" into library xil_defaultlib
INFO: [VRFC 10-311] analyzing module custom_apb_led
INFO: [VRFC 10-2263] Analyzing Verilog file "C:/Users/84308/Desktop/my_CortexM3/my_rtl/peripheral/vip/ddr3/ddr3_fifo_ctrl.v" into library xil_defaultlib
INFO: [VRFC 10-311] analyzing module ddr3_fifo_ctrl
WARNING: [VRFC 10-3676] redeclaration of ansi port 'pic_data' is not allowed [C:/Users/84308/Desktop/my_CortexM3/my_rtl/peripheral/vip/ddr3/ddr3_fifo_ctrl.v:53]
WARNING: [VRFC 10-3248] data object 'wr_load_d0' is already declared [C:/Users/84308/Desktop/my_CortexM3/my_rtl/peripheral/vip/ddr3/ddr3_fifo_ctrl.v:62]
WARNING: [VRFC 10-3703] second declaration of 'wr_load_d0' ignored [C:/Users/84308/Desktop/my_CortexM3/my_rtl/peripheral/vip/ddr3/ddr3_fifo_ctrl.v:62]
INFO: [VRFC 10-2263] Analyzing Verilog file "C:/Users/84308/Desktop/my_CortexM3/my_rtl/peripheral/vip/ddr3/ddr3_rw.v" into library xil_defaultlib
INFO: [VRFC 10-311] analyzing module ddr3_rw
WARNING: [VRFC 10-3676] redeclaration of ansi port 'app_addr' is not allowed [C:/Users/84308/Desktop/my_CortexM3/my_rtl/peripheral/vip/ddr3/ddr3_rw.v:59]
INFO: [VRFC 10-2263] Analyzing Verilog file "C:/Users/84308/Desktop/my_CortexM3/my_rtl/peripheral/vip/ddr3/ddr3_top.v" into library xil_defaultlib
INFO: [VRFC 10-311] analyzing module ddr3_top
INFO: [VRFC 10-2263] Analyzing Verilog file "C:/Users/84308/Desktop/my_CortexM3/my_rtl/peripheral/vip/hdmi/dvi_encoder.v" into library xil_defaultlib
INFO: [VRFC 10-311] analyzing module dvi_encoder
INFO: [VRFC 10-2263] Analyzing Verilog file "C:/Users/84308/Desktop/my_CortexM3/my_rtl/peripheral/vip/hdmi/dvi_transmitter_top.v" into library xil_defaultlib
INFO: [VRFC 10-311] analyzing module dvi_transmitter_top
INFO: [VRFC 10-2263] Analyzing Verilog file "C:/Users/84308/Desktop/my_CortexM3/my_rtl/peripheral/vip/hdmi/hdmi_top.v" into library xil_defaultlib
INFO: [VRFC 10-311] analyzing module hdmi_top
INFO: [VRFC 10-2263] Analyzing Verilog file "C:/Users/84308/Desktop/my_CortexM3/my_rtl/peripheral/vip/ov5640/i2c_dri.v" into library xil_defaultlib
INFO: [VRFC 10-311] analyzing module i2c_dri
INFO: [VRFC 10-2263] Analyzing Verilog file "C:/Users/84308/Desktop/my_CortexM3/my_rtl/peripheral/vip/ov5640/i2c_ov5640_rgb565_cfg.v" into library xil_defaultlib
INFO: [VRFC 10-311] analyzing module i2c_ov5640_rgb565_cfg
INFO: [VRFC 10-2263] Analyzing Verilog file "C:/Users/84308/Desktop/my_CortexM3/my_rtl/peripheral/vip/ov5640/ov5640_dri.v" into library xil_defaultlib
INFO: [VRFC 10-311] analyzing module ov5640_dri
INFO: [VRFC 10-2263] Analyzing Verilog file "C:/Users/84308/Desktop/my_CortexM3/my_rtl/peripheral/vip/ov5640_hdmi.v" into library xil_defaultlib
INFO: [VRFC 10-311] analyzing module ov5640_hdmi
INFO: [VRFC 10-2458] undeclared symbol ddr_rdata_en, assumed default net type wire [C:/Users/84308/Desktop/my_CortexM3/my_rtl/peripheral/vip/ov5640_hdmi.v:131]
INFO: [VRFC 10-2458] undeclared symbol pixel_clk, assumed default net type wire [C:/Users/84308/Desktop/my_CortexM3/my_rtl/peripheral/vip/ov5640_hdmi.v:220]
INFO: [VRFC 10-2458] undeclared symbol rd_vsync, assumed default net type wire [C:/Users/84308/Desktop/my_CortexM3/my_rtl/peripheral/vip/ov5640_hdmi.v:221]
INFO: [VRFC 10-2458] undeclared symbol pixel_clk_5x, assumed default net type wire [C:/Users/84308/Desktop/my_CortexM3/my_rtl/peripheral/vip/ov5640_hdmi.v:231]
INFO: [VRFC 10-2263] Analyzing Verilog file "C:/Users/84308/Desktop/my_CortexM3/my_rtl/peripheral/vip/vip/rgb2ycbcr.v" into library xil_defaultlib
INFO: [VRFC 10-311] analyzing module rgb2ycbcr
INFO: [VRFC 10-2263] Analyzing Verilog file "C:/Users/84308/Desktop/my_CortexM3/my_rtl/peripheral/vip/hdmi/serializer_10_to_1.v" into library xil_defaultlib
INFO: [VRFC 10-311] analyzing module serializer_10_to_1
INFO: [VRFC 10-2263] Analyzing Verilog file "C:/Users/84308/Desktop/my_CortexM3/my_rtl/peripheral/vip/hdmi/video_driver.v" into library xil_defaultlib
INFO: [VRFC 10-311] analyzing module video_driver
INFO: [VRFC 10-2263] Analyzing Verilog file "C:/Users/84308/Desktop/my_CortexM3/my_rtl/peripheral/vip/vip/vip.v" into library xil_defaultlib
INFO: [VRFC 10-311] analyzing module vip
INFO: [VRFC 10-2263] Analyzing Verilog file "C:/Users/84308/Desktop/my_CortexM3/my_rtl/peripheral/vip/vip/ycbcr2bin.v" into library xil_defaultlib
INFO: [VRFC 10-311] analyzing module ycbcr2bin
INFO: [VRFC 10-2263] Analyzing Verilog file "C:/Users/84308/Desktop/my_CortexM3/vivado_a7/CortexM3.srcs/sim_1/new/tb.v" into library xil_defaultlib
INFO: [VRFC 10-311] analyzing module tb_CortexM3
INFO: [VRFC 10-2263] Analyzing Verilog file "C:/Users/84308/Desktop/my_CortexM3/vivado_a7/CortexM3.sim/sim_1/behav/xsim/glbl.v" into library xil_defaultlib
INFO: [VRFC 10-311] analyzing module glbl
