#-----------------------------------------------------------
# Vivado v2018.3 (64-bit)
# SW Build 2405991 on Thu Dec  6 23:38:27 MST 2018
# IP Build 2404404 on Fri Dec  7 01:43:56 MST 2018
# Start of session at: Mon Mar 29 21:41:13 2021
# Process ID: 15992
# Current directory: C:/Users/84308/Desktop/my_CortexM3/vivado
# Command line: vivado.exe -gui_launcher_event rodinguilauncherevent10372 C:\Users\84308\Desktop\my_CortexM3\vivado\CortexM3.xpr
# Log file: C:/Users/84308/Desktop/my_CortexM3/vivado/vivado.log
# Journal file: C:/Users/84308/Desktop/my_CortexM3/vivado\vivado.jou
#-----------------------------------------------------------
start_gui
open_project C:/Users/84308/Desktop/my_CortexM3/vivado/CortexM3.xpr
Scanning sources...
Finished scanning sources
INFO: [IP_Flow 19-234] Refreshing IP repositories
INFO: [IP_Flow 19-1704] No user IP repositories specified
INFO: [IP_Flow 19-2313] Loaded Vivado IP repository 'C:/software/xilinx/Vivado/2018.3/data/ip'.
open_project: Time (s): cpu = 00:00:30 ; elapsed = 00:00:14 . Memory (MB): peak = 793.367 ; gain = 193.531
update_compile_order -fileset sources_1
exit
INFO: [Common 17-206] Exiting Vivado at Tue Mar 30 09:52:12 2021...
