#-----------------------------------------------------------
# Vivado v2018.3 (64-bit)
# SW Build 2405991 on Thu Dec  6 23:38:27 MST 2018
# IP Build 2404404 on Fri Dec  7 01:43:56 MST 2018
# Start of session at: Wed Mar 31 20:38:46 2021
# Process ID: 7864
# Current directory: C:/Users/84308/Desktop/my_CortexM3/vivado
# Command line: vivado.exe -gui_launcher_event rodinguilauncherevent10460 C:\Users\84308\Desktop\my_CortexM3\vivado\CortexM3.xpr
# Log file: C:/Users/84308/Desktop/my_CortexM3/vivado/vivado.log
# Journal file: C:/Users/84308/Desktop/my_CortexM3/vivado\vivado.jou
#-----------------------------------------------------------
start_gui
open_project C:/Users/84308/Desktop/my_CortexM3/vivado/CortexM3.xpr
Scanning sources...
Finished scanning sources
INFO: [IP_Flow 19-234] Refreshing IP repositories
INFO: [IP_Flow 19-1704] No user IP repositories specified
INFO: [IP_Flow 19-2313] Loaded Vivado IP repository 'C:/software/xilinx/Vivado/2018.3/data/ip'.
open_project: Time (s): cpu = 00:00:31 ; elapsed = 00:00:17 . Memory (MB): peak = 771.988 ; gain = 173.785
update_compile_order -fileset sources_1
reset_run synth_1
launch_runs impl_1 -to_step write_bitstream -jobs 4
[Wed Mar 31 20:41:12 2021] Launched synth_1...
Run output will be captured here: C:/Users/84308/Desktop/my_CortexM3/vivado/CortexM3.runs/synth_1/runme.log
[Wed Mar 31 20:41:12 2021] Launched impl_1...
Run output will be captured here: C:/Users/84308/Desktop/my_CortexM3/vivado/CortexM3.runs/impl_1/runme.log
open_hw
connect_hw_server
INFO: [Labtools 27-2285] Connecting to hw_server url TCP:localhost:3121
INFO: [Labtools 27-2222] Launching hw_server...
INFO: [Labtools 27-2221] Launch Output:

****** Xilinx hw_server v2018.3
  **** Build date : Dec  7 2018-00:40:27
    ** Copyright 1986-2018 Xilinx, Inc. All Rights Reserved.


open_hw_target
INFO: [Labtoolstcl 44-466] Opening hw_target localhost:3121/xilinx_tcf/Digilent/201706300081
open_hw_target: Time (s): cpu = 00:00:08 ; elapsed = 00:00:11 . Memory (MB): peak = 1734.879 ; gain = 851.066
set_property PROGRAM.FILE {C:/Users/84308/Desktop/my_CortexM3/vivado/CortexM3.runs/impl_1/CortexM3.bit} [get_hw_devices xc7z020_1]
current_hw_device [get_hw_devices xc7z020_1]
refresh_hw_device -update_hw_probes false [lindex [get_hw_devices xc7z020_1] 0]
INFO: [Labtools 27-1434] Device xc7z020 (JTAG device index = 1) is programmed with a design that has no supported debug core(s) in it.
set_property PROBES.FILE {} [get_hw_devices xc7z020_1]
set_property FULL_PROBES.FILE {} [get_hw_devices xc7z020_1]
set_property PROGRAM.FILE {C:/Users/84308/Desktop/my_CortexM3/vivado/CortexM3.runs/impl_1/CortexM3.bit} [get_hw_devices xc7z020_1]
program_hw_devices [get_hw_devices xc7z020_1]
INFO: [Labtools 27-3164] End of startup status: HIGH
refresh_hw_device [lindex [get_hw_devices xc7z020_1] 0]
INFO: [Labtools 27-1434] Device xc7z020 (JTAG device index = 1) is programmed with a design that has no supported debug core(s) in it.
