


ARM Macro Assembler    Page 1 


    1 00000000         ;/******************************************************
                       ********************//**
    2 00000000         ; * @file     startup_CM3DS_MPS2.s
    3 00000000         ; * @brief    CMSIS Cortex-M3 Core Device Startup File f
                       or
    4 00000000         ; *           Device CM3DS_MPS2
    5 00000000         ; * @version  V3.01
    6 00000000         ; * @date     06. March 2012
    7 00000000         ; *
    8 00000000         ; * @note
    9 00000000         ; * Copyright (C) 2012,2017 ARM Limited. All rights rese
                       rved.
   10 00000000         ; *
   11 00000000         ; * @par
   12 00000000         ; * ARM Limited (ARM) is supplying this software for use
                        with Cortex-M
   13 00000000         ; * processor based microcontrollers.  This file can be 
                       freely distributed
   14 00000000         ; * within development tools that are supporting such AR
                       M based processors.
   15 00000000         ; *
   16 00000000         ; * @par
   17 00000000         ; * THIS SOFTWARE IS PROVIDED "AS IS".  NO WARRANTIES, W
                       HETHER EXPRESS, IMPLIED
   18 00000000         ; * OR STATUTORY, INCLUDING, BUT NOT LIMITED TO, IMPLIED
                        WARRANTIES OF
   19 00000000         ; * MERCHANTABILITY AND FITNESS FOR A PARTICULAR PURPOSE
                        APPLY TO THIS SOFTWARE.
   20 00000000         ; * ARM SHALL NOT, IN ANY CIRCUMSTANCES, BE LIABLE FOR S
                       PECIAL, INCIDENTAL, OR
   21 00000000         ; * CONSEQUENTIAL DAMAGES, FOR ANY REASON WHATSOEVER.
   22 00000000         ; *
   23 00000000         ; ******************************************************
                       ************************/
   24 00000000         ;/*
   25 00000000         ;//-------- <<< Use Configuration Wizard in Context Menu
                        >>> ------------------
   26 00000000         ;*/
   27 00000000         
   28 00000000         
   29 00000000         ; <h> Stack Configuration
   30 00000000         ;   <o> Stack Size (in Bytes) <0x0-0xFFFFFFFF:8>
   31 00000000         ; </h>
   32 00000000         
   33 00000000 00008000 
                       Stack_Size
                               EQU              0x00008000
   34 00000000         
   35 00000000                 AREA             STACK, NOINIT, READWRITE, ALIGN
=3
   36 00000000         Stack_Mem
                               SPACE            Stack_Size
   37 00008000         __initial_sp
   38 00008000         
   39 00008000         
   40 00008000         ; <h> Heap Configuration
   41 00008000         ;   <o>  Heap Size (in Bytes) <0x0-0xFFFFFFFF:8>
   42 00008000         ; </h>
   43 00008000         



ARM Macro Assembler    Page 2 


   44 00008000 00008000 
                       Heap_Size
                               EQU              0x00008000
   45 00008000         
   46 00008000                 AREA             HEAP, NOINIT, READWRITE, ALIGN=
3
   47 00000000         __heap_base
   48 00000000         Heap_Mem
                               SPACE            Heap_Size
   49 00008000         __heap_limit
   50 00008000         
   51 00008000         
   52 00008000                 PRESERVE8
   53 00008000                 THUMB
   54 00008000         
   55 00008000         
   56 00008000         ; Vector Table Mapped to Address 0 at Reset
   57 00008000         
   58 00008000                 AREA             RESET, DATA, READONLY
   59 00000000                 EXPORT           __Vectors
   60 00000000                 EXPORT           __Vectors_End
   61 00000000                 EXPORT           __Vectors_Size
   62 00000000         
   63 00000000 00000000 
                       __Vectors
                               DCD              __initial_sp ; Top of Stack
   64 00000004 00000000        DCD              Reset_Handler ; Reset Handler
   65 00000008 00000000        DCD              NMI_Handler ; NMI Handler
   66 0000000C 00000000        DCD              HardFault_Handler ; Hard Fault 
                                                            Handler
   67 00000010 00000000        DCD              MemManage_Handler 
                                                            ; MPU Fault Handler
                                                            
   68 00000014 00000000        DCD              BusFault_Handler 
                                                            ; Bus Fault Handler
                                                            
   69 00000018 00000000        DCD              UsageFault_Handler ; Usage Faul
                                                            t Handler
   70 0000001C 00000000        DCD              0           ; Reserved
   71 00000020 00000000        DCD              0           ; Reserved
   72 00000024 00000000        DCD              0           ; Reserved
   73 00000028 00000000        DCD              0           ; Reserved
   74 0000002C 00000000        DCD              SVC_Handler ; SVCall Handler
   75 00000030 00000000        DCD              DebugMon_Handler ; Debug Monito
                                                            r Handler
   76 00000034 00000000        DCD              0           ; Reserved
   77 00000038 00000000        DCD              PendSV_Handler ; PendSV Handler
                                                            
   78 0000003C 00000000        DCD              SysTick_Handler 
                                                            ; SysTick Handler
   79 00000040         
   80 00000040         ; External Interrupts
   81 00000040 00000000        DCD              UARTRX_Handler 
                                                            ; UART RX Handler
   82 00000044 00000000        DCD              UARTTX_Handler 
                                                            ; UART TX Handler
   83 00000048 00000000        DCD              UARTOVR_Handler ; UART RX and T
                                                            X OVERRIDE Handler
   84 0000004C 00000000        DCD              KEY_Handler ; KEY Handler



ARM Macro Assembler    Page 3 


   85 00000050         
   86 00000050         __Vectors_End
   87 00000050         
   88 00000050 00000050 
                       __Vectors_Size
                               EQU              __Vectors_End - __Vectors
   89 00000050         
   90 00000050                 AREA             |.text|, CODE, READONLY
   91 00000000         
   92 00000000         
   93 00000000         ; Reset Handler
   94 00000000         
   95 00000000         Reset_Handler
                               PROC
   96 00000000                 EXPORT           Reset_Handler             [WEAK
]
   97 00000000                 IMPORT           SystemInit
   98 00000000                 IMPORT           __main
   99 00000000         ;IMPORT  main
  100 00000000 481B            LDR              R0, =SystemInit
  101 00000002 4780            BLX              R0
  102 00000004 481B            LDR              R0, =__main
  103 00000006         ;LDR     R0, =main
  104 00000006 4700            BX               R0
  105 00000008                 ENDP
  106 00000008         
  107 00000008         
  108 00000008         ; Dummy Exception Handlers (infinite loops which can be 
                       modified)
  109 00000008         
  110 00000008         NMI_Handler
                               PROC
  111 00000008                 EXPORT           NMI_Handler               [WEAK
]
  112 00000008                 IMPORT           NMIHandler
  113 00000008 B500            PUSH             {LR}
  114 0000000A F7FF FFFE       BL               NMIHandler
  115 0000000E BD00            POP              {PC}
  116 00000010                 ENDP
  117 00000010         
  118 00000010         HardFault_Handler
                               PROC
  119 00000010                 EXPORT           HardFault_Handler         [WEAK
]
  120 00000010                 IMPORT           HardFaultHandler
  121 00000010 B500            PUSH             {LR}
  122 00000012 F7FF FFFE       BL               HardFaultHandler
  123 00000016 BD00            POP              {PC}
  124 00000018                 ENDP
  125 00000018         
  126 00000018         MemManage_Handler
                               PROC
  127 00000018                 EXPORT           MemManage_Handler         [WEAK
]
  128 00000018                 IMPORT           MemManageHandler
  129 00000018 B500            PUSH             {LR}
  130 0000001A F7FF FFFE       BL               MemManageHandler
  131 0000001E BD00            POP              {PC}
  132 00000020                 ENDP



ARM Macro Assembler    Page 4 


  133 00000020         
  134 00000020         BusFault_Handler
                               PROC
  135 00000020                 EXPORT           BusFault_Handler          [WEAK
]
  136 00000020                 IMPORT           BusFaultHandler
  137 00000020 B500            PUSH             {LR}
  138 00000022 F7FF FFFE       BL               BusFaultHandler
  139 00000026 BD00            POP              {PC}
  140 00000028                 ENDP
  141 00000028         
  142 00000028         UsageFault_Handler
                               PROC
  143 00000028                 EXPORT           UsageFault_Handler        [WEAK
]
  144 00000028                 IMPORT           UsageFaultHandler
  145 00000028 B500            PUSH             {LR}
  146 0000002A F7FF FFFE       BL               UsageFaultHandler
  147 0000002E BD00            POP              {PC}
  148 00000030                 ENDP
  149 00000030         
  150 00000030         SVC_Handler
                               PROC
  151 00000030                 EXPORT           SVC_Handler               [WEAK
]
  152 00000030                 IMPORT           SVCHandler
  153 00000030 B500            PUSH             {LR}
  154 00000032 F7FF FFFE       BL               SVCHandler
  155 00000036 BD00            POP              {PC}
  156 00000038                 ENDP
  157 00000038         
  158 00000038         DebugMon_Handler
                               PROC
  159 00000038                 EXPORT           DebugMon_Handler          [WEAK
]
  160 00000038                 IMPORT           DebugMonHandler
  161 00000038 B500            PUSH             {LR}
  162 0000003A F7FF FFFE       BL               DebugMonHandler
  163 0000003E BD00            POP              {PC}
  164 00000040                 ENDP
  165 00000040         
  166 00000040         PendSV_Handler
                               PROC
  167 00000040                 EXPORT           PendSV_Handler            [WEAK
]
  168 00000040                 IMPORT           PendSVHandler
  169 00000040 B500            PUSH             {LR}
  170 00000042 F7FF FFFE       BL               PendSVHandler
  171 00000046 BD00            POP              {PC}
  172 00000048                 ENDP
  173 00000048         
  174 00000048         SysTick_Handler
                               PROC
  175 00000048                 EXPORT           SysTick_Handler           [WEAK
]
  176 00000048                 IMPORT           SysTickHandler
  177 00000048 B500            PUSH             {LR}
  178 0000004A F7FF FFFE       BL               SysTickHandler
  179 0000004E BD00            POP              {PC}



ARM Macro Assembler    Page 5 


  180 00000050                 ENDP
  181 00000050         
  182 00000050         UARTRX_Handler
                               PROC
  183 00000050                 EXPORT           UARTRX_Handler             [WEA
K]
  184 00000050                 IMPORT           UARTRXHandler
  185 00000050 B500            PUSH             {LR}
  186 00000052 F7FF FFFE       BL               UARTRXHandler
  187 00000056 BD00            POP              {PC}
  188 00000058                 ENDP
  189 00000058         
  190 00000058         UARTTX_Handler
                               PROC
  191 00000058                 EXPORT           UARTTX_Handler             [WEA
K]
  192 00000058                 IMPORT           UARTTXHandler
  193 00000058 B500            PUSH             {LR}
  194 0000005A F7FF FFFE       BL               UARTTXHandler
  195 0000005E BD00            POP              {PC}
  196 00000060                 ENDP
  197 00000060         
  198 00000060         UARTOVR_Handler
                               PROC
  199 00000060                 EXPORT           UARTOVR_Handler             [WE
AK]
  200 00000060                 IMPORT           UARTOVRHandler
  201 00000060 B500            PUSH             {LR}
  202 00000062 F7FF FFFE       BL               UARTOVRHandler
  203 00000066 BD00            POP              {PC}
  204 00000068                 ENDP
  205 00000068         
  206 00000068         KEY_Handler
                               PROC
  207 00000068                 EXPORT           KEY_Handler             [WEAK]
  208 00000068                 IMPORT           KEYHandler
  209 00000068 B500            PUSH             {LR}
  210 0000006A F7FF FFFE       BL               KEYHandler
  211 0000006E BD00            POP              {PC}
  212 00000070                 ENDP
  213 00000070                 ALIGN
  214 00000070         
  215 00000070         
  216 00000070         ; User Initial Stack & Heap
  217 00000070         
  218 00000070                 IF               :DEF:__MICROLIB
  219 00000070         
  220 00000070                 EXPORT           __initial_sp
  221 00000070                 EXPORT           __heap_base
  222 00000070                 EXPORT           __heap_limit
  223 00000070         
  224 00000070                 ELSE
  239                          ENDIF
  240 00000070         
  241 00000070         
  242 00000070                 END
              00000000 
              00000000 
Command Line: --debug --xref --diag_suppress=9931 --cpu=Cortex-M3 --apcs=interw



ARM Macro Assembler    Page 6 


ork --depend=.\startup_cm3ds.d -o.\startup_cm3ds.o -IC:\Users\84308\AppData\Loc
al\Arm\Packs\Keil\V2M-MPS2_CMx_BSP\1.7.0\Device\CMSDK_CM3\Include -IC:\software
\keil5\ARM\CMSIS\Include --predefine="__MICROLIB SETA 1" --predefine="__UVISION
_VERSION SETA 533" --predefine="CMSDK_CM3 SETA 1" --list=.\listings\startup_cm3
ds.lst ..\Software\startup_CM3DS.s



ARM Macro Assembler    Page 1 Alphabetic symbol ordering
Relocatable symbols

STACK 00000000

Symbol: STACK
   Definitions
      At line 35 in file ..\Software\startup_CM3DS.s
   Uses
      None
Comment: STACK unused
Stack_Mem 00000000

Symbol: Stack_Mem
   Definitions
      At line 36 in file ..\Software\startup_CM3DS.s
   Uses
      None
Comment: Stack_Mem unused
__initial_sp 00008000

Symbol: __initial_sp
   Definitions
      At line 37 in file ..\Software\startup_CM3DS.s
   Uses
      At line 63 in file ..\Software\startup_CM3DS.s
      At line 220 in file ..\Software\startup_CM3DS.s

3 symbols



ARM Macro Assembler    Page 1 Alphabetic symbol ordering
Relocatable symbols

HEAP 00000000

Symbol: HEAP
   Definitions
      At line 46 in file ..\Software\startup_CM3DS.s
   Uses
      None
Comment: HEAP unused
Heap_Mem 00000000

Symbol: Heap_Mem
   Definitions
      At line 48 in file ..\Software\startup_CM3DS.s
   Uses
      None
Comment: Heap_Mem unused
__heap_base 00000000

Symbol: __heap_base
   Definitions
      At line 47 in file ..\Software\startup_CM3DS.s
   Uses
      At line 221 in file ..\Software\startup_CM3DS.s
Comment: __heap_base used once
__heap_limit 00008000

Symbol: __heap_limit
   Definitions
      At line 49 in file ..\Software\startup_CM3DS.s
   Uses
      At line 222 in file ..\Software\startup_CM3DS.s
Comment: __heap_limit used once
4 symbols



ARM Macro Assembler    Page 1 Alphabetic symbol ordering
Relocatable symbols

RESET 00000000

Symbol: RESET
   Definitions
      At line 58 in file ..\Software\startup_CM3DS.s
   Uses
      None
Comment: RESET unused
__Vectors 00000000

Symbol: __Vectors
   Definitions
      At line 63 in file ..\Software\startup_CM3DS.s
   Uses
      At line 59 in file ..\Software\startup_CM3DS.s
      At line 88 in file ..\Software\startup_CM3DS.s

__Vectors_End 00000050

Symbol: __Vectors_End
   Definitions
      At line 86 in file ..\Software\startup_CM3DS.s
   Uses
      At line 60 in file ..\Software\startup_CM3DS.s
      At line 88 in file ..\Software\startup_CM3DS.s

3 symbols



ARM Macro Assembler    Page 1 Alphabetic symbol ordering
Relocatable symbols

.text 00000000

Symbol: .text
   Definitions
      At line 90 in file ..\Software\startup_CM3DS.s
   Uses
      None
Comment: .text unused
BusFault_Handler 00000020

Symbol: BusFault_Handler
   Definitions
      At line 134 in file ..\Software\startup_CM3DS.s
   Uses
      At line 68 in file ..\Software\startup_CM3DS.s
      At line 135 in file ..\Software\startup_CM3DS.s

DebugMon_Handler 00000038

Symbol: DebugMon_Handler
   Definitions
      At line 158 in file ..\Software\startup_CM3DS.s
   Uses
      At line 75 in file ..\Software\startup_CM3DS.s
      At line 159 in file ..\Software\startup_CM3DS.s

HardFault_Handler 00000010

Symbol: HardFault_Handler
   Definitions
      At line 118 in file ..\Software\startup_CM3DS.s
   Uses
      At line 66 in file ..\Software\startup_CM3DS.s
      At line 119 in file ..\Software\startup_CM3DS.s

KEY_Handler 00000068

Symbol: KEY_Handler
   Definitions
      At line 206 in file ..\Software\startup_CM3DS.s
   Uses
      At line 84 in file ..\Software\startup_CM3DS.s
      At line 207 in file ..\Software\startup_CM3DS.s

MemManage_Handler 00000018

Symbol: MemManage_Handler
   Definitions
      At line 126 in file ..\Software\startup_CM3DS.s
   Uses
      At line 67 in file ..\Software\startup_CM3DS.s
      At line 127 in file ..\Software\startup_CM3DS.s

NMI_Handler 00000008

Symbol: NMI_Handler
   Definitions
      At line 110 in file ..\Software\startup_CM3DS.s
   Uses



ARM Macro Assembler    Page 2 Alphabetic symbol ordering
Relocatable symbols

      At line 65 in file ..\Software\startup_CM3DS.s
      At line 111 in file ..\Software\startup_CM3DS.s

PendSV_Handler 00000040

Symbol: PendSV_Handler
   Definitions
      At line 166 in file ..\Software\startup_CM3DS.s
   Uses
      At line 77 in file ..\Software\startup_CM3DS.s
      At line 167 in file ..\Software\startup_CM3DS.s

Reset_Handler 00000000

Symbol: Reset_Handler
   Definitions
      At line 95 in file ..\Software\startup_CM3DS.s
   Uses
      At line 64 in file ..\Software\startup_CM3DS.s
      At line 96 in file ..\Software\startup_CM3DS.s

SVC_Handler 00000030

Symbol: SVC_Handler
   Definitions
      At line 150 in file ..\Software\startup_CM3DS.s
   Uses
      At line 74 in file ..\Software\startup_CM3DS.s
      At line 151 in file ..\Software\startup_CM3DS.s

SysTick_Handler 00000048

Symbol: SysTick_Handler
   Definitions
      At line 174 in file ..\Software\startup_CM3DS.s
   Uses
      At line 78 in file ..\Software\startup_CM3DS.s
      At line 175 in file ..\Software\startup_CM3DS.s

UARTOVR_Handler 00000060

Symbol: UARTOVR_Handler
   Definitions
      At line 198 in file ..\Software\startup_CM3DS.s
   Uses
      At line 83 in file ..\Software\startup_CM3DS.s
      At line 199 in file ..\Software\startup_CM3DS.s

UARTRX_Handler 00000050

Symbol: UARTRX_Handler
   Definitions
      At line 182 in file ..\Software\startup_CM3DS.s
   Uses
      At line 81 in file ..\Software\startup_CM3DS.s
      At line 183 in file ..\Software\startup_CM3DS.s

UARTTX_Handler 00000058




ARM Macro Assembler    Page 3 Alphabetic symbol ordering
Relocatable symbols

Symbol: UARTTX_Handler
   Definitions
      At line 190 in file ..\Software\startup_CM3DS.s
   Uses
      At line 82 in file ..\Software\startup_CM3DS.s
      At line 191 in file ..\Software\startup_CM3DS.s

UsageFault_Handler 00000028

Symbol: UsageFault_Handler
   Definitions
      At line 142 in file ..\Software\startup_CM3DS.s
   Uses
      At line 69 in file ..\Software\startup_CM3DS.s
      At line 143 in file ..\Software\startup_CM3DS.s

15 symbols



ARM Macro Assembler    Page 1 Alphabetic symbol ordering
Absolute symbols

Heap_Size 00008000

Symbol: Heap_Size
   Definitions
      At line 44 in file ..\Software\startup_CM3DS.s
   Uses
      At line 48 in file ..\Software\startup_CM3DS.s
Comment: Heap_Size used once
Stack_Size 00008000

Symbol: Stack_Size
   Definitions
      At line 33 in file ..\Software\startup_CM3DS.s
   Uses
      At line 36 in file ..\Software\startup_CM3DS.s
Comment: Stack_Size used once
__Vectors_Size 00000050

Symbol: __Vectors_Size
   Definitions
      At line 88 in file ..\Software\startup_CM3DS.s
   Uses
      At line 61 in file ..\Software\startup_CM3DS.s
Comment: __Vectors_Size used once
3 symbols



ARM Macro Assembler    Page 1 Alphabetic symbol ordering
External symbols

BusFaultHandler 00000000

Symbol: BusFaultHandler
   Definitions
      At line 136 in file ..\Software\startup_CM3DS.s
   Uses
      At line 138 in file ..\Software\startup_CM3DS.s
Comment: BusFaultHandler used once
DebugMonHandler 00000000

Symbol: DebugMonHandler
   Definitions
      At line 160 in file ..\Software\startup_CM3DS.s
   Uses
      At line 162 in file ..\Software\startup_CM3DS.s
Comment: DebugMonHandler used once
HardFaultHandler 00000000

Symbol: HardFaultHandler
   Definitions
      At line 120 in file ..\Software\startup_CM3DS.s
   Uses
      At line 122 in file ..\Software\startup_CM3DS.s
Comment: HardFaultHandler used once
KEYHandler 00000000

Symbol: KEYHandler
   Definitions
      At line 208 in file ..\Software\startup_CM3DS.s
   Uses
      At line 210 in file ..\Software\startup_CM3DS.s
Comment: KEYHandler used once
MemManageHandler 00000000

Symbol: MemManageHandler
   Definitions
      At line 128 in file ..\Software\startup_CM3DS.s
   Uses
      At line 130 in file ..\Software\startup_CM3DS.s
Comment: MemManageHandler used once
NMIHandler 00000000

Symbol: NMIHandler
   Definitions
      At line 112 in file ..\Software\startup_CM3DS.s
   Uses
      At line 114 in file ..\Software\startup_CM3DS.s
Comment: NMIHandler used once
PendSVHandler 00000000

Symbol: PendSVHandler
   Definitions
      At line 168 in file ..\Software\startup_CM3DS.s
   Uses
      At line 170 in file ..\Software\startup_CM3DS.s
Comment: PendSVHandler used once
SVCHandler 00000000

Symbol: SVCHandler



ARM Macro Assembler    Page 2 Alphabetic symbol ordering
External symbols

   Definitions
      At line 152 in file ..\Software\startup_CM3DS.s
   Uses
      At line 154 in file ..\Software\startup_CM3DS.s
Comment: SVCHandler used once
SysTickHandler 00000000

Symbol: SysTickHandler
   Definitions
      At line 176 in file ..\Software\startup_CM3DS.s
   Uses
      At line 178 in file ..\Software\startup_CM3DS.s
Comment: SysTickHandler used once
SystemInit 00000000

Symbol: SystemInit
   Definitions
      At line 97 in file ..\Software\startup_CM3DS.s
   Uses
      At line 100 in file ..\Software\startup_CM3DS.s
Comment: SystemInit used once
UARTOVRHandler 00000000

Symbol: UARTOVRHandler
   Definitions
      At line 200 in file ..\Software\startup_CM3DS.s
   Uses
      At line 202 in file ..\Software\startup_CM3DS.s
Comment: UARTOVRHandler used once
UARTRXHandler 00000000

Symbol: UARTRXHandler
   Definitions
      At line 184 in file ..\Software\startup_CM3DS.s
   Uses
      At line 186 in file ..\Software\startup_CM3DS.s
Comment: UARTRXHandler used once
UARTTXHandler 00000000

Symbol: UARTTXHandler
   Definitions
      At line 192 in file ..\Software\startup_CM3DS.s
   Uses
      At line 194 in file ..\Software\startup_CM3DS.s
Comment: UARTTXHandler used once
UsageFaultHandler 00000000

Symbol: UsageFaultHandler
   Definitions
      At line 144 in file ..\Software\startup_CM3DS.s
   Uses
      At line 146 in file ..\Software\startup_CM3DS.s
Comment: UsageFaultHandler used once
__main 00000000

Symbol: __main
   Definitions
      At line 98 in file ..\Software\startup_CM3DS.s
   Uses



ARM Macro Assembler    Page 3 Alphabetic symbol ordering
External symbols

      At line 102 in file ..\Software\startup_CM3DS.s
Comment: __main used once
15 symbols
378 symbols in table
